[2024-04-05T06:28:01.931+0000] {processor.py:161} INFO - Started process (PID=62) to work on /opt/airflow/dags/day_3_dag.py
[2024-04-05T06:28:01.932+0000] {processor.py:830} INFO - Processing file /opt/airflow/dags/day_3_dag.py for tasks to queue
[2024-04-05T06:28:01.935+0000] {logging_mixin.py:188} INFO - [2024-04-05T06:28:01.934+0000] {dagbag.py:538} INFO - Filling up the DagBag from /opt/airflow/dags/day_3_dag.py
[2024-04-05T06:28:01.962+0000] {processor.py:840} INFO - DAG(s) 'day_3_dag' retrieved from /opt/airflow/dags/day_3_dag.py
[2024-04-05T06:28:02.003+0000] {logging_mixin.py:188} INFO - [2024-04-05T06:28:02.000+0000] {dag.py:3033} INFO - Sync 1 DAGs
[2024-04-05T06:28:02.039+0000] {logging_mixin.py:188} INFO - [2024-04-05T06:28:02.039+0000] {dag.py:3820} INFO - Setting next_dagrun for day_3_dag to 2024-04-03T18:00:00+00:00, run_after=2024-05-03T18:00:00+00:00
[2024-04-05T06:28:02.064+0000] {processor.py:183} INFO - Processing /opt/airflow/dags/day_3_dag.py took 0.140 seconds
[2024-04-05T06:28:32.694+0000] {processor.py:161} INFO - Started process (PID=96) to work on /opt/airflow/dags/day_3_dag.py
[2024-04-05T06:28:32.695+0000] {processor.py:830} INFO - Processing file /opt/airflow/dags/day_3_dag.py for tasks to queue
[2024-04-05T06:28:32.699+0000] {logging_mixin.py:188} INFO - [2024-04-05T06:28:32.698+0000] {dagbag.py:538} INFO - Filling up the DagBag from /opt/airflow/dags/day_3_dag.py
[2024-04-05T06:28:32.715+0000] {processor.py:840} INFO - DAG(s) 'day_3_dag' retrieved from /opt/airflow/dags/day_3_dag.py
[2024-04-05T06:28:32.745+0000] {logging_mixin.py:188} INFO - [2024-04-05T06:28:32.745+0000] {dag.py:3033} INFO - Sync 1 DAGs
[2024-04-05T06:28:32.806+0000] {logging_mixin.py:188} INFO - [2024-04-05T06:28:32.806+0000] {dag.py:3820} INFO - Setting next_dagrun for day_3_dag to 2024-04-03T18:00:00+00:00, run_after=2024-05-03T18:00:00+00:00
[2024-04-05T06:28:32.860+0000] {processor.py:183} INFO - Processing /opt/airflow/dags/day_3_dag.py took 0.169 seconds
[2024-04-05T06:29:03.344+0000] {processor.py:161} INFO - Started process (PID=137) to work on /opt/airflow/dags/day_3_dag.py
[2024-04-05T06:29:03.344+0000] {processor.py:830} INFO - Processing file /opt/airflow/dags/day_3_dag.py for tasks to queue
[2024-04-05T06:29:03.346+0000] {logging_mixin.py:188} INFO - [2024-04-05T06:29:03.345+0000] {dagbag.py:538} INFO - Filling up the DagBag from /opt/airflow/dags/day_3_dag.py
[2024-04-05T06:29:03.354+0000] {processor.py:840} INFO - DAG(s) 'day_3_dag' retrieved from /opt/airflow/dags/day_3_dag.py
[2024-04-05T06:29:03.378+0000] {logging_mixin.py:188} INFO - [2024-04-05T06:29:03.378+0000] {dag.py:3033} INFO - Sync 1 DAGs
[2024-04-05T06:29:03.399+0000] {logging_mixin.py:188} INFO - [2024-04-05T06:29:03.399+0000] {dag.py:3820} INFO - Setting next_dagrun for day_3_dag to 2024-04-03T18:00:00+00:00, run_after=2024-05-03T18:00:00+00:00
[2024-04-05T06:29:03.424+0000] {processor.py:183} INFO - Processing /opt/airflow/dags/day_3_dag.py took 0.082 seconds
