[2024-04-05T06:28:02.242+0000] {processor.py:161} INFO - Started process (PID=64) to work on /opt/airflow/dags/dog_api_pipeline.py
[2024-04-05T06:28:02.243+0000] {processor.py:830} INFO - Processing file /opt/airflow/dags/dog_api_pipeline.py for tasks to queue
[2024-04-05T06:28:02.245+0000] {logging_mixin.py:188} INFO - [2024-04-05T06:28:02.245+0000] {dagbag.py:538} INFO - Filling up the DagBag from /opt/airflow/dags/dog_api_pipeline.py
[2024-04-05T06:28:02.258+0000] {processor.py:840} INFO - DAG(s) 'dog_api_pipeline' retrieved from /opt/airflow/dags/dog_api_pipeline.py
[2024-04-05T06:28:02.297+0000] {logging_mixin.py:188} INFO - [2024-04-05T06:28:02.297+0000] {dag.py:3033} INFO - Sync 1 DAGs
[2024-04-05T06:28:02.313+0000] {logging_mixin.py:188} INFO - [2024-04-05T06:28:02.313+0000] {dag.py:3820} INFO - Setting next_dagrun for dog_api_pipeline to None, run_after=None
[2024-04-05T06:28:02.345+0000] {processor.py:183} INFO - Processing /opt/airflow/dags/dog_api_pipeline.py took 0.107 seconds
[2024-04-05T06:28:33.090+0000] {processor.py:161} INFO - Started process (PID=98) to work on /opt/airflow/dags/dog_api_pipeline.py
[2024-04-05T06:28:33.091+0000] {processor.py:830} INFO - Processing file /opt/airflow/dags/dog_api_pipeline.py for tasks to queue
[2024-04-05T06:28:33.093+0000] {logging_mixin.py:188} INFO - [2024-04-05T06:28:33.093+0000] {dagbag.py:538} INFO - Filling up the DagBag from /opt/airflow/dags/dog_api_pipeline.py
[2024-04-05T06:28:33.103+0000] {processor.py:840} INFO - DAG(s) 'dog_api_pipeline' retrieved from /opt/airflow/dags/dog_api_pipeline.py
[2024-04-05T06:28:33.134+0000] {logging_mixin.py:188} INFO - [2024-04-05T06:28:33.134+0000] {dag.py:3033} INFO - Sync 1 DAGs
[2024-04-05T06:28:33.149+0000] {logging_mixin.py:188} INFO - [2024-04-05T06:28:33.149+0000] {dag.py:3820} INFO - Setting next_dagrun for dog_api_pipeline to None, run_after=None
[2024-04-05T06:28:33.173+0000] {processor.py:183} INFO - Processing /opt/airflow/dags/dog_api_pipeline.py took 0.087 seconds
[2024-04-05T06:29:03.533+0000] {processor.py:161} INFO - Started process (PID=139) to work on /opt/airflow/dags/dog_api_pipeline.py
[2024-04-05T06:29:03.534+0000] {processor.py:830} INFO - Processing file /opt/airflow/dags/dog_api_pipeline.py for tasks to queue
[2024-04-05T06:29:03.535+0000] {logging_mixin.py:188} INFO - [2024-04-05T06:29:03.535+0000] {dagbag.py:538} INFO - Filling up the DagBag from /opt/airflow/dags/dog_api_pipeline.py
[2024-04-05T06:29:03.542+0000] {processor.py:840} INFO - DAG(s) 'dog_api_pipeline' retrieved from /opt/airflow/dags/dog_api_pipeline.py
[2024-04-05T06:29:03.563+0000] {logging_mixin.py:188} INFO - [2024-04-05T06:29:03.562+0000] {dag.py:3033} INFO - Sync 1 DAGs
[2024-04-05T06:29:03.573+0000] {logging_mixin.py:188} INFO - [2024-04-05T06:29:03.573+0000] {dag.py:3820} INFO - Setting next_dagrun for dog_api_pipeline to None, run_after=None
[2024-04-05T06:29:03.591+0000] {processor.py:183} INFO - Processing /opt/airflow/dags/dog_api_pipeline.py took 0.061 seconds
