[2024-04-05T06:28:02.099+0000] {processor.py:161} INFO - Started process (PID=63) to work on /opt/airflow/dags/everyday_dag.py
[2024-04-05T06:28:02.100+0000] {processor.py:830} INFO - Processing file /opt/airflow/dags/everyday_dag.py for tasks to queue
[2024-04-05T06:28:02.102+0000] {logging_mixin.py:188} INFO - [2024-04-05T06:28:02.101+0000] {dagbag.py:538} INFO - Filling up the DagBag from /opt/airflow/dags/everyday_dag.py
[2024-04-05T06:28:02.120+0000] {processor.py:840} INFO - DAG(s) 'everyday_dag' retrieved from /opt/airflow/dags/everyday_dag.py
[2024-04-05T06:28:02.151+0000] {logging_mixin.py:188} INFO - [2024-04-05T06:28:02.151+0000] {dag.py:3033} INFO - Sync 1 DAGs
[2024-04-05T06:28:02.179+0000] {logging_mixin.py:188} INFO - [2024-04-05T06:28:02.178+0000] {dag.py:3820} INFO - Setting next_dagrun for everyday_dag to 2024-03-27T00:00:00+00:00, run_after=2024-03-28T00:00:00+00:00
[2024-04-05T06:28:02.205+0000] {processor.py:183} INFO - Processing /opt/airflow/dags/everyday_dag.py took 0.111 seconds
[2024-04-05T06:28:32.913+0000] {processor.py:161} INFO - Started process (PID=97) to work on /opt/airflow/dags/everyday_dag.py
[2024-04-05T06:28:32.913+0000] {processor.py:830} INFO - Processing file /opt/airflow/dags/everyday_dag.py for tasks to queue
[2024-04-05T06:28:32.915+0000] {logging_mixin.py:188} INFO - [2024-04-05T06:28:32.915+0000] {dagbag.py:538} INFO - Filling up the DagBag from /opt/airflow/dags/everyday_dag.py
[2024-04-05T06:28:32.928+0000] {processor.py:840} INFO - DAG(s) 'everyday_dag' retrieved from /opt/airflow/dags/everyday_dag.py
[2024-04-05T06:28:32.965+0000] {logging_mixin.py:188} INFO - [2024-04-05T06:28:32.965+0000] {dag.py:3033} INFO - Sync 1 DAGs
[2024-04-05T06:28:32.996+0000] {logging_mixin.py:188} INFO - [2024-04-05T06:28:32.996+0000] {dag.py:3820} INFO - Setting next_dagrun for everyday_dag to 2024-04-05T00:00:00+00:00, run_after=2024-04-06T00:00:00+00:00
[2024-04-05T06:28:33.056+0000] {processor.py:183} INFO - Processing /opt/airflow/dags/everyday_dag.py took 0.148 seconds
[2024-04-05T06:29:03.439+0000] {processor.py:161} INFO - Started process (PID=138) to work on /opt/airflow/dags/everyday_dag.py
[2024-04-05T06:29:03.440+0000] {processor.py:830} INFO - Processing file /opt/airflow/dags/everyday_dag.py for tasks to queue
[2024-04-05T06:29:03.442+0000] {logging_mixin.py:188} INFO - [2024-04-05T06:29:03.441+0000] {dagbag.py:538} INFO - Filling up the DagBag from /opt/airflow/dags/everyday_dag.py
[2024-04-05T06:29:03.452+0000] {processor.py:840} INFO - DAG(s) 'everyday_dag' retrieved from /opt/airflow/dags/everyday_dag.py
[2024-04-05T06:29:03.476+0000] {logging_mixin.py:188} INFO - [2024-04-05T06:29:03.476+0000] {dag.py:3033} INFO - Sync 1 DAGs
[2024-04-05T06:29:03.494+0000] {logging_mixin.py:188} INFO - [2024-04-05T06:29:03.494+0000] {dag.py:3820} INFO - Setting next_dagrun for everyday_dag to 2024-04-05T00:00:00+00:00, run_after=2024-04-06T00:00:00+00:00
[2024-04-05T06:29:03.515+0000] {processor.py:183} INFO - Processing /opt/airflow/dags/everyday_dag.py took 0.078 seconds
