[2024-03-18T02:58:38.644+0000] {processor.py:161} INFO - Started process (PID=60) to work on /opt/airflow/dags/day_3_dag.py
[2024-03-18T02:58:38.645+0000] {processor.py:830} INFO - Processing file /opt/airflow/dags/day_3_dag.py for tasks to queue
[2024-03-18T02:58:38.647+0000] {logging_mixin.py:188} INFO - [2024-03-18T02:58:38.647+0000] {dagbag.py:538} INFO - Filling up the DagBag from /opt/airflow/dags/day_3_dag.py
[2024-03-18T02:58:38.663+0000] {processor.py:840} INFO - DAG(s) 'day_3_dag' retrieved from /opt/airflow/dags/day_3_dag.py
[2024-03-18T02:58:38.695+0000] {logging_mixin.py:188} INFO - [2024-03-18T02:58:38.694+0000] {dag.py:3033} INFO - Sync 1 DAGs
[2024-03-18T02:58:38.720+0000] {logging_mixin.py:188} INFO - [2024-03-18T02:58:38.720+0000] {dag.py:3820} INFO - Setting next_dagrun for day_3_dag to 2024-03-03T18:00:00+00:00, run_after=2024-04-03T18:00:00+00:00
[2024-03-18T02:58:38.745+0000] {processor.py:183} INFO - Processing /opt/airflow/dags/day_3_dag.py took 0.105 seconds
[2024-03-18T02:59:09.014+0000] {processor.py:161} INFO - Started process (PID=95) to work on /opt/airflow/dags/day_3_dag.py
[2024-03-18T02:59:09.015+0000] {processor.py:830} INFO - Processing file /opt/airflow/dags/day_3_dag.py for tasks to queue
[2024-03-18T02:59:09.017+0000] {logging_mixin.py:188} INFO - [2024-03-18T02:59:09.016+0000] {dagbag.py:538} INFO - Filling up the DagBag from /opt/airflow/dags/day_3_dag.py
[2024-03-18T02:59:09.027+0000] {processor.py:840} INFO - DAG(s) 'day_3_dag' retrieved from /opt/airflow/dags/day_3_dag.py
[2024-03-18T02:59:09.048+0000] {logging_mixin.py:188} INFO - [2024-03-18T02:59:09.048+0000] {dag.py:3033} INFO - Sync 1 DAGs
[2024-03-18T02:59:09.067+0000] {logging_mixin.py:188} INFO - [2024-03-18T02:59:09.067+0000] {dag.py:3820} INFO - Setting next_dagrun for day_3_dag to 2024-03-03T18:00:00+00:00, run_after=2024-04-03T18:00:00+00:00
[2024-03-18T02:59:09.085+0000] {processor.py:183} INFO - Processing /opt/airflow/dags/day_3_dag.py took 0.073 seconds
[2024-03-18T02:59:39.403+0000] {processor.py:161} INFO - Started process (PID=136) to work on /opt/airflow/dags/day_3_dag.py
[2024-03-18T02:59:39.404+0000] {processor.py:830} INFO - Processing file /opt/airflow/dags/day_3_dag.py for tasks to queue
[2024-03-18T02:59:39.405+0000] {logging_mixin.py:188} INFO - [2024-03-18T02:59:39.405+0000] {dagbag.py:538} INFO - Filling up the DagBag from /opt/airflow/dags/day_3_dag.py
[2024-03-18T02:59:39.413+0000] {processor.py:840} INFO - DAG(s) 'day_3_dag' retrieved from /opt/airflow/dags/day_3_dag.py
[2024-03-18T02:59:39.432+0000] {logging_mixin.py:188} INFO - [2024-03-18T02:59:39.432+0000] {dag.py:3033} INFO - Sync 1 DAGs
[2024-03-18T02:59:39.450+0000] {logging_mixin.py:188} INFO - [2024-03-18T02:59:39.450+0000] {dag.py:3820} INFO - Setting next_dagrun for day_3_dag to 2024-03-03T18:00:00+00:00, run_after=2024-04-03T18:00:00+00:00
[2024-03-18T02:59:39.471+0000] {processor.py:183} INFO - Processing /opt/airflow/dags/day_3_dag.py took 0.071 seconds
[2024-03-18T03:00:10.278+0000] {processor.py:161} INFO - Started process (PID=170) to work on /opt/airflow/dags/day_3_dag.py
[2024-03-18T03:00:10.282+0000] {processor.py:830} INFO - Processing file /opt/airflow/dags/day_3_dag.py for tasks to queue
[2024-03-18T03:00:10.285+0000] {logging_mixin.py:188} INFO - [2024-03-18T03:00:10.285+0000] {dagbag.py:538} INFO - Filling up the DagBag from /opt/airflow/dags/day_3_dag.py
[2024-03-18T03:00:10.300+0000] {processor.py:840} INFO - DAG(s) 'day_3_dag' retrieved from /opt/airflow/dags/day_3_dag.py
[2024-03-18T03:00:10.338+0000] {logging_mixin.py:188} INFO - [2024-03-18T03:00:10.338+0000] {dag.py:3033} INFO - Sync 1 DAGs
[2024-03-18T03:00:10.372+0000] {logging_mixin.py:188} INFO - [2024-03-18T03:00:10.372+0000] {dag.py:3820} INFO - Setting next_dagrun for day_3_dag to 2024-03-03T18:00:00+00:00, run_after=2024-04-03T18:00:00+00:00
[2024-03-18T03:00:10.411+0000] {processor.py:183} INFO - Processing /opt/airflow/dags/day_3_dag.py took 0.137 seconds
[2024-03-18T03:00:40.816+0000] {processor.py:161} INFO - Started process (PID=206) to work on /opt/airflow/dags/day_3_dag.py
[2024-03-18T03:00:40.817+0000] {processor.py:830} INFO - Processing file /opt/airflow/dags/day_3_dag.py for tasks to queue
[2024-03-18T03:00:40.819+0000] {logging_mixin.py:188} INFO - [2024-03-18T03:00:40.819+0000] {dagbag.py:538} INFO - Filling up the DagBag from /opt/airflow/dags/day_3_dag.py
[2024-03-18T03:00:40.832+0000] {processor.py:840} INFO - DAG(s) 'day_3_dag' retrieved from /opt/airflow/dags/day_3_dag.py
[2024-03-18T03:00:40.861+0000] {logging_mixin.py:188} INFO - [2024-03-18T03:00:40.861+0000] {dag.py:3033} INFO - Sync 1 DAGs
[2024-03-18T03:00:40.886+0000] {logging_mixin.py:188} INFO - [2024-03-18T03:00:40.886+0000] {dag.py:3820} INFO - Setting next_dagrun for day_3_dag to 2024-03-03T18:00:00+00:00, run_after=2024-04-03T18:00:00+00:00
[2024-03-18T03:00:40.909+0000] {processor.py:183} INFO - Processing /opt/airflow/dags/day_3_dag.py took 0.097 seconds
[2024-03-18T03:01:10.985+0000] {processor.py:161} INFO - Started process (PID=237) to work on /opt/airflow/dags/day_3_dag.py
[2024-03-18T03:01:10.986+0000] {processor.py:830} INFO - Processing file /opt/airflow/dags/day_3_dag.py for tasks to queue
[2024-03-18T03:01:10.987+0000] {logging_mixin.py:188} INFO - [2024-03-18T03:01:10.987+0000] {dagbag.py:538} INFO - Filling up the DagBag from /opt/airflow/dags/day_3_dag.py
[2024-03-18T03:01:10.998+0000] {processor.py:840} INFO - DAG(s) 'day_3_dag' retrieved from /opt/airflow/dags/day_3_dag.py
[2024-03-18T03:01:11.017+0000] {logging_mixin.py:188} INFO - [2024-03-18T03:01:11.017+0000] {dag.py:3033} INFO - Sync 1 DAGs
[2024-03-18T03:01:11.035+0000] {logging_mixin.py:188} INFO - [2024-03-18T03:01:11.035+0000] {dag.py:3820} INFO - Setting next_dagrun for day_3_dag to 2024-03-03T18:00:00+00:00, run_after=2024-04-03T18:00:00+00:00
[2024-03-18T03:01:11.057+0000] {processor.py:183} INFO - Processing /opt/airflow/dags/day_3_dag.py took 0.075 seconds
[2024-03-18T03:01:41.321+0000] {processor.py:161} INFO - Started process (PID=279) to work on /opt/airflow/dags/day_3_dag.py
[2024-03-18T03:01:41.322+0000] {processor.py:830} INFO - Processing file /opt/airflow/dags/day_3_dag.py for tasks to queue
[2024-03-18T03:01:41.323+0000] {logging_mixin.py:188} INFO - [2024-03-18T03:01:41.323+0000] {dagbag.py:538} INFO - Filling up the DagBag from /opt/airflow/dags/day_3_dag.py
[2024-03-18T03:01:41.331+0000] {processor.py:840} INFO - DAG(s) 'day_3_dag' retrieved from /opt/airflow/dags/day_3_dag.py
[2024-03-18T03:01:41.356+0000] {logging_mixin.py:188} INFO - [2024-03-18T03:01:41.356+0000] {dag.py:3033} INFO - Sync 1 DAGs
[2024-03-18T03:01:41.383+0000] {logging_mixin.py:188} INFO - [2024-03-18T03:01:41.383+0000] {dag.py:3820} INFO - Setting next_dagrun for day_3_dag to 2024-03-03T18:00:00+00:00, run_after=2024-04-03T18:00:00+00:00
[2024-03-18T03:01:41.408+0000] {processor.py:183} INFO - Processing /opt/airflow/dags/day_3_dag.py took 0.090 seconds
[2024-03-18T03:02:12.363+0000] {processor.py:161} INFO - Started process (PID=313) to work on /opt/airflow/dags/day_3_dag.py
[2024-03-18T03:02:12.364+0000] {processor.py:830} INFO - Processing file /opt/airflow/dags/day_3_dag.py for tasks to queue
[2024-03-18T03:02:12.366+0000] {logging_mixin.py:188} INFO - [2024-03-18T03:02:12.366+0000] {dagbag.py:538} INFO - Filling up the DagBag from /opt/airflow/dags/day_3_dag.py
[2024-03-18T03:02:12.376+0000] {processor.py:840} INFO - DAG(s) 'day_3_dag' retrieved from /opt/airflow/dags/day_3_dag.py
[2024-03-18T03:02:12.397+0000] {logging_mixin.py:188} INFO - [2024-03-18T03:02:12.397+0000] {dag.py:3033} INFO - Sync 1 DAGs
[2024-03-18T03:02:12.416+0000] {logging_mixin.py:188} INFO - [2024-03-18T03:02:12.416+0000] {dag.py:3820} INFO - Setting next_dagrun for day_3_dag to 2024-03-03T18:00:00+00:00, run_after=2024-04-03T18:00:00+00:00
[2024-03-18T03:02:12.437+0000] {processor.py:183} INFO - Processing /opt/airflow/dags/day_3_dag.py took 0.076 seconds
[2024-03-18T03:02:42.793+0000] {processor.py:161} INFO - Started process (PID=341) to work on /opt/airflow/dags/day_3_dag.py
[2024-03-18T03:02:42.794+0000] {processor.py:830} INFO - Processing file /opt/airflow/dags/day_3_dag.py for tasks to queue
[2024-03-18T03:02:42.795+0000] {logging_mixin.py:188} INFO - [2024-03-18T03:02:42.795+0000] {dagbag.py:538} INFO - Filling up the DagBag from /opt/airflow/dags/day_3_dag.py
[2024-03-18T03:02:42.804+0000] {processor.py:840} INFO - DAG(s) 'day_3_dag' retrieved from /opt/airflow/dags/day_3_dag.py
[2024-03-18T03:02:42.829+0000] {logging_mixin.py:188} INFO - [2024-03-18T03:02:42.829+0000] {dag.py:3033} INFO - Sync 1 DAGs
[2024-03-18T03:02:42.854+0000] {logging_mixin.py:188} INFO - [2024-03-18T03:02:42.854+0000] {dag.py:3820} INFO - Setting next_dagrun for day_3_dag to 2024-03-03T18:00:00+00:00, run_after=2024-04-03T18:00:00+00:00
[2024-03-18T03:02:42.877+0000] {processor.py:183} INFO - Processing /opt/airflow/dags/day_3_dag.py took 0.087 seconds
[2024-03-18T03:03:13.099+0000] {processor.py:161} INFO - Started process (PID=380) to work on /opt/airflow/dags/day_3_dag.py
[2024-03-18T03:03:13.100+0000] {processor.py:830} INFO - Processing file /opt/airflow/dags/day_3_dag.py for tasks to queue
[2024-03-18T03:03:13.101+0000] {logging_mixin.py:188} INFO - [2024-03-18T03:03:13.101+0000] {dagbag.py:538} INFO - Filling up the DagBag from /opt/airflow/dags/day_3_dag.py
[2024-03-18T03:03:13.110+0000] {processor.py:840} INFO - DAG(s) 'day_3_dag' retrieved from /opt/airflow/dags/day_3_dag.py
[2024-03-18T03:03:13.129+0000] {logging_mixin.py:188} INFO - [2024-03-18T03:03:13.129+0000] {dag.py:3033} INFO - Sync 1 DAGs
[2024-03-18T03:03:13.147+0000] {logging_mixin.py:188} INFO - [2024-03-18T03:03:13.146+0000] {dag.py:3820} INFO - Setting next_dagrun for day_3_dag to 2024-03-03T18:00:00+00:00, run_after=2024-04-03T18:00:00+00:00
[2024-03-18T03:03:13.169+0000] {processor.py:183} INFO - Processing /opt/airflow/dags/day_3_dag.py took 0.072 seconds
[2024-03-18T03:03:44.049+0000] {processor.py:161} INFO - Started process (PID=414) to work on /opt/airflow/dags/day_3_dag.py
[2024-03-18T03:03:44.050+0000] {processor.py:830} INFO - Processing file /opt/airflow/dags/day_3_dag.py for tasks to queue
[2024-03-18T03:03:44.051+0000] {logging_mixin.py:188} INFO - [2024-03-18T03:03:44.051+0000] {dagbag.py:538} INFO - Filling up the DagBag from /opt/airflow/dags/day_3_dag.py
[2024-03-18T03:03:44.060+0000] {processor.py:840} INFO - DAG(s) 'day_3_dag' retrieved from /opt/airflow/dags/day_3_dag.py
[2024-03-18T03:03:44.084+0000] {logging_mixin.py:188} INFO - [2024-03-18T03:03:44.084+0000] {dag.py:3033} INFO - Sync 1 DAGs
[2024-03-18T03:03:44.107+0000] {logging_mixin.py:188} INFO - [2024-03-18T03:03:44.107+0000] {dag.py:3820} INFO - Setting next_dagrun for day_3_dag to 2024-03-03T18:00:00+00:00, run_after=2024-04-03T18:00:00+00:00
[2024-03-18T03:03:44.131+0000] {processor.py:183} INFO - Processing /opt/airflow/dags/day_3_dag.py took 0.084 seconds
[2024-03-18T03:04:14.389+0000] {processor.py:161} INFO - Started process (PID=456) to work on /opt/airflow/dags/day_3_dag.py
[2024-03-18T03:04:14.389+0000] {processor.py:830} INFO - Processing file /opt/airflow/dags/day_3_dag.py for tasks to queue
[2024-03-18T03:04:14.391+0000] {logging_mixin.py:188} INFO - [2024-03-18T03:04:14.391+0000] {dagbag.py:538} INFO - Filling up the DagBag from /opt/airflow/dags/day_3_dag.py
[2024-03-18T03:04:14.399+0000] {processor.py:840} INFO - DAG(s) 'day_3_dag' retrieved from /opt/airflow/dags/day_3_dag.py
[2024-03-18T03:04:14.419+0000] {logging_mixin.py:188} INFO - [2024-03-18T03:04:14.419+0000] {dag.py:3033} INFO - Sync 1 DAGs
[2024-03-18T03:04:14.436+0000] {logging_mixin.py:188} INFO - [2024-03-18T03:04:14.436+0000] {dag.py:3820} INFO - Setting next_dagrun for day_3_dag to 2024-03-03T18:00:00+00:00, run_after=2024-04-03T18:00:00+00:00
[2024-03-18T03:04:14.457+0000] {processor.py:183} INFO - Processing /opt/airflow/dags/day_3_dag.py took 0.071 seconds
[2024-03-18T03:04:44.826+0000] {processor.py:161} INFO - Started process (PID=484) to work on /opt/airflow/dags/day_3_dag.py
[2024-03-18T03:04:44.827+0000] {processor.py:830} INFO - Processing file /opt/airflow/dags/day_3_dag.py for tasks to queue
[2024-03-18T03:04:44.829+0000] {logging_mixin.py:188} INFO - [2024-03-18T03:04:44.829+0000] {dagbag.py:538} INFO - Filling up the DagBag from /opt/airflow/dags/day_3_dag.py
[2024-03-18T03:04:44.837+0000] {processor.py:840} INFO - DAG(s) 'day_3_dag' retrieved from /opt/airflow/dags/day_3_dag.py
[2024-03-18T03:04:44.861+0000] {logging_mixin.py:188} INFO - [2024-03-18T03:04:44.861+0000] {dag.py:3033} INFO - Sync 1 DAGs
[2024-03-18T03:04:44.880+0000] {logging_mixin.py:188} INFO - [2024-03-18T03:04:44.880+0000] {dag.py:3820} INFO - Setting next_dagrun for day_3_dag to 2024-03-03T18:00:00+00:00, run_after=2024-04-03T18:00:00+00:00
[2024-03-18T03:04:44.899+0000] {processor.py:183} INFO - Processing /opt/airflow/dags/day_3_dag.py took 0.075 seconds
[2024-03-18T03:05:15.215+0000] {processor.py:161} INFO - Started process (PID=520) to work on /opt/airflow/dags/day_3_dag.py
[2024-03-18T03:05:15.216+0000] {processor.py:830} INFO - Processing file /opt/airflow/dags/day_3_dag.py for tasks to queue
[2024-03-18T03:05:15.218+0000] {logging_mixin.py:188} INFO - [2024-03-18T03:05:15.217+0000] {dagbag.py:538} INFO - Filling up the DagBag from /opt/airflow/dags/day_3_dag.py
[2024-03-18T03:05:15.230+0000] {processor.py:840} INFO - DAG(s) 'day_3_dag' retrieved from /opt/airflow/dags/day_3_dag.py
[2024-03-18T03:05:15.259+0000] {logging_mixin.py:188} INFO - [2024-03-18T03:05:15.259+0000] {dag.py:3033} INFO - Sync 1 DAGs
[2024-03-18T03:05:15.287+0000] {logging_mixin.py:188} INFO - [2024-03-18T03:05:15.287+0000] {dag.py:3820} INFO - Setting next_dagrun for day_3_dag to 2024-03-03T18:00:00+00:00, run_after=2024-04-03T18:00:00+00:00
[2024-03-18T03:05:15.309+0000] {processor.py:183} INFO - Processing /opt/airflow/dags/day_3_dag.py took 0.098 seconds
[2024-03-18T03:05:45.599+0000] {processor.py:161} INFO - Started process (PID=552) to work on /opt/airflow/dags/day_3_dag.py
[2024-03-18T03:05:45.599+0000] {processor.py:830} INFO - Processing file /opt/airflow/dags/day_3_dag.py for tasks to queue
[2024-03-18T03:05:45.601+0000] {logging_mixin.py:188} INFO - [2024-03-18T03:05:45.601+0000] {dagbag.py:538} INFO - Filling up the DagBag from /opt/airflow/dags/day_3_dag.py
[2024-03-18T03:05:45.609+0000] {processor.py:840} INFO - DAG(s) 'day_3_dag' retrieved from /opt/airflow/dags/day_3_dag.py
[2024-03-18T03:05:45.630+0000] {logging_mixin.py:188} INFO - [2024-03-18T03:05:45.630+0000] {dag.py:3033} INFO - Sync 1 DAGs
[2024-03-18T03:05:45.649+0000] {logging_mixin.py:188} INFO - [2024-03-18T03:05:45.649+0000] {dag.py:3820} INFO - Setting next_dagrun for day_3_dag to 2024-03-03T18:00:00+00:00, run_after=2024-04-03T18:00:00+00:00
[2024-03-18T03:05:45.671+0000] {processor.py:183} INFO - Processing /opt/airflow/dags/day_3_dag.py took 0.075 seconds
[2024-03-18T03:06:15.913+0000] {processor.py:161} INFO - Started process (PID=586) to work on /opt/airflow/dags/day_3_dag.py
[2024-03-18T03:06:15.914+0000] {processor.py:830} INFO - Processing file /opt/airflow/dags/day_3_dag.py for tasks to queue
[2024-03-18T03:06:15.916+0000] {logging_mixin.py:188} INFO - [2024-03-18T03:06:15.915+0000] {dagbag.py:538} INFO - Filling up the DagBag from /opt/airflow/dags/day_3_dag.py
[2024-03-18T03:06:15.924+0000] {processor.py:840} INFO - DAG(s) 'day_3_dag' retrieved from /opt/airflow/dags/day_3_dag.py
[2024-03-18T03:06:15.949+0000] {logging_mixin.py:188} INFO - [2024-03-18T03:06:15.949+0000] {dag.py:3033} INFO - Sync 1 DAGs
[2024-03-18T03:06:15.972+0000] {logging_mixin.py:188} INFO - [2024-03-18T03:06:15.972+0000] {dag.py:3820} INFO - Setting next_dagrun for day_3_dag to 2024-03-03T18:00:00+00:00, run_after=2024-04-03T18:00:00+00:00
[2024-03-18T03:06:15.996+0000] {processor.py:183} INFO - Processing /opt/airflow/dags/day_3_dag.py took 0.086 seconds
[2024-03-18T03:06:46.378+0000] {processor.py:161} INFO - Started process (PID=622) to work on /opt/airflow/dags/day_3_dag.py
[2024-03-18T03:06:46.379+0000] {processor.py:830} INFO - Processing file /opt/airflow/dags/day_3_dag.py for tasks to queue
[2024-03-18T03:06:46.381+0000] {logging_mixin.py:188} INFO - [2024-03-18T03:06:46.381+0000] {dagbag.py:538} INFO - Filling up the DagBag from /opt/airflow/dags/day_3_dag.py
[2024-03-18T03:06:46.397+0000] {processor.py:840} INFO - DAG(s) 'day_3_dag' retrieved from /opt/airflow/dags/day_3_dag.py
[2024-03-18T03:06:46.426+0000] {logging_mixin.py:188} INFO - [2024-03-18T03:06:46.426+0000] {dag.py:3033} INFO - Sync 1 DAGs
[2024-03-18T03:06:46.449+0000] {logging_mixin.py:188} INFO - [2024-03-18T03:06:46.448+0000] {dag.py:3820} INFO - Setting next_dagrun for day_3_dag to 2024-03-03T18:00:00+00:00, run_after=2024-04-03T18:00:00+00:00
[2024-03-18T03:06:46.471+0000] {processor.py:183} INFO - Processing /opt/airflow/dags/day_3_dag.py took 0.097 seconds
[2024-03-18T03:07:16.559+0000] {processor.py:161} INFO - Started process (PID=654) to work on /opt/airflow/dags/day_3_dag.py
[2024-03-18T03:07:16.559+0000] {processor.py:830} INFO - Processing file /opt/airflow/dags/day_3_dag.py for tasks to queue
[2024-03-18T03:07:16.561+0000] {logging_mixin.py:188} INFO - [2024-03-18T03:07:16.561+0000] {dagbag.py:538} INFO - Filling up the DagBag from /opt/airflow/dags/day_3_dag.py
[2024-03-18T03:07:16.570+0000] {processor.py:840} INFO - DAG(s) 'day_3_dag' retrieved from /opt/airflow/dags/day_3_dag.py
[2024-03-18T03:07:16.591+0000] {logging_mixin.py:188} INFO - [2024-03-18T03:07:16.590+0000] {dag.py:3033} INFO - Sync 1 DAGs
[2024-03-18T03:07:16.608+0000] {logging_mixin.py:188} INFO - [2024-03-18T03:07:16.608+0000] {dag.py:3820} INFO - Setting next_dagrun for day_3_dag to 2024-03-03T18:00:00+00:00, run_after=2024-04-03T18:00:00+00:00
[2024-03-18T03:07:16.626+0000] {processor.py:183} INFO - Processing /opt/airflow/dags/day_3_dag.py took 0.070 seconds
[2024-03-18T03:07:46.806+0000] {processor.py:161} INFO - Started process (PID=696) to work on /opt/airflow/dags/day_3_dag.py
[2024-03-18T03:07:46.807+0000] {processor.py:830} INFO - Processing file /opt/airflow/dags/day_3_dag.py for tasks to queue
[2024-03-18T03:07:46.810+0000] {logging_mixin.py:188} INFO - [2024-03-18T03:07:46.810+0000] {dagbag.py:538} INFO - Filling up the DagBag from /opt/airflow/dags/day_3_dag.py
[2024-03-18T03:07:46.822+0000] {processor.py:840} INFO - DAG(s) 'day_3_dag' retrieved from /opt/airflow/dags/day_3_dag.py
[2024-03-18T03:07:46.851+0000] {logging_mixin.py:188} INFO - [2024-03-18T03:07:46.851+0000] {dag.py:3033} INFO - Sync 1 DAGs
[2024-03-18T03:07:46.876+0000] {logging_mixin.py:188} INFO - [2024-03-18T03:07:46.876+0000] {dag.py:3820} INFO - Setting next_dagrun for day_3_dag to 2024-03-03T18:00:00+00:00, run_after=2024-04-03T18:00:00+00:00
[2024-03-18T03:07:46.896+0000] {processor.py:183} INFO - Processing /opt/airflow/dags/day_3_dag.py took 0.094 seconds
[2024-03-18T03:08:17.218+0000] {processor.py:161} INFO - Started process (PID=730) to work on /opt/airflow/dags/day_3_dag.py
[2024-03-18T03:08:17.219+0000] {processor.py:830} INFO - Processing file /opt/airflow/dags/day_3_dag.py for tasks to queue
[2024-03-18T03:08:17.221+0000] {logging_mixin.py:188} INFO - [2024-03-18T03:08:17.220+0000] {dagbag.py:538} INFO - Filling up the DagBag from /opt/airflow/dags/day_3_dag.py
[2024-03-18T03:08:17.229+0000] {processor.py:840} INFO - DAG(s) 'day_3_dag' retrieved from /opt/airflow/dags/day_3_dag.py
[2024-03-18T03:08:17.249+0000] {logging_mixin.py:188} INFO - [2024-03-18T03:08:17.249+0000] {dag.py:3033} INFO - Sync 1 DAGs
[2024-03-18T03:08:17.267+0000] {logging_mixin.py:188} INFO - [2024-03-18T03:08:17.266+0000] {dag.py:3820} INFO - Setting next_dagrun for day_3_dag to 2024-03-03T18:00:00+00:00, run_after=2024-04-03T18:00:00+00:00
[2024-03-18T03:08:17.285+0000] {processor.py:183} INFO - Processing /opt/airflow/dags/day_3_dag.py took 0.070 seconds
[2024-03-18T03:08:47.574+0000] {processor.py:161} INFO - Started process (PID=763) to work on /opt/airflow/dags/day_3_dag.py
[2024-03-18T03:08:47.575+0000] {processor.py:830} INFO - Processing file /opt/airflow/dags/day_3_dag.py for tasks to queue
[2024-03-18T03:08:47.577+0000] {logging_mixin.py:188} INFO - [2024-03-18T03:08:47.577+0000] {dagbag.py:538} INFO - Filling up the DagBag from /opt/airflow/dags/day_3_dag.py
[2024-03-18T03:08:47.589+0000] {processor.py:840} INFO - DAG(s) 'day_3_dag' retrieved from /opt/airflow/dags/day_3_dag.py
[2024-03-18T03:08:47.621+0000] {logging_mixin.py:188} INFO - [2024-03-18T03:08:47.621+0000] {dag.py:3033} INFO - Sync 1 DAGs
[2024-03-18T03:08:47.649+0000] {logging_mixin.py:188} INFO - [2024-03-18T03:08:47.649+0000] {dag.py:3820} INFO - Setting next_dagrun for day_3_dag to 2024-03-03T18:00:00+00:00, run_after=2024-04-03T18:00:00+00:00
[2024-03-18T03:08:47.671+0000] {processor.py:183} INFO - Processing /opt/airflow/dags/day_3_dag.py took 0.101 seconds
[2024-03-18T03:09:18.083+0000] {processor.py:161} INFO - Started process (PID=797) to work on /opt/airflow/dags/day_3_dag.py
[2024-03-18T03:09:18.084+0000] {processor.py:830} INFO - Processing file /opt/airflow/dags/day_3_dag.py for tasks to queue
[2024-03-18T03:09:18.085+0000] {logging_mixin.py:188} INFO - [2024-03-18T03:09:18.085+0000] {dagbag.py:538} INFO - Filling up the DagBag from /opt/airflow/dags/day_3_dag.py
[2024-03-18T03:09:18.095+0000] {processor.py:840} INFO - DAG(s) 'day_3_dag' retrieved from /opt/airflow/dags/day_3_dag.py
[2024-03-18T03:09:18.122+0000] {logging_mixin.py:188} INFO - [2024-03-18T03:09:18.122+0000] {dag.py:3033} INFO - Sync 1 DAGs
[2024-03-18T03:09:18.147+0000] {logging_mixin.py:188} INFO - [2024-03-18T03:09:18.147+0000] {dag.py:3820} INFO - Setting next_dagrun for day_3_dag to 2024-03-03T18:00:00+00:00, run_after=2024-04-03T18:00:00+00:00
[2024-03-18T03:09:18.168+0000] {processor.py:183} INFO - Processing /opt/airflow/dags/day_3_dag.py took 0.087 seconds
[2024-03-18T03:09:48.416+0000] {processor.py:161} INFO - Started process (PID=831) to work on /opt/airflow/dags/day_3_dag.py
[2024-03-18T03:09:48.417+0000] {processor.py:830} INFO - Processing file /opt/airflow/dags/day_3_dag.py for tasks to queue
[2024-03-18T03:09:48.419+0000] {logging_mixin.py:188} INFO - [2024-03-18T03:09:48.419+0000] {dagbag.py:538} INFO - Filling up the DagBag from /opt/airflow/dags/day_3_dag.py
[2024-03-18T03:09:48.430+0000] {processor.py:840} INFO - DAG(s) 'day_3_dag' retrieved from /opt/airflow/dags/day_3_dag.py
[2024-03-18T03:09:48.454+0000] {logging_mixin.py:188} INFO - [2024-03-18T03:09:48.454+0000] {dag.py:3033} INFO - Sync 1 DAGs
[2024-03-18T03:09:48.479+0000] {logging_mixin.py:188} INFO - [2024-03-18T03:09:48.479+0000] {dag.py:3820} INFO - Setting next_dagrun for day_3_dag to 2024-03-03T18:00:00+00:00, run_after=2024-04-03T18:00:00+00:00
[2024-03-18T03:09:48.501+0000] {processor.py:183} INFO - Processing /opt/airflow/dags/day_3_dag.py took 0.089 seconds
[2024-03-18T03:10:18.890+0000] {processor.py:161} INFO - Started process (PID=873) to work on /opt/airflow/dags/day_3_dag.py
[2024-03-18T03:10:18.890+0000] {processor.py:830} INFO - Processing file /opt/airflow/dags/day_3_dag.py for tasks to queue
[2024-03-18T03:10:18.892+0000] {logging_mixin.py:188} INFO - [2024-03-18T03:10:18.892+0000] {dagbag.py:538} INFO - Filling up the DagBag from /opt/airflow/dags/day_3_dag.py
[2024-03-18T03:10:18.900+0000] {processor.py:840} INFO - DAG(s) 'day_3_dag' retrieved from /opt/airflow/dags/day_3_dag.py
[2024-03-18T03:10:18.925+0000] {logging_mixin.py:188} INFO - [2024-03-18T03:10:18.925+0000] {dag.py:3033} INFO - Sync 1 DAGs
[2024-03-18T03:10:18.950+0000] {logging_mixin.py:188} INFO - [2024-03-18T03:10:18.950+0000] {dag.py:3820} INFO - Setting next_dagrun for day_3_dag to 2024-03-03T18:00:00+00:00, run_after=2024-04-03T18:00:00+00:00
[2024-03-18T03:10:18.970+0000] {processor.py:183} INFO - Processing /opt/airflow/dags/day_3_dag.py took 0.083 seconds
[2024-03-18T03:10:49.272+0000] {processor.py:161} INFO - Started process (PID=896) to work on /opt/airflow/dags/day_3_dag.py
[2024-03-18T03:10:49.273+0000] {processor.py:830} INFO - Processing file /opt/airflow/dags/day_3_dag.py for tasks to queue
[2024-03-18T03:10:49.274+0000] {logging_mixin.py:188} INFO - [2024-03-18T03:10:49.274+0000] {dagbag.py:538} INFO - Filling up the DagBag from /opt/airflow/dags/day_3_dag.py
[2024-03-18T03:10:49.283+0000] {processor.py:840} INFO - DAG(s) 'day_3_dag' retrieved from /opt/airflow/dags/day_3_dag.py
[2024-03-18T03:10:49.302+0000] {logging_mixin.py:188} INFO - [2024-03-18T03:10:49.302+0000] {dag.py:3033} INFO - Sync 1 DAGs
[2024-03-18T03:10:49.320+0000] {logging_mixin.py:188} INFO - [2024-03-18T03:10:49.320+0000] {dag.py:3820} INFO - Setting next_dagrun for day_3_dag to 2024-03-03T18:00:00+00:00, run_after=2024-04-03T18:00:00+00:00
[2024-03-18T03:10:49.339+0000] {processor.py:183} INFO - Processing /opt/airflow/dags/day_3_dag.py took 0.069 seconds
[2024-03-18T03:11:19.595+0000] {processor.py:161} INFO - Started process (PID=936) to work on /opt/airflow/dags/day_3_dag.py
[2024-03-18T03:11:19.596+0000] {processor.py:830} INFO - Processing file /opt/airflow/dags/day_3_dag.py for tasks to queue
[2024-03-18T03:11:19.598+0000] {logging_mixin.py:188} INFO - [2024-03-18T03:11:19.597+0000] {dagbag.py:538} INFO - Filling up the DagBag from /opt/airflow/dags/day_3_dag.py
[2024-03-18T03:11:19.606+0000] {processor.py:840} INFO - DAG(s) 'day_3_dag' retrieved from /opt/airflow/dags/day_3_dag.py
[2024-03-18T03:11:19.630+0000] {logging_mixin.py:188} INFO - [2024-03-18T03:11:19.630+0000] {dag.py:3033} INFO - Sync 1 DAGs
[2024-03-18T03:11:19.654+0000] {logging_mixin.py:188} INFO - [2024-03-18T03:11:19.654+0000] {dag.py:3820} INFO - Setting next_dagrun for day_3_dag to 2024-03-03T18:00:00+00:00, run_after=2024-04-03T18:00:00+00:00
[2024-03-18T03:11:19.677+0000] {processor.py:183} INFO - Processing /opt/airflow/dags/day_3_dag.py took 0.084 seconds
[2024-03-18T03:11:49.949+0000] {processor.py:161} INFO - Started process (PID=970) to work on /opt/airflow/dags/day_3_dag.py
[2024-03-18T03:11:49.950+0000] {processor.py:830} INFO - Processing file /opt/airflow/dags/day_3_dag.py for tasks to queue
[2024-03-18T03:11:49.952+0000] {logging_mixin.py:188} INFO - [2024-03-18T03:11:49.952+0000] {dagbag.py:538} INFO - Filling up the DagBag from /opt/airflow/dags/day_3_dag.py
[2024-03-18T03:11:49.964+0000] {processor.py:840} INFO - DAG(s) 'day_3_dag' retrieved from /opt/airflow/dags/day_3_dag.py
[2024-03-18T03:11:49.992+0000] {logging_mixin.py:188} INFO - [2024-03-18T03:11:49.991+0000] {dag.py:3033} INFO - Sync 1 DAGs
[2024-03-18T03:11:50.018+0000] {logging_mixin.py:188} INFO - [2024-03-18T03:11:50.017+0000] {dag.py:3820} INFO - Setting next_dagrun for day_3_dag to 2024-03-03T18:00:00+00:00, run_after=2024-04-03T18:00:00+00:00
[2024-03-18T03:11:50.041+0000] {processor.py:183} INFO - Processing /opt/airflow/dags/day_3_dag.py took 0.096 seconds
[2024-03-18T03:12:20.393+0000] {processor.py:161} INFO - Started process (PID=1012) to work on /opt/airflow/dags/day_3_dag.py
[2024-03-18T03:12:20.394+0000] {processor.py:830} INFO - Processing file /opt/airflow/dags/day_3_dag.py for tasks to queue
[2024-03-18T03:12:20.395+0000] {logging_mixin.py:188} INFO - [2024-03-18T03:12:20.395+0000] {dagbag.py:538} INFO - Filling up the DagBag from /opt/airflow/dags/day_3_dag.py
[2024-03-18T03:12:20.404+0000] {processor.py:840} INFO - DAG(s) 'day_3_dag' retrieved from /opt/airflow/dags/day_3_dag.py
[2024-03-18T03:12:20.424+0000] {logging_mixin.py:188} INFO - [2024-03-18T03:12:20.424+0000] {dag.py:3033} INFO - Sync 1 DAGs
[2024-03-18T03:12:20.443+0000] {logging_mixin.py:188} INFO - [2024-03-18T03:12:20.443+0000] {dag.py:3820} INFO - Setting next_dagrun for day_3_dag to 2024-03-03T18:00:00+00:00, run_after=2024-04-03T18:00:00+00:00
[2024-03-18T03:12:20.460+0000] {processor.py:183} INFO - Processing /opt/airflow/dags/day_3_dag.py took 0.069 seconds
[2024-03-18T03:12:50.725+0000] {processor.py:161} INFO - Started process (PID=1037) to work on /opt/airflow/dags/day_3_dag.py
[2024-03-18T03:12:50.726+0000] {processor.py:830} INFO - Processing file /opt/airflow/dags/day_3_dag.py for tasks to queue
[2024-03-18T03:12:50.728+0000] {logging_mixin.py:188} INFO - [2024-03-18T03:12:50.727+0000] {dagbag.py:538} INFO - Filling up the DagBag from /opt/airflow/dags/day_3_dag.py
[2024-03-18T03:12:50.738+0000] {processor.py:840} INFO - DAG(s) 'day_3_dag' retrieved from /opt/airflow/dags/day_3_dag.py
[2024-03-18T03:12:50.760+0000] {logging_mixin.py:188} INFO - [2024-03-18T03:12:50.760+0000] {dag.py:3033} INFO - Sync 1 DAGs
[2024-03-18T03:12:50.779+0000] {logging_mixin.py:188} INFO - [2024-03-18T03:12:50.779+0000] {dag.py:3820} INFO - Setting next_dagrun for day_3_dag to 2024-03-03T18:00:00+00:00, run_after=2024-04-03T18:00:00+00:00
[2024-03-18T03:12:50.802+0000] {processor.py:183} INFO - Processing /opt/airflow/dags/day_3_dag.py took 0.081 seconds
[2024-03-18T03:13:21.071+0000] {processor.py:161} INFO - Started process (PID=1071) to work on /opt/airflow/dags/day_3_dag.py
[2024-03-18T03:13:21.071+0000] {processor.py:830} INFO - Processing file /opt/airflow/dags/day_3_dag.py for tasks to queue
[2024-03-18T03:13:21.074+0000] {logging_mixin.py:188} INFO - [2024-03-18T03:13:21.073+0000] {dagbag.py:538} INFO - Filling up the DagBag from /opt/airflow/dags/day_3_dag.py
[2024-03-18T03:13:21.083+0000] {processor.py:840} INFO - DAG(s) 'day_3_dag' retrieved from /opt/airflow/dags/day_3_dag.py
[2024-03-18T03:13:21.103+0000] {logging_mixin.py:188} INFO - [2024-03-18T03:13:21.102+0000] {dag.py:3033} INFO - Sync 1 DAGs
[2024-03-18T03:13:21.121+0000] {logging_mixin.py:188} INFO - [2024-03-18T03:13:21.120+0000] {dag.py:3820} INFO - Setting next_dagrun for day_3_dag to 2024-03-03T18:00:00+00:00, run_after=2024-04-03T18:00:00+00:00
[2024-03-18T03:13:21.143+0000] {processor.py:183} INFO - Processing /opt/airflow/dags/day_3_dag.py took 0.076 seconds
[2024-03-18T03:13:52.107+0000] {processor.py:161} INFO - Started process (PID=1113) to work on /opt/airflow/dags/day_3_dag.py
[2024-03-18T03:13:52.109+0000] {processor.py:830} INFO - Processing file /opt/airflow/dags/day_3_dag.py for tasks to queue
[2024-03-18T03:13:52.116+0000] {logging_mixin.py:188} INFO - [2024-03-18T03:13:52.115+0000] {dagbag.py:538} INFO - Filling up the DagBag from /opt/airflow/dags/day_3_dag.py
[2024-03-18T03:13:52.125+0000] {processor.py:840} INFO - DAG(s) 'day_3_dag' retrieved from /opt/airflow/dags/day_3_dag.py
[2024-03-18T03:13:52.145+0000] {logging_mixin.py:188} INFO - [2024-03-18T03:13:52.144+0000] {dag.py:3033} INFO - Sync 1 DAGs
[2024-03-18T03:13:52.163+0000] {logging_mixin.py:188} INFO - [2024-03-18T03:13:52.163+0000] {dag.py:3820} INFO - Setting next_dagrun for day_3_dag to 2024-03-03T18:00:00+00:00, run_after=2024-04-03T18:00:00+00:00
[2024-03-18T03:13:52.180+0000] {processor.py:183} INFO - Processing /opt/airflow/dags/day_3_dag.py took 0.077 seconds
[2024-03-18T03:14:22.515+0000] {processor.py:161} INFO - Started process (PID=1143) to work on /opt/airflow/dags/day_3_dag.py
[2024-03-18T03:14:22.516+0000] {processor.py:830} INFO - Processing file /opt/airflow/dags/day_3_dag.py for tasks to queue
[2024-03-18T03:14:22.518+0000] {logging_mixin.py:188} INFO - [2024-03-18T03:14:22.518+0000] {dagbag.py:538} INFO - Filling up the DagBag from /opt/airflow/dags/day_3_dag.py
[2024-03-18T03:14:22.526+0000] {processor.py:840} INFO - DAG(s) 'day_3_dag' retrieved from /opt/airflow/dags/day_3_dag.py
[2024-03-18T03:14:22.551+0000] {logging_mixin.py:188} INFO - [2024-03-18T03:14:22.551+0000] {dag.py:3033} INFO - Sync 1 DAGs
[2024-03-18T03:14:22.571+0000] {logging_mixin.py:188} INFO - [2024-03-18T03:14:22.570+0000] {dag.py:3820} INFO - Setting next_dagrun for day_3_dag to 2024-03-03T18:00:00+00:00, run_after=2024-04-03T18:00:00+00:00
[2024-03-18T03:14:22.589+0000] {processor.py:183} INFO - Processing /opt/airflow/dags/day_3_dag.py took 0.076 seconds
[2024-03-18T03:14:52.849+0000] {processor.py:161} INFO - Started process (PID=1181) to work on /opt/airflow/dags/day_3_dag.py
[2024-03-18T03:14:52.849+0000] {processor.py:830} INFO - Processing file /opt/airflow/dags/day_3_dag.py for tasks to queue
[2024-03-18T03:14:52.851+0000] {logging_mixin.py:188} INFO - [2024-03-18T03:14:52.850+0000] {dagbag.py:538} INFO - Filling up the DagBag from /opt/airflow/dags/day_3_dag.py
[2024-03-18T03:14:52.860+0000] {processor.py:840} INFO - DAG(s) 'day_3_dag' retrieved from /opt/airflow/dags/day_3_dag.py
[2024-03-18T03:14:52.887+0000] {logging_mixin.py:188} INFO - [2024-03-18T03:14:52.887+0000] {dag.py:3033} INFO - Sync 1 DAGs
[2024-03-18T03:14:52.914+0000] {logging_mixin.py:188} INFO - [2024-03-18T03:14:52.914+0000] {dag.py:3820} INFO - Setting next_dagrun for day_3_dag to 2024-03-03T18:00:00+00:00, run_after=2024-04-03T18:00:00+00:00
[2024-03-18T03:14:52.939+0000] {processor.py:183} INFO - Processing /opt/airflow/dags/day_3_dag.py took 0.093 seconds
[2024-03-18T03:15:23.197+0000] {processor.py:161} INFO - Started process (PID=1215) to work on /opt/airflow/dags/day_3_dag.py
[2024-03-18T03:15:23.200+0000] {processor.py:830} INFO - Processing file /opt/airflow/dags/day_3_dag.py for tasks to queue
[2024-03-18T03:15:23.202+0000] {logging_mixin.py:188} INFO - [2024-03-18T03:15:23.201+0000] {dagbag.py:538} INFO - Filling up the DagBag from /opt/airflow/dags/day_3_dag.py
[2024-03-18T03:15:23.213+0000] {processor.py:840} INFO - DAG(s) 'day_3_dag' retrieved from /opt/airflow/dags/day_3_dag.py
[2024-03-18T03:15:23.241+0000] {logging_mixin.py:188} INFO - [2024-03-18T03:15:23.241+0000] {dag.py:3033} INFO - Sync 1 DAGs
[2024-03-18T03:15:23.265+0000] {logging_mixin.py:188} INFO - [2024-03-18T03:15:23.265+0000] {dag.py:3820} INFO - Setting next_dagrun for day_3_dag to 2024-03-03T18:00:00+00:00, run_after=2024-04-03T18:00:00+00:00
[2024-03-18T03:15:23.285+0000] {processor.py:183} INFO - Processing /opt/airflow/dags/day_3_dag.py took 0.092 seconds
[2024-03-18T03:15:53.656+0000] {processor.py:161} INFO - Started process (PID=1257) to work on /opt/airflow/dags/day_3_dag.py
[2024-03-18T03:15:53.678+0000] {processor.py:830} INFO - Processing file /opt/airflow/dags/day_3_dag.py for tasks to queue
[2024-03-18T03:15:53.680+0000] {logging_mixin.py:188} INFO - [2024-03-18T03:15:53.680+0000] {dagbag.py:538} INFO - Filling up the DagBag from /opt/airflow/dags/day_3_dag.py
[2024-03-18T03:15:53.729+0000] {processor.py:840} INFO - DAG(s) 'day_3_dag' retrieved from /opt/airflow/dags/day_3_dag.py
[2024-03-18T03:15:53.800+0000] {logging_mixin.py:188} INFO - [2024-03-18T03:15:53.800+0000] {dag.py:3033} INFO - Sync 1 DAGs
[2024-03-18T03:15:53.828+0000] {logging_mixin.py:188} INFO - [2024-03-18T03:15:53.828+0000] {dag.py:3820} INFO - Setting next_dagrun for day_3_dag to 2024-03-03T18:00:00+00:00, run_after=2024-04-03T18:00:00+00:00
[2024-03-18T03:15:53.852+0000] {processor.py:183} INFO - Processing /opt/airflow/dags/day_3_dag.py took 0.201 seconds
[2024-03-18T03:16:24.199+0000] {processor.py:161} INFO - Started process (PID=1287) to work on /opt/airflow/dags/day_3_dag.py
[2024-03-18T03:16:24.200+0000] {processor.py:830} INFO - Processing file /opt/airflow/dags/day_3_dag.py for tasks to queue
[2024-03-18T03:16:24.204+0000] {logging_mixin.py:188} INFO - [2024-03-18T03:16:24.203+0000] {dagbag.py:538} INFO - Filling up the DagBag from /opt/airflow/dags/day_3_dag.py
[2024-03-18T03:16:24.215+0000] {processor.py:840} INFO - DAG(s) 'day_3_dag' retrieved from /opt/airflow/dags/day_3_dag.py
[2024-03-18T03:16:24.237+0000] {logging_mixin.py:188} INFO - [2024-03-18T03:16:24.237+0000] {dag.py:3033} INFO - Sync 1 DAGs
[2024-03-18T03:16:24.265+0000] {logging_mixin.py:188} INFO - [2024-03-18T03:16:24.265+0000] {dag.py:3820} INFO - Setting next_dagrun for day_3_dag to 2024-03-03T18:00:00+00:00, run_after=2024-04-03T18:00:00+00:00
[2024-03-18T03:16:24.288+0000] {processor.py:183} INFO - Processing /opt/airflow/dags/day_3_dag.py took 0.092 seconds
[2024-03-18T03:16:54.405+0000] {processor.py:161} INFO - Started process (PID=1316) to work on /opt/airflow/dags/day_3_dag.py
[2024-03-18T03:16:54.405+0000] {processor.py:830} INFO - Processing file /opt/airflow/dags/day_3_dag.py for tasks to queue
[2024-03-18T03:16:54.407+0000] {logging_mixin.py:188} INFO - [2024-03-18T03:16:54.407+0000] {dagbag.py:538} INFO - Filling up the DagBag from /opt/airflow/dags/day_3_dag.py
[2024-03-18T03:16:54.415+0000] {processor.py:840} INFO - DAG(s) 'day_3_dag' retrieved from /opt/airflow/dags/day_3_dag.py
[2024-03-18T03:16:54.439+0000] {logging_mixin.py:188} INFO - [2024-03-18T03:16:54.439+0000] {dag.py:3033} INFO - Sync 1 DAGs
[2024-03-18T03:16:54.464+0000] {logging_mixin.py:188} INFO - [2024-03-18T03:16:54.464+0000] {dag.py:3820} INFO - Setting next_dagrun for day_3_dag to 2024-03-03T18:00:00+00:00, run_after=2024-04-03T18:00:00+00:00
[2024-03-18T03:16:54.485+0000] {processor.py:183} INFO - Processing /opt/airflow/dags/day_3_dag.py took 0.082 seconds
[2024-03-18T03:17:24.740+0000] {processor.py:161} INFO - Started process (PID=1354) to work on /opt/airflow/dags/day_3_dag.py
[2024-03-18T03:17:24.741+0000] {processor.py:830} INFO - Processing file /opt/airflow/dags/day_3_dag.py for tasks to queue
[2024-03-18T03:17:24.742+0000] {logging_mixin.py:188} INFO - [2024-03-18T03:17:24.742+0000] {dagbag.py:538} INFO - Filling up the DagBag from /opt/airflow/dags/day_3_dag.py
[2024-03-18T03:17:24.751+0000] {processor.py:840} INFO - DAG(s) 'day_3_dag' retrieved from /opt/airflow/dags/day_3_dag.py
[2024-03-18T03:17:24.776+0000] {logging_mixin.py:188} INFO - [2024-03-18T03:17:24.775+0000] {dag.py:3033} INFO - Sync 1 DAGs
[2024-03-18T03:17:24.798+0000] {logging_mixin.py:188} INFO - [2024-03-18T03:17:24.798+0000] {dag.py:3820} INFO - Setting next_dagrun for day_3_dag to 2024-03-03T18:00:00+00:00, run_after=2024-04-03T18:00:00+00:00
[2024-03-18T03:17:24.819+0000] {processor.py:183} INFO - Processing /opt/airflow/dags/day_3_dag.py took 0.082 seconds
[2024-03-18T03:17:55.213+0000] {processor.py:161} INFO - Started process (PID=1389) to work on /opt/airflow/dags/day_3_dag.py
[2024-03-18T03:17:55.213+0000] {processor.py:830} INFO - Processing file /opt/airflow/dags/day_3_dag.py for tasks to queue
[2024-03-18T03:17:55.216+0000] {logging_mixin.py:188} INFO - [2024-03-18T03:17:55.215+0000] {dagbag.py:538} INFO - Filling up the DagBag from /opt/airflow/dags/day_3_dag.py
[2024-03-18T03:17:55.225+0000] {processor.py:840} INFO - DAG(s) 'day_3_dag' retrieved from /opt/airflow/dags/day_3_dag.py
[2024-03-18T03:17:55.244+0000] {logging_mixin.py:188} INFO - [2024-03-18T03:17:55.244+0000] {dag.py:3033} INFO - Sync 1 DAGs
[2024-03-18T03:17:55.263+0000] {logging_mixin.py:188} INFO - [2024-03-18T03:17:55.263+0000] {dag.py:3820} INFO - Setting next_dagrun for day_3_dag to 2024-03-03T18:00:00+00:00, run_after=2024-04-03T18:00:00+00:00
[2024-03-18T03:17:55.284+0000] {processor.py:183} INFO - Processing /opt/airflow/dags/day_3_dag.py took 0.073 seconds
[2024-03-18T03:18:25.565+0000] {processor.py:161} INFO - Started process (PID=1427) to work on /opt/airflow/dags/day_3_dag.py
[2024-03-18T03:18:25.566+0000] {processor.py:830} INFO - Processing file /opt/airflow/dags/day_3_dag.py for tasks to queue
[2024-03-18T03:18:25.568+0000] {logging_mixin.py:188} INFO - [2024-03-18T03:18:25.568+0000] {dagbag.py:538} INFO - Filling up the DagBag from /opt/airflow/dags/day_3_dag.py
[2024-03-18T03:18:25.576+0000] {processor.py:840} INFO - DAG(s) 'day_3_dag' retrieved from /opt/airflow/dags/day_3_dag.py
[2024-03-18T03:18:25.597+0000] {logging_mixin.py:188} INFO - [2024-03-18T03:18:25.597+0000] {dag.py:3033} INFO - Sync 1 DAGs
[2024-03-18T03:18:25.615+0000] {logging_mixin.py:188} INFO - [2024-03-18T03:18:25.615+0000] {dag.py:3820} INFO - Setting next_dagrun for day_3_dag to 2024-03-03T18:00:00+00:00, run_after=2024-04-03T18:00:00+00:00
[2024-03-18T03:18:25.633+0000] {processor.py:183} INFO - Processing /opt/airflow/dags/day_3_dag.py took 0.070 seconds
[2024-03-18T03:18:55.924+0000] {processor.py:161} INFO - Started process (PID=1457) to work on /opt/airflow/dags/day_3_dag.py
[2024-03-18T03:18:55.925+0000] {processor.py:830} INFO - Processing file /opt/airflow/dags/day_3_dag.py for tasks to queue
[2024-03-18T03:18:55.927+0000] {logging_mixin.py:188} INFO - [2024-03-18T03:18:55.927+0000] {dagbag.py:538} INFO - Filling up the DagBag from /opt/airflow/dags/day_3_dag.py
[2024-03-18T03:18:55.937+0000] {processor.py:840} INFO - DAG(s) 'day_3_dag' retrieved from /opt/airflow/dags/day_3_dag.py
[2024-03-18T03:18:55.967+0000] {logging_mixin.py:188} INFO - [2024-03-18T03:18:55.967+0000] {dag.py:3033} INFO - Sync 1 DAGs
[2024-03-18T03:18:55.992+0000] {logging_mixin.py:188} INFO - [2024-03-18T03:18:55.992+0000] {dag.py:3820} INFO - Setting next_dagrun for day_3_dag to 2024-03-03T18:00:00+00:00, run_after=2024-04-03T18:00:00+00:00
[2024-03-18T03:18:56.012+0000] {processor.py:183} INFO - Processing /opt/airflow/dags/day_3_dag.py took 0.091 seconds
[2024-03-18T03:19:26.278+0000] {processor.py:161} INFO - Started process (PID=1499) to work on /opt/airflow/dags/day_3_dag.py
[2024-03-18T03:19:26.279+0000] {processor.py:830} INFO - Processing file /opt/airflow/dags/day_3_dag.py for tasks to queue
[2024-03-18T03:19:26.281+0000] {logging_mixin.py:188} INFO - [2024-03-18T03:19:26.281+0000] {dagbag.py:538} INFO - Filling up the DagBag from /opt/airflow/dags/day_3_dag.py
[2024-03-18T03:19:26.292+0000] {processor.py:840} INFO - DAG(s) 'day_3_dag' retrieved from /opt/airflow/dags/day_3_dag.py
[2024-03-18T03:19:26.320+0000] {logging_mixin.py:188} INFO - [2024-03-18T03:19:26.320+0000] {dag.py:3033} INFO - Sync 1 DAGs
[2024-03-18T03:19:26.347+0000] {logging_mixin.py:188} INFO - [2024-03-18T03:19:26.346+0000] {dag.py:3820} INFO - Setting next_dagrun for day_3_dag to 2024-03-03T18:00:00+00:00, run_after=2024-04-03T18:00:00+00:00
[2024-03-18T03:19:26.368+0000] {processor.py:183} INFO - Processing /opt/airflow/dags/day_3_dag.py took 0.094 seconds
[2024-03-18T03:19:57.026+0000] {processor.py:161} INFO - Started process (PID=1533) to work on /opt/airflow/dags/day_3_dag.py
[2024-03-18T03:19:57.027+0000] {processor.py:830} INFO - Processing file /opt/airflow/dags/day_3_dag.py for tasks to queue
[2024-03-18T03:19:57.029+0000] {logging_mixin.py:188} INFO - [2024-03-18T03:19:57.029+0000] {dagbag.py:538} INFO - Filling up the DagBag from /opt/airflow/dags/day_3_dag.py
[2024-03-18T03:19:57.037+0000] {processor.py:840} INFO - DAG(s) 'day_3_dag' retrieved from /opt/airflow/dags/day_3_dag.py
[2024-03-18T03:19:57.060+0000] {logging_mixin.py:188} INFO - [2024-03-18T03:19:57.059+0000] {dag.py:3033} INFO - Sync 1 DAGs
[2024-03-18T03:19:57.078+0000] {logging_mixin.py:188} INFO - [2024-03-18T03:19:57.078+0000] {dag.py:3820} INFO - Setting next_dagrun for day_3_dag to 2024-03-03T18:00:00+00:00, run_after=2024-04-03T18:00:00+00:00
[2024-03-18T03:19:57.101+0000] {processor.py:183} INFO - Processing /opt/airflow/dags/day_3_dag.py took 0.078 seconds
[2024-03-18T03:20:27.446+0000] {processor.py:161} INFO - Started process (PID=1561) to work on /opt/airflow/dags/day_3_dag.py
[2024-03-18T03:20:27.447+0000] {processor.py:830} INFO - Processing file /opt/airflow/dags/day_3_dag.py for tasks to queue
[2024-03-18T03:20:27.448+0000] {logging_mixin.py:188} INFO - [2024-03-18T03:20:27.448+0000] {dagbag.py:538} INFO - Filling up the DagBag from /opt/airflow/dags/day_3_dag.py
[2024-03-18T03:20:27.457+0000] {processor.py:840} INFO - DAG(s) 'day_3_dag' retrieved from /opt/airflow/dags/day_3_dag.py
[2024-03-18T03:20:27.477+0000] {logging_mixin.py:188} INFO - [2024-03-18T03:20:27.477+0000] {dag.py:3033} INFO - Sync 1 DAGs
[2024-03-18T03:20:27.499+0000] {logging_mixin.py:188} INFO - [2024-03-18T03:20:27.499+0000] {dag.py:3820} INFO - Setting next_dagrun for day_3_dag to 2024-03-03T18:00:00+00:00, run_after=2024-04-03T18:00:00+00:00
[2024-03-18T03:20:27.520+0000] {processor.py:183} INFO - Processing /opt/airflow/dags/day_3_dag.py took 0.077 seconds
[2024-03-18T03:20:57.763+0000] {processor.py:161} INFO - Started process (PID=1600) to work on /opt/airflow/dags/day_3_dag.py
[2024-03-18T03:20:57.764+0000] {processor.py:830} INFO - Processing file /opt/airflow/dags/day_3_dag.py for tasks to queue
[2024-03-18T03:20:57.765+0000] {logging_mixin.py:188} INFO - [2024-03-18T03:20:57.765+0000] {dagbag.py:538} INFO - Filling up the DagBag from /opt/airflow/dags/day_3_dag.py
[2024-03-18T03:20:57.773+0000] {processor.py:840} INFO - DAG(s) 'day_3_dag' retrieved from /opt/airflow/dags/day_3_dag.py
[2024-03-18T03:20:57.798+0000] {logging_mixin.py:188} INFO - [2024-03-18T03:20:57.798+0000] {dag.py:3033} INFO - Sync 1 DAGs
[2024-03-18T03:20:57.822+0000] {logging_mixin.py:188} INFO - [2024-03-18T03:20:57.822+0000] {dag.py:3820} INFO - Setting next_dagrun for day_3_dag to 2024-03-03T18:00:00+00:00, run_after=2024-04-03T18:00:00+00:00
[2024-03-18T03:20:57.843+0000] {processor.py:183} INFO - Processing /opt/airflow/dags/day_3_dag.py took 0.083 seconds
[2024-03-18T03:21:28.246+0000] {processor.py:161} INFO - Started process (PID=1634) to work on /opt/airflow/dags/day_3_dag.py
[2024-03-18T03:21:28.247+0000] {processor.py:830} INFO - Processing file /opt/airflow/dags/day_3_dag.py for tasks to queue
[2024-03-18T03:21:28.249+0000] {logging_mixin.py:188} INFO - [2024-03-18T03:21:28.249+0000] {dagbag.py:538} INFO - Filling up the DagBag from /opt/airflow/dags/day_3_dag.py
[2024-03-18T03:21:28.257+0000] {processor.py:840} INFO - DAG(s) 'day_3_dag' retrieved from /opt/airflow/dags/day_3_dag.py
[2024-03-18T03:21:28.283+0000] {logging_mixin.py:188} INFO - [2024-03-18T03:21:28.282+0000] {dag.py:3033} INFO - Sync 1 DAGs
[2024-03-18T03:21:28.306+0000] {logging_mixin.py:188} INFO - [2024-03-18T03:21:28.305+0000] {dag.py:3820} INFO - Setting next_dagrun for day_3_dag to 2024-03-03T18:00:00+00:00, run_after=2024-04-03T18:00:00+00:00
[2024-03-18T03:21:28.327+0000] {processor.py:183} INFO - Processing /opt/airflow/dags/day_3_dag.py took 0.084 seconds
[2024-03-18T03:21:58.582+0000] {processor.py:161} INFO - Started process (PID=1676) to work on /opt/airflow/dags/day_3_dag.py
[2024-03-18T03:21:58.583+0000] {processor.py:830} INFO - Processing file /opt/airflow/dags/day_3_dag.py for tasks to queue
[2024-03-18T03:21:58.586+0000] {logging_mixin.py:188} INFO - [2024-03-18T03:21:58.586+0000] {dagbag.py:538} INFO - Filling up the DagBag from /opt/airflow/dags/day_3_dag.py
[2024-03-18T03:21:58.596+0000] {processor.py:840} INFO - DAG(s) 'day_3_dag' retrieved from /opt/airflow/dags/day_3_dag.py
[2024-03-18T03:21:58.617+0000] {logging_mixin.py:188} INFO - [2024-03-18T03:21:58.617+0000] {dag.py:3033} INFO - Sync 1 DAGs
[2024-03-18T03:21:58.642+0000] {logging_mixin.py:188} INFO - [2024-03-18T03:21:58.641+0000] {dag.py:3820} INFO - Setting next_dagrun for day_3_dag to 2024-03-03T18:00:00+00:00, run_after=2024-04-03T18:00:00+00:00
[2024-03-18T03:21:58.664+0000] {processor.py:183} INFO - Processing /opt/airflow/dags/day_3_dag.py took 0.085 seconds
[2024-03-18T03:22:31.013+0000] {processor.py:161} INFO - Started process (PID=1706) to work on /opt/airflow/dags/day_3_dag.py
[2024-03-18T03:22:31.014+0000] {processor.py:830} INFO - Processing file /opt/airflow/dags/day_3_dag.py for tasks to queue
[2024-03-18T03:22:31.015+0000] {logging_mixin.py:188} INFO - [2024-03-18T03:22:31.015+0000] {dagbag.py:538} INFO - Filling up the DagBag from /opt/airflow/dags/day_3_dag.py
[2024-03-18T03:22:31.023+0000] {processor.py:840} INFO - DAG(s) 'day_3_dag' retrieved from /opt/airflow/dags/day_3_dag.py
[2024-03-18T03:22:31.049+0000] {logging_mixin.py:188} INFO - [2024-03-18T03:22:31.049+0000] {dag.py:3033} INFO - Sync 1 DAGs
[2024-03-18T03:22:31.074+0000] {logging_mixin.py:188} INFO - [2024-03-18T03:22:31.074+0000] {dag.py:3820} INFO - Setting next_dagrun for day_3_dag to 2024-03-03T18:00:00+00:00, run_after=2024-04-03T18:00:00+00:00
[2024-03-18T03:22:31.095+0000] {processor.py:183} INFO - Processing /opt/airflow/dags/day_3_dag.py took 0.084 seconds
[2024-03-18T03:23:01.571+0000] {processor.py:161} INFO - Started process (PID=1741) to work on /opt/airflow/dags/day_3_dag.py
[2024-03-18T03:23:01.572+0000] {processor.py:830} INFO - Processing file /opt/airflow/dags/day_3_dag.py for tasks to queue
[2024-03-18T03:23:01.574+0000] {logging_mixin.py:188} INFO - [2024-03-18T03:23:01.574+0000] {dagbag.py:538} INFO - Filling up the DagBag from /opt/airflow/dags/day_3_dag.py
[2024-03-18T03:23:01.586+0000] {processor.py:840} INFO - DAG(s) 'day_3_dag' retrieved from /opt/airflow/dags/day_3_dag.py
[2024-03-18T03:23:01.610+0000] {logging_mixin.py:188} INFO - [2024-03-18T03:23:01.610+0000] {dag.py:3033} INFO - Sync 1 DAGs
[2024-03-18T03:23:01.628+0000] {logging_mixin.py:188} INFO - [2024-03-18T03:23:01.628+0000] {dag.py:3820} INFO - Setting next_dagrun for day_3_dag to 2024-03-03T18:00:00+00:00, run_after=2024-04-03T18:00:00+00:00
[2024-03-18T03:23:01.650+0000] {processor.py:183} INFO - Processing /opt/airflow/dags/day_3_dag.py took 0.082 seconds
[2024-03-18T03:23:32.243+0000] {processor.py:161} INFO - Started process (PID=1773) to work on /opt/airflow/dags/day_3_dag.py
[2024-03-18T03:23:32.243+0000] {processor.py:830} INFO - Processing file /opt/airflow/dags/day_3_dag.py for tasks to queue
[2024-03-18T03:23:32.246+0000] {logging_mixin.py:188} INFO - [2024-03-18T03:23:32.246+0000] {dagbag.py:538} INFO - Filling up the DagBag from /opt/airflow/dags/day_3_dag.py
[2024-03-18T03:23:32.257+0000] {processor.py:840} INFO - DAG(s) 'day_3_dag' retrieved from /opt/airflow/dags/day_3_dag.py
[2024-03-18T03:23:32.283+0000] {logging_mixin.py:188} INFO - [2024-03-18T03:23:32.283+0000] {dag.py:3033} INFO - Sync 1 DAGs
[2024-03-18T03:23:32.310+0000] {logging_mixin.py:188} INFO - [2024-03-18T03:23:32.309+0000] {dag.py:3820} INFO - Setting next_dagrun for day_3_dag to 2024-03-03T18:00:00+00:00, run_after=2024-04-03T18:00:00+00:00
[2024-03-18T03:23:32.331+0000] {processor.py:183} INFO - Processing /opt/airflow/dags/day_3_dag.py took 0.092 seconds
[2024-03-18T03:24:02.616+0000] {processor.py:161} INFO - Started process (PID=1817) to work on /opt/airflow/dags/day_3_dag.py
[2024-03-18T03:24:02.617+0000] {processor.py:830} INFO - Processing file /opt/airflow/dags/day_3_dag.py for tasks to queue
[2024-03-18T03:24:02.620+0000] {logging_mixin.py:188} INFO - [2024-03-18T03:24:02.619+0000] {dagbag.py:538} INFO - Filling up the DagBag from /opt/airflow/dags/day_3_dag.py
[2024-03-18T03:24:02.632+0000] {processor.py:840} INFO - DAG(s) 'day_3_dag' retrieved from /opt/airflow/dags/day_3_dag.py
[2024-03-18T03:24:02.660+0000] {logging_mixin.py:188} INFO - [2024-03-18T03:24:02.659+0000] {dag.py:3033} INFO - Sync 1 DAGs
[2024-03-18T03:24:02.687+0000] {logging_mixin.py:188} INFO - [2024-03-18T03:24:02.687+0000] {dag.py:3820} INFO - Setting next_dagrun for day_3_dag to 2024-03-03T18:00:00+00:00, run_after=2024-04-03T18:00:00+00:00
[2024-03-18T03:24:02.712+0000] {processor.py:183} INFO - Processing /opt/airflow/dags/day_3_dag.py took 0.100 seconds
[2024-03-18T03:24:33.078+0000] {processor.py:161} INFO - Started process (PID=1847) to work on /opt/airflow/dags/day_3_dag.py
[2024-03-18T03:24:33.078+0000] {processor.py:830} INFO - Processing file /opt/airflow/dags/day_3_dag.py for tasks to queue
[2024-03-18T03:24:33.080+0000] {logging_mixin.py:188} INFO - [2024-03-18T03:24:33.080+0000] {dagbag.py:538} INFO - Filling up the DagBag from /opt/airflow/dags/day_3_dag.py
[2024-03-18T03:24:33.088+0000] {processor.py:840} INFO - DAG(s) 'day_3_dag' retrieved from /opt/airflow/dags/day_3_dag.py
[2024-03-18T03:24:33.109+0000] {logging_mixin.py:188} INFO - [2024-03-18T03:24:33.109+0000] {dag.py:3033} INFO - Sync 1 DAGs
[2024-03-18T03:24:33.131+0000] {logging_mixin.py:188} INFO - [2024-03-18T03:24:33.131+0000] {dag.py:3820} INFO - Setting next_dagrun for day_3_dag to 2024-03-03T18:00:00+00:00, run_after=2024-04-03T18:00:00+00:00
[2024-03-18T03:24:33.154+0000] {processor.py:183} INFO - Processing /opt/airflow/dags/day_3_dag.py took 0.078 seconds
[2024-03-18T03:25:03.484+0000] {processor.py:161} INFO - Started process (PID=1884) to work on /opt/airflow/dags/day_3_dag.py
[2024-03-18T03:25:03.485+0000] {processor.py:830} INFO - Processing file /opt/airflow/dags/day_3_dag.py for tasks to queue
[2024-03-18T03:25:03.487+0000] {logging_mixin.py:188} INFO - [2024-03-18T03:25:03.486+0000] {dagbag.py:538} INFO - Filling up the DagBag from /opt/airflow/dags/day_3_dag.py
[2024-03-18T03:25:03.498+0000] {processor.py:840} INFO - DAG(s) 'day_3_dag' retrieved from /opt/airflow/dags/day_3_dag.py
[2024-03-18T03:25:03.526+0000] {logging_mixin.py:188} INFO - [2024-03-18T03:25:03.526+0000] {dag.py:3033} INFO - Sync 1 DAGs
[2024-03-18T03:25:03.554+0000] {logging_mixin.py:188} INFO - [2024-03-18T03:25:03.554+0000] {dag.py:3820} INFO - Setting next_dagrun for day_3_dag to 2024-03-03T18:00:00+00:00, run_after=2024-04-03T18:00:00+00:00
[2024-03-18T03:25:03.582+0000] {processor.py:183} INFO - Processing /opt/airflow/dags/day_3_dag.py took 0.101 seconds
[2024-03-18T03:25:33.936+0000] {processor.py:161} INFO - Started process (PID=1919) to work on /opt/airflow/dags/day_3_dag.py
[2024-03-18T03:25:33.937+0000] {processor.py:830} INFO - Processing file /opt/airflow/dags/day_3_dag.py for tasks to queue
[2024-03-18T03:25:33.938+0000] {logging_mixin.py:188} INFO - [2024-03-18T03:25:33.938+0000] {dagbag.py:538} INFO - Filling up the DagBag from /opt/airflow/dags/day_3_dag.py
[2024-03-18T03:25:33.946+0000] {processor.py:840} INFO - DAG(s) 'day_3_dag' retrieved from /opt/airflow/dags/day_3_dag.py
[2024-03-18T03:25:33.971+0000] {logging_mixin.py:188} INFO - [2024-03-18T03:25:33.971+0000] {dag.py:3033} INFO - Sync 1 DAGs
[2024-03-18T03:25:33.990+0000] {logging_mixin.py:188} INFO - [2024-03-18T03:25:33.990+0000] {dag.py:3820} INFO - Setting next_dagrun for day_3_dag to 2024-03-03T18:00:00+00:00, run_after=2024-04-03T18:00:00+00:00
[2024-03-18T03:25:34.010+0000] {processor.py:183} INFO - Processing /opt/airflow/dags/day_3_dag.py took 0.076 seconds
[2024-03-18T03:26:04.789+0000] {processor.py:161} INFO - Started process (PID=1953) to work on /opt/airflow/dags/day_3_dag.py
[2024-03-18T03:26:04.789+0000] {processor.py:830} INFO - Processing file /opt/airflow/dags/day_3_dag.py for tasks to queue
[2024-03-18T03:26:04.791+0000] {logging_mixin.py:188} INFO - [2024-03-18T03:26:04.791+0000] {dagbag.py:538} INFO - Filling up the DagBag from /opt/airflow/dags/day_3_dag.py
[2024-03-18T03:26:04.799+0000] {processor.py:840} INFO - DAG(s) 'day_3_dag' retrieved from /opt/airflow/dags/day_3_dag.py
[2024-03-18T03:26:04.820+0000] {logging_mixin.py:188} INFO - [2024-03-18T03:26:04.819+0000] {dag.py:3033} INFO - Sync 1 DAGs
[2024-03-18T03:26:04.842+0000] {logging_mixin.py:188} INFO - [2024-03-18T03:26:04.842+0000] {dag.py:3820} INFO - Setting next_dagrun for day_3_dag to 2024-03-03T18:00:00+00:00, run_after=2024-04-03T18:00:00+00:00
[2024-03-18T03:26:04.866+0000] {processor.py:183} INFO - Processing /opt/airflow/dags/day_3_dag.py took 0.080 seconds
[2024-03-18T03:26:35.265+0000] {processor.py:161} INFO - Started process (PID=1991) to work on /opt/airflow/dags/day_3_dag.py
[2024-03-18T03:26:35.266+0000] {processor.py:830} INFO - Processing file /opt/airflow/dags/day_3_dag.py for tasks to queue
[2024-03-18T03:26:35.267+0000] {logging_mixin.py:188} INFO - [2024-03-18T03:26:35.267+0000] {dagbag.py:538} INFO - Filling up the DagBag from /opt/airflow/dags/day_3_dag.py
[2024-03-18T03:26:35.276+0000] {processor.py:840} INFO - DAG(s) 'day_3_dag' retrieved from /opt/airflow/dags/day_3_dag.py
[2024-03-18T03:26:35.301+0000] {logging_mixin.py:188} INFO - [2024-03-18T03:26:35.301+0000] {dag.py:3033} INFO - Sync 1 DAGs
[2024-03-18T03:26:35.321+0000] {logging_mixin.py:188} INFO - [2024-03-18T03:26:35.321+0000] {dag.py:3820} INFO - Setting next_dagrun for day_3_dag to 2024-03-03T18:00:00+00:00, run_after=2024-04-03T18:00:00+00:00
[2024-03-18T03:26:35.339+0000] {processor.py:183} INFO - Processing /opt/airflow/dags/day_3_dag.py took 0.077 seconds
[2024-03-18T03:27:05.648+0000] {processor.py:161} INFO - Started process (PID=2020) to work on /opt/airflow/dags/day_3_dag.py
[2024-03-18T03:27:05.648+0000] {processor.py:830} INFO - Processing file /opt/airflow/dags/day_3_dag.py for tasks to queue
[2024-03-18T03:27:05.650+0000] {logging_mixin.py:188} INFO - [2024-03-18T03:27:05.649+0000] {dagbag.py:538} INFO - Filling up the DagBag from /opt/airflow/dags/day_3_dag.py
[2024-03-18T03:27:05.659+0000] {processor.py:840} INFO - DAG(s) 'day_3_dag' retrieved from /opt/airflow/dags/day_3_dag.py
[2024-03-18T03:27:05.678+0000] {logging_mixin.py:188} INFO - [2024-03-18T03:27:05.678+0000] {dag.py:3033} INFO - Sync 1 DAGs
[2024-03-18T03:27:05.697+0000] {logging_mixin.py:188} INFO - [2024-03-18T03:27:05.696+0000] {dag.py:3820} INFO - Setting next_dagrun for day_3_dag to 2024-03-03T18:00:00+00:00, run_after=2024-04-03T18:00:00+00:00
[2024-03-18T03:27:05.720+0000] {processor.py:183} INFO - Processing /opt/airflow/dags/day_3_dag.py took 0.075 seconds
[2024-03-18T03:27:35.759+0000] {processor.py:161} INFO - Started process (PID=2062) to work on /opt/airflow/dags/day_3_dag.py
[2024-03-18T03:27:35.760+0000] {processor.py:830} INFO - Processing file /opt/airflow/dags/day_3_dag.py for tasks to queue
[2024-03-18T03:27:35.761+0000] {logging_mixin.py:188} INFO - [2024-03-18T03:27:35.761+0000] {dagbag.py:538} INFO - Filling up the DagBag from /opt/airflow/dags/day_3_dag.py
[2024-03-18T03:27:35.770+0000] {processor.py:840} INFO - DAG(s) 'day_3_dag' retrieved from /opt/airflow/dags/day_3_dag.py
[2024-03-18T03:27:35.794+0000] {logging_mixin.py:188} INFO - [2024-03-18T03:27:35.794+0000] {dag.py:3033} INFO - Sync 1 DAGs
[2024-03-18T03:27:35.818+0000] {logging_mixin.py:188} INFO - [2024-03-18T03:27:35.817+0000] {dag.py:3820} INFO - Setting next_dagrun for day_3_dag to 2024-03-03T18:00:00+00:00, run_after=2024-04-03T18:00:00+00:00
[2024-03-18T03:27:35.847+0000] {processor.py:183} INFO - Processing /opt/airflow/dags/day_3_dag.py took 0.090 seconds
[2024-03-18T03:28:06.382+0000] {processor.py:161} INFO - Started process (PID=2097) to work on /opt/airflow/dags/day_3_dag.py
[2024-03-18T03:28:06.383+0000] {processor.py:830} INFO - Processing file /opt/airflow/dags/day_3_dag.py for tasks to queue
[2024-03-18T03:28:06.385+0000] {logging_mixin.py:188} INFO - [2024-03-18T03:28:06.385+0000] {dagbag.py:538} INFO - Filling up the DagBag from /opt/airflow/dags/day_3_dag.py
[2024-03-18T03:28:06.394+0000] {processor.py:840} INFO - DAG(s) 'day_3_dag' retrieved from /opt/airflow/dags/day_3_dag.py
[2024-03-18T03:28:06.419+0000] {logging_mixin.py:188} INFO - [2024-03-18T03:28:06.419+0000] {dag.py:3033} INFO - Sync 1 DAGs
[2024-03-18T03:28:06.442+0000] {logging_mixin.py:188} INFO - [2024-03-18T03:28:06.442+0000] {dag.py:3820} INFO - Setting next_dagrun for day_3_dag to 2024-03-03T18:00:00+00:00, run_after=2024-04-03T18:00:00+00:00
[2024-03-18T03:28:06.463+0000] {processor.py:183} INFO - Processing /opt/airflow/dags/day_3_dag.py took 0.084 seconds
[2024-03-18T03:28:36.714+0000] {processor.py:161} INFO - Started process (PID=2132) to work on /opt/airflow/dags/day_3_dag.py
[2024-03-18T03:28:36.715+0000] {processor.py:830} INFO - Processing file /opt/airflow/dags/day_3_dag.py for tasks to queue
[2024-03-18T03:28:36.717+0000] {logging_mixin.py:188} INFO - [2024-03-18T03:28:36.717+0000] {dagbag.py:538} INFO - Filling up the DagBag from /opt/airflow/dags/day_3_dag.py
[2024-03-18T03:28:36.726+0000] {processor.py:840} INFO - DAG(s) 'day_3_dag' retrieved from /opt/airflow/dags/day_3_dag.py
[2024-03-18T03:28:36.747+0000] {logging_mixin.py:188} INFO - [2024-03-18T03:28:36.747+0000] {dag.py:3033} INFO - Sync 1 DAGs
[2024-03-18T03:28:36.766+0000] {logging_mixin.py:188} INFO - [2024-03-18T03:28:36.766+0000] {dag.py:3820} INFO - Setting next_dagrun for day_3_dag to 2024-03-03T18:00:00+00:00, run_after=2024-04-03T18:00:00+00:00
[2024-03-18T03:28:36.784+0000] {processor.py:183} INFO - Processing /opt/airflow/dags/day_3_dag.py took 0.073 seconds
[2024-03-18T03:29:07.212+0000] {processor.py:161} INFO - Started process (PID=2160) to work on /opt/airflow/dags/day_3_dag.py
[2024-03-18T03:29:07.212+0000] {processor.py:830} INFO - Processing file /opt/airflow/dags/day_3_dag.py for tasks to queue
[2024-03-18T03:29:07.214+0000] {logging_mixin.py:188} INFO - [2024-03-18T03:29:07.214+0000] {dagbag.py:538} INFO - Filling up the DagBag from /opt/airflow/dags/day_3_dag.py
[2024-03-18T03:29:07.222+0000] {processor.py:840} INFO - DAG(s) 'day_3_dag' retrieved from /opt/airflow/dags/day_3_dag.py
[2024-03-18T03:29:07.242+0000] {logging_mixin.py:188} INFO - [2024-03-18T03:29:07.242+0000] {dag.py:3033} INFO - Sync 1 DAGs
[2024-03-18T03:29:07.260+0000] {logging_mixin.py:188} INFO - [2024-03-18T03:29:07.260+0000] {dag.py:3820} INFO - Setting next_dagrun for day_3_dag to 2024-03-03T18:00:00+00:00, run_after=2024-04-03T18:00:00+00:00
[2024-03-18T03:29:07.283+0000] {processor.py:183} INFO - Processing /opt/airflow/dags/day_3_dag.py took 0.073 seconds
[2024-03-18T03:29:37.619+0000] {processor.py:161} INFO - Started process (PID=2193) to work on /opt/airflow/dags/day_3_dag.py
[2024-03-18T03:29:37.620+0000] {processor.py:830} INFO - Processing file /opt/airflow/dags/day_3_dag.py for tasks to queue
[2024-03-18T03:29:37.621+0000] {logging_mixin.py:188} INFO - [2024-03-18T03:29:37.621+0000] {dagbag.py:538} INFO - Filling up the DagBag from /opt/airflow/dags/day_3_dag.py
[2024-03-18T03:29:37.629+0000] {processor.py:840} INFO - DAG(s) 'day_3_dag' retrieved from /opt/airflow/dags/day_3_dag.py
[2024-03-18T03:29:37.652+0000] {logging_mixin.py:188} INFO - [2024-03-18T03:29:37.652+0000] {dag.py:3033} INFO - Sync 1 DAGs
[2024-03-18T03:29:37.670+0000] {logging_mixin.py:188} INFO - [2024-03-18T03:29:37.670+0000] {dag.py:3820} INFO - Setting next_dagrun for day_3_dag to 2024-03-03T18:00:00+00:00, run_after=2024-04-03T18:00:00+00:00
[2024-03-18T03:29:37.694+0000] {processor.py:183} INFO - Processing /opt/airflow/dags/day_3_dag.py took 0.078 seconds
