[2024-03-18T02:58:38.781+0000] {processor.py:161} INFO - Started process (PID=62) to work on /opt/airflow/dags/everyday_dag.py
[2024-03-18T02:58:38.782+0000] {processor.py:830} INFO - Processing file /opt/airflow/dags/everyday_dag.py for tasks to queue
[2024-03-18T02:58:38.784+0000] {logging_mixin.py:188} INFO - [2024-03-18T02:58:38.784+0000] {dagbag.py:538} INFO - Filling up the DagBag from /opt/airflow/dags/everyday_dag.py
[2024-03-18T02:58:38.801+0000] {processor.py:840} INFO - DAG(s) 'everyday_dag' retrieved from /opt/airflow/dags/everyday_dag.py
[2024-03-18T02:58:38.831+0000] {logging_mixin.py:188} INFO - [2024-03-18T02:58:38.831+0000] {dag.py:3033} INFO - Sync 1 DAGs
[2024-03-18T02:58:38.859+0000] {logging_mixin.py:188} INFO - [2024-03-18T02:58:38.859+0000] {dag.py:3820} INFO - Setting next_dagrun for everyday_dag to 2024-03-18T00:00:00+00:00, run_after=2024-03-19T00:00:00+00:00
[2024-03-18T02:58:38.885+0000] {processor.py:183} INFO - Processing /opt/airflow/dags/everyday_dag.py took 0.108 seconds
[2024-03-18T02:59:09.106+0000] {processor.py:161} INFO - Started process (PID=96) to work on /opt/airflow/dags/everyday_dag.py
[2024-03-18T02:59:09.107+0000] {processor.py:830} INFO - Processing file /opt/airflow/dags/everyday_dag.py for tasks to queue
[2024-03-18T02:59:09.108+0000] {logging_mixin.py:188} INFO - [2024-03-18T02:59:09.108+0000] {dagbag.py:538} INFO - Filling up the DagBag from /opt/airflow/dags/everyday_dag.py
[2024-03-18T02:59:09.118+0000] {processor.py:840} INFO - DAG(s) 'everyday_dag' retrieved from /opt/airflow/dags/everyday_dag.py
[2024-03-18T02:59:09.143+0000] {logging_mixin.py:188} INFO - [2024-03-18T02:59:09.143+0000] {dag.py:3033} INFO - Sync 1 DAGs
[2024-03-18T02:59:09.162+0000] {logging_mixin.py:188} INFO - [2024-03-18T02:59:09.162+0000] {dag.py:3820} INFO - Setting next_dagrun for everyday_dag to 2024-03-18T00:00:00+00:00, run_after=2024-03-19T00:00:00+00:00
[2024-03-18T02:59:09.180+0000] {processor.py:183} INFO - Processing /opt/airflow/dags/everyday_dag.py took 0.077 seconds
[2024-03-18T02:59:39.485+0000] {processor.py:161} INFO - Started process (PID=137) to work on /opt/airflow/dags/everyday_dag.py
[2024-03-18T02:59:39.486+0000] {processor.py:830} INFO - Processing file /opt/airflow/dags/everyday_dag.py for tasks to queue
[2024-03-18T02:59:39.487+0000] {logging_mixin.py:188} INFO - [2024-03-18T02:59:39.487+0000] {dagbag.py:538} INFO - Filling up the DagBag from /opt/airflow/dags/everyday_dag.py
[2024-03-18T02:59:39.496+0000] {processor.py:840} INFO - DAG(s) 'everyday_dag' retrieved from /opt/airflow/dags/everyday_dag.py
[2024-03-18T02:59:39.516+0000] {logging_mixin.py:188} INFO - [2024-03-18T02:59:39.516+0000] {dag.py:3033} INFO - Sync 1 DAGs
[2024-03-18T02:59:39.534+0000] {logging_mixin.py:188} INFO - [2024-03-18T02:59:39.534+0000] {dag.py:3820} INFO - Setting next_dagrun for everyday_dag to 2024-03-18T00:00:00+00:00, run_after=2024-03-19T00:00:00+00:00
[2024-03-18T02:59:39.551+0000] {processor.py:183} INFO - Processing /opt/airflow/dags/everyday_dag.py took 0.069 seconds
[2024-03-18T03:00:10.398+0000] {processor.py:161} INFO - Started process (PID=171) to work on /opt/airflow/dags/everyday_dag.py
[2024-03-18T03:00:10.399+0000] {processor.py:830} INFO - Processing file /opt/airflow/dags/everyday_dag.py for tasks to queue
[2024-03-18T03:00:10.402+0000] {logging_mixin.py:188} INFO - [2024-03-18T03:00:10.402+0000] {dagbag.py:538} INFO - Filling up the DagBag from /opt/airflow/dags/everyday_dag.py
[2024-03-18T03:00:10.415+0000] {processor.py:840} INFO - DAG(s) 'everyday_dag' retrieved from /opt/airflow/dags/everyday_dag.py
[2024-03-18T03:00:10.442+0000] {logging_mixin.py:188} INFO - [2024-03-18T03:00:10.441+0000] {dag.py:3033} INFO - Sync 1 DAGs
[2024-03-18T03:00:10.467+0000] {logging_mixin.py:188} INFO - [2024-03-18T03:00:10.467+0000] {dag.py:3820} INFO - Setting next_dagrun for everyday_dag to 2024-03-18T00:00:00+00:00, run_after=2024-03-19T00:00:00+00:00
[2024-03-18T03:00:10.490+0000] {processor.py:183} INFO - Processing /opt/airflow/dags/everyday_dag.py took 0.096 seconds
[2024-03-18T03:00:40.941+0000] {processor.py:161} INFO - Started process (PID=207) to work on /opt/airflow/dags/everyday_dag.py
[2024-03-18T03:00:40.942+0000] {processor.py:830} INFO - Processing file /opt/airflow/dags/everyday_dag.py for tasks to queue
[2024-03-18T03:00:40.944+0000] {logging_mixin.py:188} INFO - [2024-03-18T03:00:40.944+0000] {dagbag.py:538} INFO - Filling up the DagBag from /opt/airflow/dags/everyday_dag.py
[2024-03-18T03:00:40.957+0000] {processor.py:840} INFO - DAG(s) 'everyday_dag' retrieved from /opt/airflow/dags/everyday_dag.py
[2024-03-18T03:00:41.025+0000] {logging_mixin.py:188} INFO - [2024-03-18T03:00:41.024+0000] {dag.py:3033} INFO - Sync 1 DAGs
[2024-03-18T03:00:41.053+0000] {logging_mixin.py:188} INFO - [2024-03-18T03:00:41.053+0000] {dag.py:3820} INFO - Setting next_dagrun for everyday_dag to 2024-03-18T00:00:00+00:00, run_after=2024-03-19T00:00:00+00:00
[2024-03-18T03:00:41.077+0000] {processor.py:183} INFO - Processing /opt/airflow/dags/everyday_dag.py took 0.139 seconds
[2024-03-18T03:01:12.077+0000] {processor.py:161} INFO - Started process (PID=238) to work on /opt/airflow/dags/everyday_dag.py
[2024-03-18T03:01:12.078+0000] {processor.py:830} INFO - Processing file /opt/airflow/dags/everyday_dag.py for tasks to queue
[2024-03-18T03:01:12.080+0000] {logging_mixin.py:188} INFO - [2024-03-18T03:01:12.079+0000] {dagbag.py:538} INFO - Filling up the DagBag from /opt/airflow/dags/everyday_dag.py
[2024-03-18T03:01:12.091+0000] {processor.py:840} INFO - DAG(s) 'everyday_dag' retrieved from /opt/airflow/dags/everyday_dag.py
[2024-03-18T03:01:12.113+0000] {logging_mixin.py:188} INFO - [2024-03-18T03:01:12.113+0000] {dag.py:3033} INFO - Sync 1 DAGs
[2024-03-18T03:01:12.138+0000] {logging_mixin.py:188} INFO - [2024-03-18T03:01:12.138+0000] {dag.py:3820} INFO - Setting next_dagrun for everyday_dag to 2024-03-18T00:00:00+00:00, run_after=2024-03-19T00:00:00+00:00
[2024-03-18T03:01:12.157+0000] {processor.py:183} INFO - Processing /opt/airflow/dags/everyday_dag.py took 0.083 seconds
[2024-03-18T03:01:42.426+0000] {processor.py:161} INFO - Started process (PID=280) to work on /opt/airflow/dags/everyday_dag.py
[2024-03-18T03:01:42.427+0000] {processor.py:830} INFO - Processing file /opt/airflow/dags/everyday_dag.py for tasks to queue
[2024-03-18T03:01:42.428+0000] {logging_mixin.py:188} INFO - [2024-03-18T03:01:42.428+0000] {dagbag.py:538} INFO - Filling up the DagBag from /opt/airflow/dags/everyday_dag.py
[2024-03-18T03:01:42.439+0000] {processor.py:840} INFO - DAG(s) 'everyday_dag' retrieved from /opt/airflow/dags/everyday_dag.py
[2024-03-18T03:01:42.465+0000] {logging_mixin.py:188} INFO - [2024-03-18T03:01:42.465+0000] {dag.py:3033} INFO - Sync 1 DAGs
[2024-03-18T03:01:42.489+0000] {logging_mixin.py:188} INFO - [2024-03-18T03:01:42.489+0000] {dag.py:3820} INFO - Setting next_dagrun for everyday_dag to 2024-03-18T00:00:00+00:00, run_after=2024-03-19T00:00:00+00:00
[2024-03-18T03:01:42.511+0000] {processor.py:183} INFO - Processing /opt/airflow/dags/everyday_dag.py took 0.087 seconds
[2024-03-18T03:02:13.454+0000] {processor.py:161} INFO - Started process (PID=314) to work on /opt/airflow/dags/everyday_dag.py
[2024-03-18T03:02:13.455+0000] {processor.py:830} INFO - Processing file /opt/airflow/dags/everyday_dag.py for tasks to queue
[2024-03-18T03:02:13.457+0000] {logging_mixin.py:188} INFO - [2024-03-18T03:02:13.456+0000] {dagbag.py:538} INFO - Filling up the DagBag from /opt/airflow/dags/everyday_dag.py
[2024-03-18T03:02:13.468+0000] {processor.py:840} INFO - DAG(s) 'everyday_dag' retrieved from /opt/airflow/dags/everyday_dag.py
[2024-03-18T03:02:13.491+0000] {logging_mixin.py:188} INFO - [2024-03-18T03:02:13.491+0000] {dag.py:3033} INFO - Sync 1 DAGs
[2024-03-18T03:02:13.511+0000] {logging_mixin.py:188} INFO - [2024-03-18T03:02:13.511+0000] {dag.py:3820} INFO - Setting next_dagrun for everyday_dag to 2024-03-18T00:00:00+00:00, run_after=2024-03-19T00:00:00+00:00
[2024-03-18T03:02:13.529+0000] {processor.py:183} INFO - Processing /opt/airflow/dags/everyday_dag.py took 0.077 seconds
[2024-03-18T03:02:43.807+0000] {processor.py:161} INFO - Started process (PID=349) to work on /opt/airflow/dags/everyday_dag.py
[2024-03-18T03:02:43.808+0000] {processor.py:830} INFO - Processing file /opt/airflow/dags/everyday_dag.py for tasks to queue
[2024-03-18T03:02:43.811+0000] {logging_mixin.py:188} INFO - [2024-03-18T03:02:43.810+0000] {dagbag.py:538} INFO - Filling up the DagBag from /opt/airflow/dags/everyday_dag.py
[2024-03-18T03:02:43.823+0000] {processor.py:840} INFO - DAG(s) 'everyday_dag' retrieved from /opt/airflow/dags/everyday_dag.py
[2024-03-18T03:02:43.851+0000] {logging_mixin.py:188} INFO - [2024-03-18T03:02:43.851+0000] {dag.py:3033} INFO - Sync 1 DAGs
[2024-03-18T03:02:43.877+0000] {logging_mixin.py:188} INFO - [2024-03-18T03:02:43.877+0000] {dag.py:3820} INFO - Setting next_dagrun for everyday_dag to 2024-03-18T00:00:00+00:00, run_after=2024-03-19T00:00:00+00:00
[2024-03-18T03:02:43.903+0000] {processor.py:183} INFO - Processing /opt/airflow/dags/everyday_dag.py took 0.099 seconds
[2024-03-18T03:03:14.187+0000] {processor.py:161} INFO - Started process (PID=381) to work on /opt/airflow/dags/everyday_dag.py
[2024-03-18T03:03:14.188+0000] {processor.py:830} INFO - Processing file /opt/airflow/dags/everyday_dag.py for tasks to queue
[2024-03-18T03:03:14.190+0000] {logging_mixin.py:188} INFO - [2024-03-18T03:03:14.189+0000] {dagbag.py:538} INFO - Filling up the DagBag from /opt/airflow/dags/everyday_dag.py
[2024-03-18T03:03:14.199+0000] {processor.py:840} INFO - DAG(s) 'everyday_dag' retrieved from /opt/airflow/dags/everyday_dag.py
[2024-03-18T03:03:14.224+0000] {logging_mixin.py:188} INFO - [2024-03-18T03:03:14.223+0000] {dag.py:3033} INFO - Sync 1 DAGs
[2024-03-18T03:03:14.249+0000] {logging_mixin.py:188} INFO - [2024-03-18T03:03:14.248+0000] {dag.py:3820} INFO - Setting next_dagrun for everyday_dag to 2024-03-18T00:00:00+00:00, run_after=2024-03-19T00:00:00+00:00
[2024-03-18T03:03:14.268+0000] {processor.py:183} INFO - Processing /opt/airflow/dags/everyday_dag.py took 0.083 seconds
[2024-03-18T03:03:45.148+0000] {processor.py:161} INFO - Started process (PID=415) to work on /opt/airflow/dags/everyday_dag.py
[2024-03-18T03:03:45.149+0000] {processor.py:830} INFO - Processing file /opt/airflow/dags/everyday_dag.py for tasks to queue
[2024-03-18T03:03:45.151+0000] {logging_mixin.py:188} INFO - [2024-03-18T03:03:45.151+0000] {dagbag.py:538} INFO - Filling up the DagBag from /opt/airflow/dags/everyday_dag.py
[2024-03-18T03:03:45.160+0000] {processor.py:840} INFO - DAG(s) 'everyday_dag' retrieved from /opt/airflow/dags/everyday_dag.py
[2024-03-18T03:03:45.181+0000] {logging_mixin.py:188} INFO - [2024-03-18T03:03:45.181+0000] {dag.py:3033} INFO - Sync 1 DAGs
[2024-03-18T03:03:45.200+0000] {logging_mixin.py:188} INFO - [2024-03-18T03:03:45.200+0000] {dag.py:3820} INFO - Setting next_dagrun for everyday_dag to 2024-03-18T00:00:00+00:00, run_after=2024-03-19T00:00:00+00:00
[2024-03-18T03:03:45.218+0000] {processor.py:183} INFO - Processing /opt/airflow/dags/everyday_dag.py took 0.072 seconds
[2024-03-18T03:04:15.477+0000] {processor.py:161} INFO - Started process (PID=457) to work on /opt/airflow/dags/everyday_dag.py
[2024-03-18T03:04:15.477+0000] {processor.py:830} INFO - Processing file /opt/airflow/dags/everyday_dag.py for tasks to queue
[2024-03-18T03:04:15.479+0000] {logging_mixin.py:188} INFO - [2024-03-18T03:04:15.479+0000] {dagbag.py:538} INFO - Filling up the DagBag from /opt/airflow/dags/everyday_dag.py
[2024-03-18T03:04:15.490+0000] {processor.py:840} INFO - DAG(s) 'everyday_dag' retrieved from /opt/airflow/dags/everyday_dag.py
[2024-03-18T03:04:15.515+0000] {logging_mixin.py:188} INFO - [2024-03-18T03:04:15.515+0000] {dag.py:3033} INFO - Sync 1 DAGs
[2024-03-18T03:04:15.536+0000] {logging_mixin.py:188} INFO - [2024-03-18T03:04:15.536+0000] {dag.py:3820} INFO - Setting next_dagrun for everyday_dag to 2024-03-18T00:00:00+00:00, run_after=2024-03-19T00:00:00+00:00
[2024-03-18T03:04:15.554+0000] {processor.py:183} INFO - Processing /opt/airflow/dags/everyday_dag.py took 0.081 seconds
[2024-03-18T03:04:45.835+0000] {processor.py:161} INFO - Started process (PID=485) to work on /opt/airflow/dags/everyday_dag.py
[2024-03-18T03:04:45.836+0000] {processor.py:830} INFO - Processing file /opt/airflow/dags/everyday_dag.py for tasks to queue
[2024-03-18T03:04:45.838+0000] {logging_mixin.py:188} INFO - [2024-03-18T03:04:45.837+0000] {dagbag.py:538} INFO - Filling up the DagBag from /opt/airflow/dags/everyday_dag.py
[2024-03-18T03:04:45.846+0000] {processor.py:840} INFO - DAG(s) 'everyday_dag' retrieved from /opt/airflow/dags/everyday_dag.py
[2024-03-18T03:04:45.873+0000] {logging_mixin.py:188} INFO - [2024-03-18T03:04:45.872+0000] {dag.py:3033} INFO - Sync 1 DAGs
[2024-03-18T03:04:45.898+0000] {logging_mixin.py:188} INFO - [2024-03-18T03:04:45.898+0000] {dag.py:3820} INFO - Setting next_dagrun for everyday_dag to 2024-03-18T00:00:00+00:00, run_after=2024-03-19T00:00:00+00:00
[2024-03-18T03:04:45.921+0000] {processor.py:183} INFO - Processing /opt/airflow/dags/everyday_dag.py took 0.088 seconds
[2024-03-18T03:05:16.226+0000] {processor.py:161} INFO - Started process (PID=524) to work on /opt/airflow/dags/everyday_dag.py
[2024-03-18T03:05:16.227+0000] {processor.py:830} INFO - Processing file /opt/airflow/dags/everyday_dag.py for tasks to queue
[2024-03-18T03:05:16.230+0000] {logging_mixin.py:188} INFO - [2024-03-18T03:05:16.229+0000] {dagbag.py:538} INFO - Filling up the DagBag from /opt/airflow/dags/everyday_dag.py
[2024-03-18T03:05:16.241+0000] {processor.py:840} INFO - DAG(s) 'everyday_dag' retrieved from /opt/airflow/dags/everyday_dag.py
[2024-03-18T03:05:16.269+0000] {logging_mixin.py:188} INFO - [2024-03-18T03:05:16.269+0000] {dag.py:3033} INFO - Sync 1 DAGs
[2024-03-18T03:05:16.297+0000] {logging_mixin.py:188} INFO - [2024-03-18T03:05:16.297+0000] {dag.py:3820} INFO - Setting next_dagrun for everyday_dag to 2024-03-18T00:00:00+00:00, run_after=2024-03-19T00:00:00+00:00
[2024-03-18T03:05:16.320+0000] {processor.py:183} INFO - Processing /opt/airflow/dags/everyday_dag.py took 0.098 seconds
[2024-03-18T03:05:46.688+0000] {processor.py:161} INFO - Started process (PID=553) to work on /opt/airflow/dags/everyday_dag.py
[2024-03-18T03:05:46.689+0000] {processor.py:830} INFO - Processing file /opt/airflow/dags/everyday_dag.py for tasks to queue
[2024-03-18T03:05:46.690+0000] {logging_mixin.py:188} INFO - [2024-03-18T03:05:46.690+0000] {dagbag.py:538} INFO - Filling up the DagBag from /opt/airflow/dags/everyday_dag.py
[2024-03-18T03:05:46.699+0000] {processor.py:840} INFO - DAG(s) 'everyday_dag' retrieved from /opt/airflow/dags/everyday_dag.py
[2024-03-18T03:05:46.721+0000] {logging_mixin.py:188} INFO - [2024-03-18T03:05:46.721+0000] {dag.py:3033} INFO - Sync 1 DAGs
[2024-03-18T03:05:46.741+0000] {logging_mixin.py:188} INFO - [2024-03-18T03:05:46.741+0000] {dag.py:3820} INFO - Setting next_dagrun for everyday_dag to 2024-03-18T00:00:00+00:00, run_after=2024-03-19T00:00:00+00:00
[2024-03-18T03:05:46.759+0000] {processor.py:183} INFO - Processing /opt/airflow/dags/everyday_dag.py took 0.074 seconds
[2024-03-18T03:06:17.013+0000] {processor.py:161} INFO - Started process (PID=594) to work on /opt/airflow/dags/everyday_dag.py
[2024-03-18T03:06:17.014+0000] {processor.py:830} INFO - Processing file /opt/airflow/dags/everyday_dag.py for tasks to queue
[2024-03-18T03:06:17.017+0000] {logging_mixin.py:188} INFO - [2024-03-18T03:06:17.017+0000] {dagbag.py:538} INFO - Filling up the DagBag from /opt/airflow/dags/everyday_dag.py
[2024-03-18T03:06:17.026+0000] {processor.py:840} INFO - DAG(s) 'everyday_dag' retrieved from /opt/airflow/dags/everyday_dag.py
[2024-03-18T03:06:17.050+0000] {logging_mixin.py:188} INFO - [2024-03-18T03:06:17.049+0000] {dag.py:3033} INFO - Sync 1 DAGs
[2024-03-18T03:06:17.076+0000] {logging_mixin.py:188} INFO - [2024-03-18T03:06:17.075+0000] {dag.py:3820} INFO - Setting next_dagrun for everyday_dag to 2024-03-18T00:00:00+00:00, run_after=2024-03-19T00:00:00+00:00
[2024-03-18T03:06:17.100+0000] {processor.py:183} INFO - Processing /opt/airflow/dags/everyday_dag.py took 0.090 seconds
[2024-03-18T03:06:47.383+0000] {processor.py:161} INFO - Started process (PID=623) to work on /opt/airflow/dags/everyday_dag.py
[2024-03-18T03:06:47.384+0000] {processor.py:830} INFO - Processing file /opt/airflow/dags/everyday_dag.py for tasks to queue
[2024-03-18T03:06:47.386+0000] {logging_mixin.py:188} INFO - [2024-03-18T03:06:47.386+0000] {dagbag.py:538} INFO - Filling up the DagBag from /opt/airflow/dags/everyday_dag.py
[2024-03-18T03:06:47.394+0000] {processor.py:840} INFO - DAG(s) 'everyday_dag' retrieved from /opt/airflow/dags/everyday_dag.py
[2024-03-18T03:06:47.414+0000] {logging_mixin.py:188} INFO - [2024-03-18T03:06:47.414+0000] {dag.py:3033} INFO - Sync 1 DAGs
[2024-03-18T03:06:47.433+0000] {logging_mixin.py:188} INFO - [2024-03-18T03:06:47.432+0000] {dag.py:3820} INFO - Setting next_dagrun for everyday_dag to 2024-03-18T00:00:00+00:00, run_after=2024-03-19T00:00:00+00:00
[2024-03-18T03:06:47.453+0000] {processor.py:183} INFO - Processing /opt/airflow/dags/everyday_dag.py took 0.072 seconds
[2024-03-18T03:07:17.568+0000] {processor.py:161} INFO - Started process (PID=655) to work on /opt/airflow/dags/everyday_dag.py
[2024-03-18T03:07:17.569+0000] {processor.py:830} INFO - Processing file /opt/airflow/dags/everyday_dag.py for tasks to queue
[2024-03-18T03:07:17.571+0000] {logging_mixin.py:188} INFO - [2024-03-18T03:07:17.571+0000] {dagbag.py:538} INFO - Filling up the DagBag from /opt/airflow/dags/everyday_dag.py
[2024-03-18T03:07:17.580+0000] {processor.py:840} INFO - DAG(s) 'everyday_dag' retrieved from /opt/airflow/dags/everyday_dag.py
[2024-03-18T03:07:17.600+0000] {logging_mixin.py:188} INFO - [2024-03-18T03:07:17.600+0000] {dag.py:3033} INFO - Sync 1 DAGs
[2024-03-18T03:07:17.618+0000] {logging_mixin.py:188} INFO - [2024-03-18T03:07:17.618+0000] {dag.py:3820} INFO - Setting next_dagrun for everyday_dag to 2024-03-18T00:00:00+00:00, run_after=2024-03-19T00:00:00+00:00
[2024-03-18T03:07:17.636+0000] {processor.py:183} INFO - Processing /opt/airflow/dags/everyday_dag.py took 0.071 seconds
[2024-03-18T03:07:47.900+0000] {processor.py:161} INFO - Started process (PID=697) to work on /opt/airflow/dags/everyday_dag.py
[2024-03-18T03:07:47.901+0000] {processor.py:830} INFO - Processing file /opt/airflow/dags/everyday_dag.py for tasks to queue
[2024-03-18T03:07:47.902+0000] {logging_mixin.py:188} INFO - [2024-03-18T03:07:47.902+0000] {dagbag.py:538} INFO - Filling up the DagBag from /opt/airflow/dags/everyday_dag.py
[2024-03-18T03:07:47.911+0000] {processor.py:840} INFO - DAG(s) 'everyday_dag' retrieved from /opt/airflow/dags/everyday_dag.py
[2024-03-18T03:07:47.933+0000] {logging_mixin.py:188} INFO - [2024-03-18T03:07:47.933+0000] {dag.py:3033} INFO - Sync 1 DAGs
[2024-03-18T03:07:47.953+0000] {logging_mixin.py:188} INFO - [2024-03-18T03:07:47.953+0000] {dag.py:3820} INFO - Setting next_dagrun for everyday_dag to 2024-03-18T00:00:00+00:00, run_after=2024-03-19T00:00:00+00:00
[2024-03-18T03:07:47.972+0000] {processor.py:183} INFO - Processing /opt/airflow/dags/everyday_dag.py took 0.075 seconds
[2024-03-18T03:08:18.311+0000] {processor.py:161} INFO - Started process (PID=731) to work on /opt/airflow/dags/everyday_dag.py
[2024-03-18T03:08:18.312+0000] {processor.py:830} INFO - Processing file /opt/airflow/dags/everyday_dag.py for tasks to queue
[2024-03-18T03:08:18.315+0000] {logging_mixin.py:188} INFO - [2024-03-18T03:08:18.315+0000] {dagbag.py:538} INFO - Filling up the DagBag from /opt/airflow/dags/everyday_dag.py
[2024-03-18T03:08:18.332+0000] {processor.py:840} INFO - DAG(s) 'everyday_dag' retrieved from /opt/airflow/dags/everyday_dag.py
[2024-03-18T03:08:18.369+0000] {logging_mixin.py:188} INFO - [2024-03-18T03:08:18.369+0000] {dag.py:3033} INFO - Sync 1 DAGs
[2024-03-18T03:08:18.404+0000] {logging_mixin.py:188} INFO - [2024-03-18T03:08:18.404+0000] {dag.py:3820} INFO - Setting next_dagrun for everyday_dag to 2024-03-18T00:00:00+00:00, run_after=2024-03-19T00:00:00+00:00
[2024-03-18T03:08:18.430+0000] {processor.py:183} INFO - Processing /opt/airflow/dags/everyday_dag.py took 0.122 seconds
[2024-03-18T03:08:48.712+0000] {processor.py:161} INFO - Started process (PID=765) to work on /opt/airflow/dags/everyday_dag.py
[2024-03-18T03:08:48.713+0000] {processor.py:830} INFO - Processing file /opt/airflow/dags/everyday_dag.py for tasks to queue
[2024-03-18T03:08:48.719+0000] {logging_mixin.py:188} INFO - [2024-03-18T03:08:48.719+0000] {dagbag.py:538} INFO - Filling up the DagBag from /opt/airflow/dags/everyday_dag.py
[2024-03-18T03:08:48.730+0000] {processor.py:840} INFO - DAG(s) 'everyday_dag' retrieved from /opt/airflow/dags/everyday_dag.py
[2024-03-18T03:08:48.757+0000] {logging_mixin.py:188} INFO - [2024-03-18T03:08:48.757+0000] {dag.py:3033} INFO - Sync 1 DAGs
[2024-03-18T03:08:48.782+0000] {logging_mixin.py:188} INFO - [2024-03-18T03:08:48.782+0000] {dag.py:3820} INFO - Setting next_dagrun for everyday_dag to 2024-03-18T00:00:00+00:00, run_after=2024-03-19T00:00:00+00:00
[2024-03-18T03:08:48.817+0000] {processor.py:183} INFO - Processing /opt/airflow/dags/everyday_dag.py took 0.108 seconds
[2024-03-18T03:09:19.186+0000] {processor.py:161} INFO - Started process (PID=798) to work on /opt/airflow/dags/everyday_dag.py
[2024-03-18T03:09:19.187+0000] {processor.py:830} INFO - Processing file /opt/airflow/dags/everyday_dag.py for tasks to queue
[2024-03-18T03:09:19.189+0000] {logging_mixin.py:188} INFO - [2024-03-18T03:09:19.189+0000] {dagbag.py:538} INFO - Filling up the DagBag from /opt/airflow/dags/everyday_dag.py
[2024-03-18T03:09:19.198+0000] {processor.py:840} INFO - DAG(s) 'everyday_dag' retrieved from /opt/airflow/dags/everyday_dag.py
[2024-03-18T03:09:19.220+0000] {logging_mixin.py:188} INFO - [2024-03-18T03:09:19.220+0000] {dag.py:3033} INFO - Sync 1 DAGs
[2024-03-18T03:09:19.240+0000] {logging_mixin.py:188} INFO - [2024-03-18T03:09:19.240+0000] {dag.py:3820} INFO - Setting next_dagrun for everyday_dag to 2024-03-18T00:00:00+00:00, run_after=2024-03-19T00:00:00+00:00
[2024-03-18T03:09:19.258+0000] {processor.py:183} INFO - Processing /opt/airflow/dags/everyday_dag.py took 0.074 seconds
[2024-03-18T03:09:49.523+0000] {processor.py:161} INFO - Started process (PID=839) to work on /opt/airflow/dags/everyday_dag.py
[2024-03-18T03:09:49.523+0000] {processor.py:830} INFO - Processing file /opt/airflow/dags/everyday_dag.py for tasks to queue
[2024-03-18T03:09:49.525+0000] {logging_mixin.py:188} INFO - [2024-03-18T03:09:49.525+0000] {dagbag.py:538} INFO - Filling up the DagBag from /opt/airflow/dags/everyday_dag.py
[2024-03-18T03:09:49.535+0000] {processor.py:840} INFO - DAG(s) 'everyday_dag' retrieved from /opt/airflow/dags/everyday_dag.py
[2024-03-18T03:09:49.559+0000] {logging_mixin.py:188} INFO - [2024-03-18T03:09:49.559+0000] {dag.py:3033} INFO - Sync 1 DAGs
[2024-03-18T03:09:49.586+0000] {logging_mixin.py:188} INFO - [2024-03-18T03:09:49.585+0000] {dag.py:3820} INFO - Setting next_dagrun for everyday_dag to 2024-03-18T00:00:00+00:00, run_after=2024-03-19T00:00:00+00:00
[2024-03-18T03:09:49.610+0000] {processor.py:183} INFO - Processing /opt/airflow/dags/everyday_dag.py took 0.091 seconds
[2024-03-18T03:10:19.898+0000] {processor.py:161} INFO - Started process (PID=874) to work on /opt/airflow/dags/everyday_dag.py
[2024-03-18T03:10:19.899+0000] {processor.py:830} INFO - Processing file /opt/airflow/dags/everyday_dag.py for tasks to queue
[2024-03-18T03:10:19.901+0000] {logging_mixin.py:188} INFO - [2024-03-18T03:10:19.901+0000] {dagbag.py:538} INFO - Filling up the DagBag from /opt/airflow/dags/everyday_dag.py
[2024-03-18T03:10:19.909+0000] {processor.py:840} INFO - DAG(s) 'everyday_dag' retrieved from /opt/airflow/dags/everyday_dag.py
[2024-03-18T03:10:19.928+0000] {logging_mixin.py:188} INFO - [2024-03-18T03:10:19.928+0000] {dag.py:3033} INFO - Sync 1 DAGs
[2024-03-18T03:10:19.945+0000] {logging_mixin.py:188} INFO - [2024-03-18T03:10:19.945+0000] {dag.py:3820} INFO - Setting next_dagrun for everyday_dag to 2024-03-18T00:00:00+00:00, run_after=2024-03-19T00:00:00+00:00
[2024-03-18T03:10:19.963+0000] {processor.py:183} INFO - Processing /opt/airflow/dags/everyday_dag.py took 0.067 seconds
[2024-03-18T03:10:50.282+0000] {processor.py:161} INFO - Started process (PID=900) to work on /opt/airflow/dags/everyday_dag.py
[2024-03-18T03:10:50.283+0000] {processor.py:830} INFO - Processing file /opt/airflow/dags/everyday_dag.py for tasks to queue
[2024-03-18T03:10:50.285+0000] {logging_mixin.py:188} INFO - [2024-03-18T03:10:50.284+0000] {dagbag.py:538} INFO - Filling up the DagBag from /opt/airflow/dags/everyday_dag.py
[2024-03-18T03:10:50.293+0000] {processor.py:840} INFO - DAG(s) 'everyday_dag' retrieved from /opt/airflow/dags/everyday_dag.py
[2024-03-18T03:10:50.315+0000] {logging_mixin.py:188} INFO - [2024-03-18T03:10:50.315+0000] {dag.py:3033} INFO - Sync 1 DAGs
[2024-03-18T03:10:50.338+0000] {logging_mixin.py:188} INFO - [2024-03-18T03:10:50.338+0000] {dag.py:3820} INFO - Setting next_dagrun for everyday_dag to 2024-03-18T00:00:00+00:00, run_after=2024-03-19T00:00:00+00:00
[2024-03-18T03:10:50.360+0000] {processor.py:183} INFO - Processing /opt/airflow/dags/everyday_dag.py took 0.080 seconds
[2024-03-18T03:11:20.695+0000] {processor.py:161} INFO - Started process (PID=937) to work on /opt/airflow/dags/everyday_dag.py
[2024-03-18T03:11:20.696+0000] {processor.py:830} INFO - Processing file /opt/airflow/dags/everyday_dag.py for tasks to queue
[2024-03-18T03:11:20.697+0000] {logging_mixin.py:188} INFO - [2024-03-18T03:11:20.697+0000] {dagbag.py:538} INFO - Filling up the DagBag from /opt/airflow/dags/everyday_dag.py
[2024-03-18T03:11:20.707+0000] {processor.py:840} INFO - DAG(s) 'everyday_dag' retrieved from /opt/airflow/dags/everyday_dag.py
[2024-03-18T03:11:20.738+0000] {logging_mixin.py:188} INFO - [2024-03-18T03:11:20.738+0000] {dag.py:3033} INFO - Sync 1 DAGs
[2024-03-18T03:11:20.764+0000] {logging_mixin.py:188} INFO - [2024-03-18T03:11:20.764+0000] {dag.py:3820} INFO - Setting next_dagrun for everyday_dag to 2024-03-18T00:00:00+00:00, run_after=2024-03-19T00:00:00+00:00
[2024-03-18T03:11:20.783+0000] {processor.py:183} INFO - Processing /opt/airflow/dags/everyday_dag.py took 0.090 seconds
[2024-03-18T03:11:51.060+0000] {processor.py:161} INFO - Started process (PID=971) to work on /opt/airflow/dags/everyday_dag.py
[2024-03-18T03:11:51.061+0000] {processor.py:830} INFO - Processing file /opt/airflow/dags/everyday_dag.py for tasks to queue
[2024-03-18T03:11:51.063+0000] {logging_mixin.py:188} INFO - [2024-03-18T03:11:51.063+0000] {dagbag.py:538} INFO - Filling up the DagBag from /opt/airflow/dags/everyday_dag.py
[2024-03-18T03:11:51.072+0000] {processor.py:840} INFO - DAG(s) 'everyday_dag' retrieved from /opt/airflow/dags/everyday_dag.py
[2024-03-18T03:11:51.093+0000] {logging_mixin.py:188} INFO - [2024-03-18T03:11:51.092+0000] {dag.py:3033} INFO - Sync 1 DAGs
[2024-03-18T03:11:51.111+0000] {logging_mixin.py:188} INFO - [2024-03-18T03:11:51.111+0000] {dag.py:3820} INFO - Setting next_dagrun for everyday_dag to 2024-03-18T00:00:00+00:00, run_after=2024-03-19T00:00:00+00:00
[2024-03-18T03:11:51.129+0000] {processor.py:183} INFO - Processing /opt/airflow/dags/everyday_dag.py took 0.071 seconds
[2024-03-18T03:12:21.406+0000] {processor.py:161} INFO - Started process (PID=1013) to work on /opt/airflow/dags/everyday_dag.py
[2024-03-18T03:12:21.407+0000] {processor.py:830} INFO - Processing file /opt/airflow/dags/everyday_dag.py for tasks to queue
[2024-03-18T03:12:21.409+0000] {logging_mixin.py:188} INFO - [2024-03-18T03:12:21.408+0000] {dagbag.py:538} INFO - Filling up the DagBag from /opt/airflow/dags/everyday_dag.py
[2024-03-18T03:12:21.417+0000] {processor.py:840} INFO - DAG(s) 'everyday_dag' retrieved from /opt/airflow/dags/everyday_dag.py
[2024-03-18T03:12:21.439+0000] {logging_mixin.py:188} INFO - [2024-03-18T03:12:21.439+0000] {dag.py:3033} INFO - Sync 1 DAGs
[2024-03-18T03:12:21.460+0000] {logging_mixin.py:188} INFO - [2024-03-18T03:12:21.460+0000] {dag.py:3820} INFO - Setting next_dagrun for everyday_dag to 2024-03-18T00:00:00+00:00, run_after=2024-03-19T00:00:00+00:00
[2024-03-18T03:12:21.484+0000] {processor.py:183} INFO - Processing /opt/airflow/dags/everyday_dag.py took 0.082 seconds
[2024-03-18T03:12:51.824+0000] {processor.py:161} INFO - Started process (PID=1038) to work on /opt/airflow/dags/everyday_dag.py
[2024-03-18T03:12:51.825+0000] {processor.py:830} INFO - Processing file /opt/airflow/dags/everyday_dag.py for tasks to queue
[2024-03-18T03:12:51.827+0000] {logging_mixin.py:188} INFO - [2024-03-18T03:12:51.827+0000] {dagbag.py:538} INFO - Filling up the DagBag from /opt/airflow/dags/everyday_dag.py
[2024-03-18T03:12:51.838+0000] {processor.py:840} INFO - DAG(s) 'everyday_dag' retrieved from /opt/airflow/dags/everyday_dag.py
[2024-03-18T03:12:51.864+0000] {logging_mixin.py:188} INFO - [2024-03-18T03:12:51.863+0000] {dag.py:3033} INFO - Sync 1 DAGs
[2024-03-18T03:12:51.889+0000] {logging_mixin.py:188} INFO - [2024-03-18T03:12:51.888+0000] {dag.py:3820} INFO - Setting next_dagrun for everyday_dag to 2024-03-18T00:00:00+00:00, run_after=2024-03-19T00:00:00+00:00
[2024-03-18T03:12:51.907+0000] {processor.py:183} INFO - Processing /opt/airflow/dags/everyday_dag.py took 0.086 seconds
[2024-03-18T03:13:22.159+0000] {processor.py:161} INFO - Started process (PID=1072) to work on /opt/airflow/dags/everyday_dag.py
[2024-03-18T03:13:22.160+0000] {processor.py:830} INFO - Processing file /opt/airflow/dags/everyday_dag.py for tasks to queue
[2024-03-18T03:13:22.161+0000] {logging_mixin.py:188} INFO - [2024-03-18T03:13:22.161+0000] {dagbag.py:538} INFO - Filling up the DagBag from /opt/airflow/dags/everyday_dag.py
[2024-03-18T03:13:22.170+0000] {processor.py:840} INFO - DAG(s) 'everyday_dag' retrieved from /opt/airflow/dags/everyday_dag.py
[2024-03-18T03:13:22.191+0000] {logging_mixin.py:188} INFO - [2024-03-18T03:13:22.191+0000] {dag.py:3033} INFO - Sync 1 DAGs
[2024-03-18T03:13:22.209+0000] {logging_mixin.py:188} INFO - [2024-03-18T03:13:22.208+0000] {dag.py:3820} INFO - Setting next_dagrun for everyday_dag to 2024-03-18T00:00:00+00:00, run_after=2024-03-19T00:00:00+00:00
[2024-03-18T03:13:22.226+0000] {processor.py:183} INFO - Processing /opt/airflow/dags/everyday_dag.py took 0.070 seconds
[2024-03-18T03:13:53.200+0000] {processor.py:161} INFO - Started process (PID=1114) to work on /opt/airflow/dags/everyday_dag.py
[2024-03-18T03:13:53.200+0000] {processor.py:830} INFO - Processing file /opt/airflow/dags/everyday_dag.py for tasks to queue
[2024-03-18T03:13:53.202+0000] {logging_mixin.py:188} INFO - [2024-03-18T03:13:53.202+0000] {dagbag.py:538} INFO - Filling up the DagBag from /opt/airflow/dags/everyday_dag.py
[2024-03-18T03:13:53.210+0000] {processor.py:840} INFO - DAG(s) 'everyday_dag' retrieved from /opt/airflow/dags/everyday_dag.py
[2024-03-18T03:13:53.231+0000] {logging_mixin.py:188} INFO - [2024-03-18T03:13:53.231+0000] {dag.py:3033} INFO - Sync 1 DAGs
[2024-03-18T03:13:53.249+0000] {logging_mixin.py:188} INFO - [2024-03-18T03:13:53.248+0000] {dag.py:3820} INFO - Setting next_dagrun for everyday_dag to 2024-03-18T00:00:00+00:00, run_after=2024-03-19T00:00:00+00:00
[2024-03-18T03:13:53.266+0000] {processor.py:183} INFO - Processing /opt/airflow/dags/everyday_dag.py took 0.070 seconds
[2024-03-18T03:14:23.525+0000] {processor.py:161} INFO - Started process (PID=1144) to work on /opt/airflow/dags/everyday_dag.py
[2024-03-18T03:14:23.525+0000] {processor.py:830} INFO - Processing file /opt/airflow/dags/everyday_dag.py for tasks to queue
[2024-03-18T03:14:23.527+0000] {logging_mixin.py:188} INFO - [2024-03-18T03:14:23.527+0000] {dagbag.py:538} INFO - Filling up the DagBag from /opt/airflow/dags/everyday_dag.py
[2024-03-18T03:14:23.535+0000] {processor.py:840} INFO - DAG(s) 'everyday_dag' retrieved from /opt/airflow/dags/everyday_dag.py
[2024-03-18T03:14:23.555+0000] {logging_mixin.py:188} INFO - [2024-03-18T03:14:23.554+0000] {dag.py:3033} INFO - Sync 1 DAGs
[2024-03-18T03:14:23.572+0000] {logging_mixin.py:188} INFO - [2024-03-18T03:14:23.572+0000] {dag.py:3820} INFO - Setting next_dagrun for everyday_dag to 2024-03-18T00:00:00+00:00, run_after=2024-03-19T00:00:00+00:00
[2024-03-18T03:14:23.592+0000] {processor.py:183} INFO - Processing /opt/airflow/dags/everyday_dag.py took 0.070 seconds
[2024-03-18T03:14:53.949+0000] {processor.py:161} INFO - Started process (PID=1182) to work on /opt/airflow/dags/everyday_dag.py
[2024-03-18T03:14:53.949+0000] {processor.py:830} INFO - Processing file /opt/airflow/dags/everyday_dag.py for tasks to queue
[2024-03-18T03:14:53.951+0000] {logging_mixin.py:188} INFO - [2024-03-18T03:14:53.951+0000] {dagbag.py:538} INFO - Filling up the DagBag from /opt/airflow/dags/everyday_dag.py
[2024-03-18T03:14:53.962+0000] {processor.py:840} INFO - DAG(s) 'everyday_dag' retrieved from /opt/airflow/dags/everyday_dag.py
[2024-03-18T03:14:53.984+0000] {logging_mixin.py:188} INFO - [2024-03-18T03:14:53.984+0000] {dag.py:3033} INFO - Sync 1 DAGs
[2024-03-18T03:14:54.005+0000] {logging_mixin.py:188} INFO - [2024-03-18T03:14:54.005+0000] {dag.py:3820} INFO - Setting next_dagrun for everyday_dag to 2024-03-18T00:00:00+00:00, run_after=2024-03-19T00:00:00+00:00
[2024-03-18T03:14:54.022+0000] {processor.py:183} INFO - Processing /opt/airflow/dags/everyday_dag.py took 0.076 seconds
[2024-03-18T03:15:24.302+0000] {processor.py:161} INFO - Started process (PID=1216) to work on /opt/airflow/dags/everyday_dag.py
[2024-03-18T03:15:24.302+0000] {processor.py:830} INFO - Processing file /opt/airflow/dags/everyday_dag.py for tasks to queue
[2024-03-18T03:15:24.304+0000] {logging_mixin.py:188} INFO - [2024-03-18T03:15:24.304+0000] {dagbag.py:538} INFO - Filling up the DagBag from /opt/airflow/dags/everyday_dag.py
[2024-03-18T03:15:24.313+0000] {processor.py:840} INFO - DAG(s) 'everyday_dag' retrieved from /opt/airflow/dags/everyday_dag.py
[2024-03-18T03:15:24.338+0000] {logging_mixin.py:188} INFO - [2024-03-18T03:15:24.338+0000] {dag.py:3033} INFO - Sync 1 DAGs
[2024-03-18T03:15:24.357+0000] {logging_mixin.py:188} INFO - [2024-03-18T03:15:24.357+0000] {dag.py:3820} INFO - Setting next_dagrun for everyday_dag to 2024-03-18T00:00:00+00:00, run_after=2024-03-19T00:00:00+00:00
[2024-03-18T03:15:24.375+0000] {processor.py:183} INFO - Processing /opt/airflow/dags/everyday_dag.py took 0.076 seconds
[2024-03-18T03:15:54.828+0000] {processor.py:161} INFO - Started process (PID=1258) to work on /opt/airflow/dags/everyday_dag.py
[2024-03-18T03:15:54.832+0000] {processor.py:830} INFO - Processing file /opt/airflow/dags/everyday_dag.py for tasks to queue
[2024-03-18T03:15:54.837+0000] {logging_mixin.py:188} INFO - [2024-03-18T03:15:54.836+0000] {dagbag.py:538} INFO - Filling up the DagBag from /opt/airflow/dags/everyday_dag.py
[2024-03-18T03:15:54.865+0000] {processor.py:840} INFO - DAG(s) 'everyday_dag' retrieved from /opt/airflow/dags/everyday_dag.py
[2024-03-18T03:15:54.905+0000] {logging_mixin.py:188} INFO - [2024-03-18T03:15:54.905+0000] {dag.py:3033} INFO - Sync 1 DAGs
[2024-03-18T03:15:54.933+0000] {logging_mixin.py:188} INFO - [2024-03-18T03:15:54.933+0000] {dag.py:3820} INFO - Setting next_dagrun for everyday_dag to 2024-03-18T00:00:00+00:00, run_after=2024-03-19T00:00:00+00:00
[2024-03-18T03:15:54.959+0000] {processor.py:183} INFO - Processing /opt/airflow/dags/everyday_dag.py took 0.135 seconds
[2024-03-18T03:16:25.206+0000] {processor.py:161} INFO - Started process (PID=1288) to work on /opt/airflow/dags/everyday_dag.py
[2024-03-18T03:16:25.207+0000] {processor.py:830} INFO - Processing file /opt/airflow/dags/everyday_dag.py for tasks to queue
[2024-03-18T03:16:25.209+0000] {logging_mixin.py:188} INFO - [2024-03-18T03:16:25.209+0000] {dagbag.py:538} INFO - Filling up the DagBag from /opt/airflow/dags/everyday_dag.py
[2024-03-18T03:16:25.217+0000] {processor.py:840} INFO - DAG(s) 'everyday_dag' retrieved from /opt/airflow/dags/everyday_dag.py
[2024-03-18T03:16:25.237+0000] {logging_mixin.py:188} INFO - [2024-03-18T03:16:25.237+0000] {dag.py:3033} INFO - Sync 1 DAGs
[2024-03-18T03:16:25.258+0000] {logging_mixin.py:188} INFO - [2024-03-18T03:16:25.258+0000] {dag.py:3820} INFO - Setting next_dagrun for everyday_dag to 2024-03-18T00:00:00+00:00, run_after=2024-03-19T00:00:00+00:00
[2024-03-18T03:16:25.281+0000] {processor.py:183} INFO - Processing /opt/airflow/dags/everyday_dag.py took 0.077 seconds
[2024-03-18T03:16:55.509+0000] {processor.py:161} INFO - Started process (PID=1317) to work on /opt/airflow/dags/everyday_dag.py
[2024-03-18T03:16:55.510+0000] {processor.py:830} INFO - Processing file /opt/airflow/dags/everyday_dag.py for tasks to queue
[2024-03-18T03:16:55.512+0000] {logging_mixin.py:188} INFO - [2024-03-18T03:16:55.512+0000] {dagbag.py:538} INFO - Filling up the DagBag from /opt/airflow/dags/everyday_dag.py
[2024-03-18T03:16:55.521+0000] {processor.py:840} INFO - DAG(s) 'everyday_dag' retrieved from /opt/airflow/dags/everyday_dag.py
[2024-03-18T03:16:55.542+0000] {logging_mixin.py:188} INFO - [2024-03-18T03:16:55.542+0000] {dag.py:3033} INFO - Sync 1 DAGs
[2024-03-18T03:16:55.563+0000] {logging_mixin.py:188} INFO - [2024-03-18T03:16:55.562+0000] {dag.py:3820} INFO - Setting next_dagrun for everyday_dag to 2024-03-18T00:00:00+00:00, run_after=2024-03-19T00:00:00+00:00
[2024-03-18T03:16:55.581+0000] {processor.py:183} INFO - Processing /opt/airflow/dags/everyday_dag.py took 0.074 seconds
[2024-03-18T03:17:25.847+0000] {processor.py:161} INFO - Started process (PID=1356) to work on /opt/airflow/dags/everyday_dag.py
[2024-03-18T03:17:25.848+0000] {processor.py:830} INFO - Processing file /opt/airflow/dags/everyday_dag.py for tasks to queue
[2024-03-18T03:17:25.850+0000] {logging_mixin.py:188} INFO - [2024-03-18T03:17:25.849+0000] {dagbag.py:538} INFO - Filling up the DagBag from /opt/airflow/dags/everyday_dag.py
[2024-03-18T03:17:25.862+0000] {processor.py:840} INFO - DAG(s) 'everyday_dag' retrieved from /opt/airflow/dags/everyday_dag.py
[2024-03-18T03:17:25.892+0000] {logging_mixin.py:188} INFO - [2024-03-18T03:17:25.892+0000] {dag.py:3033} INFO - Sync 1 DAGs
[2024-03-18T03:17:25.919+0000] {logging_mixin.py:188} INFO - [2024-03-18T03:17:25.919+0000] {dag.py:3820} INFO - Setting next_dagrun for everyday_dag to 2024-03-18T00:00:00+00:00, run_after=2024-03-19T00:00:00+00:00
[2024-03-18T03:17:25.941+0000] {processor.py:183} INFO - Processing /opt/airflow/dags/everyday_dag.py took 0.097 seconds
[2024-03-18T03:17:56.232+0000] {processor.py:161} INFO - Started process (PID=1390) to work on /opt/airflow/dags/everyday_dag.py
[2024-03-18T03:17:56.233+0000] {processor.py:830} INFO - Processing file /opt/airflow/dags/everyday_dag.py for tasks to queue
[2024-03-18T03:17:56.235+0000] {logging_mixin.py:188} INFO - [2024-03-18T03:17:56.235+0000] {dagbag.py:538} INFO - Filling up the DagBag from /opt/airflow/dags/everyday_dag.py
[2024-03-18T03:17:56.243+0000] {processor.py:840} INFO - DAG(s) 'everyday_dag' retrieved from /opt/airflow/dags/everyday_dag.py
[2024-03-18T03:17:56.269+0000] {logging_mixin.py:188} INFO - [2024-03-18T03:17:56.268+0000] {dag.py:3033} INFO - Sync 1 DAGs
[2024-03-18T03:17:56.293+0000] {logging_mixin.py:188} INFO - [2024-03-18T03:17:56.292+0000] {dag.py:3820} INFO - Setting next_dagrun for everyday_dag to 2024-03-18T00:00:00+00:00, run_after=2024-03-19T00:00:00+00:00
[2024-03-18T03:17:56.313+0000] {processor.py:183} INFO - Processing /opt/airflow/dags/everyday_dag.py took 0.083 seconds
[2024-03-18T03:18:26.577+0000] {processor.py:161} INFO - Started process (PID=1428) to work on /opt/airflow/dags/everyday_dag.py
[2024-03-18T03:18:26.578+0000] {processor.py:830} INFO - Processing file /opt/airflow/dags/everyday_dag.py for tasks to queue
[2024-03-18T03:18:26.580+0000] {logging_mixin.py:188} INFO - [2024-03-18T03:18:26.579+0000] {dagbag.py:538} INFO - Filling up the DagBag from /opt/airflow/dags/everyday_dag.py
[2024-03-18T03:18:26.588+0000] {processor.py:840} INFO - DAG(s) 'everyday_dag' retrieved from /opt/airflow/dags/everyday_dag.py
[2024-03-18T03:18:26.614+0000] {logging_mixin.py:188} INFO - [2024-03-18T03:18:26.614+0000] {dag.py:3033} INFO - Sync 1 DAGs
[2024-03-18T03:18:26.632+0000] {logging_mixin.py:188} INFO - [2024-03-18T03:18:26.632+0000] {dag.py:3820} INFO - Setting next_dagrun for everyday_dag to 2024-03-18T00:00:00+00:00, run_after=2024-03-19T00:00:00+00:00
[2024-03-18T03:18:26.652+0000] {processor.py:183} INFO - Processing /opt/airflow/dags/everyday_dag.py took 0.077 seconds
[2024-03-18T03:18:57.026+0000] {processor.py:161} INFO - Started process (PID=1458) to work on /opt/airflow/dags/everyday_dag.py
[2024-03-18T03:18:57.027+0000] {processor.py:830} INFO - Processing file /opt/airflow/dags/everyday_dag.py for tasks to queue
[2024-03-18T03:18:57.029+0000] {logging_mixin.py:188} INFO - [2024-03-18T03:18:57.028+0000] {dagbag.py:538} INFO - Filling up the DagBag from /opt/airflow/dags/everyday_dag.py
[2024-03-18T03:18:57.038+0000] {processor.py:840} INFO - DAG(s) 'everyday_dag' retrieved from /opt/airflow/dags/everyday_dag.py
[2024-03-18T03:18:57.058+0000] {logging_mixin.py:188} INFO - [2024-03-18T03:18:57.058+0000] {dag.py:3033} INFO - Sync 1 DAGs
[2024-03-18T03:18:57.076+0000] {logging_mixin.py:188} INFO - [2024-03-18T03:18:57.076+0000] {dag.py:3820} INFO - Setting next_dagrun for everyday_dag to 2024-03-18T00:00:00+00:00, run_after=2024-03-19T00:00:00+00:00
[2024-03-18T03:18:57.094+0000] {processor.py:183} INFO - Processing /opt/airflow/dags/everyday_dag.py took 0.070 seconds
[2024-03-18T03:19:27.367+0000] {processor.py:161} INFO - Started process (PID=1500) to work on /opt/airflow/dags/everyday_dag.py
[2024-03-18T03:19:27.368+0000] {processor.py:830} INFO - Processing file /opt/airflow/dags/everyday_dag.py for tasks to queue
[2024-03-18T03:19:27.370+0000] {logging_mixin.py:188} INFO - [2024-03-18T03:19:27.370+0000] {dagbag.py:538} INFO - Filling up the DagBag from /opt/airflow/dags/everyday_dag.py
[2024-03-18T03:19:27.378+0000] {processor.py:840} INFO - DAG(s) 'everyday_dag' retrieved from /opt/airflow/dags/everyday_dag.py
[2024-03-18T03:19:27.402+0000] {logging_mixin.py:188} INFO - [2024-03-18T03:19:27.402+0000] {dag.py:3033} INFO - Sync 1 DAGs
[2024-03-18T03:19:27.422+0000] {logging_mixin.py:188} INFO - [2024-03-18T03:19:27.422+0000] {dag.py:3820} INFO - Setting next_dagrun for everyday_dag to 2024-03-18T00:00:00+00:00, run_after=2024-03-19T00:00:00+00:00
[2024-03-18T03:19:27.441+0000] {processor.py:183} INFO - Processing /opt/airflow/dags/everyday_dag.py took 0.077 seconds
[2024-03-18T03:19:58.119+0000] {processor.py:161} INFO - Started process (PID=1534) to work on /opt/airflow/dags/everyday_dag.py
[2024-03-18T03:19:58.120+0000] {processor.py:830} INFO - Processing file /opt/airflow/dags/everyday_dag.py for tasks to queue
[2024-03-18T03:19:58.122+0000] {logging_mixin.py:188} INFO - [2024-03-18T03:19:58.122+0000] {dagbag.py:538} INFO - Filling up the DagBag from /opt/airflow/dags/everyday_dag.py
[2024-03-18T03:19:58.131+0000] {processor.py:840} INFO - DAG(s) 'everyday_dag' retrieved from /opt/airflow/dags/everyday_dag.py
[2024-03-18T03:19:58.152+0000] {logging_mixin.py:188} INFO - [2024-03-18T03:19:58.151+0000] {dag.py:3033} INFO - Sync 1 DAGs
[2024-03-18T03:19:58.170+0000] {logging_mixin.py:188} INFO - [2024-03-18T03:19:58.170+0000] {dag.py:3820} INFO - Setting next_dagrun for everyday_dag to 2024-03-18T00:00:00+00:00, run_after=2024-03-19T00:00:00+00:00
[2024-03-18T03:19:58.194+0000] {processor.py:183} INFO - Processing /opt/airflow/dags/everyday_dag.py took 0.078 seconds
[2024-03-18T03:20:28.458+0000] {processor.py:161} INFO - Started process (PID=1564) to work on /opt/airflow/dags/everyday_dag.py
[2024-03-18T03:20:28.458+0000] {processor.py:830} INFO - Processing file /opt/airflow/dags/everyday_dag.py for tasks to queue
[2024-03-18T03:20:28.460+0000] {logging_mixin.py:188} INFO - [2024-03-18T03:20:28.460+0000] {dagbag.py:538} INFO - Filling up the DagBag from /opt/airflow/dags/everyday_dag.py
[2024-03-18T03:20:28.468+0000] {processor.py:840} INFO - DAG(s) 'everyday_dag' retrieved from /opt/airflow/dags/everyday_dag.py
[2024-03-18T03:20:28.501+0000] {logging_mixin.py:188} INFO - [2024-03-18T03:20:28.500+0000] {dag.py:3033} INFO - Sync 1 DAGs
[2024-03-18T03:20:28.528+0000] {logging_mixin.py:188} INFO - [2024-03-18T03:20:28.527+0000] {dag.py:3820} INFO - Setting next_dagrun for everyday_dag to 2024-03-18T00:00:00+00:00, run_after=2024-03-19T00:00:00+00:00
[2024-03-18T03:20:28.549+0000] {processor.py:183} INFO - Processing /opt/airflow/dags/everyday_dag.py took 0.094 seconds
[2024-03-18T03:20:58.862+0000] {processor.py:161} INFO - Started process (PID=1601) to work on /opt/airflow/dags/everyday_dag.py
[2024-03-18T03:20:58.863+0000] {processor.py:830} INFO - Processing file /opt/airflow/dags/everyday_dag.py for tasks to queue
[2024-03-18T03:20:58.865+0000] {logging_mixin.py:188} INFO - [2024-03-18T03:20:58.864+0000] {dagbag.py:538} INFO - Filling up the DagBag from /opt/airflow/dags/everyday_dag.py
[2024-03-18T03:20:58.877+0000] {processor.py:840} INFO - DAG(s) 'everyday_dag' retrieved from /opt/airflow/dags/everyday_dag.py
[2024-03-18T03:20:58.907+0000] {logging_mixin.py:188} INFO - [2024-03-18T03:20:58.907+0000] {dag.py:3033} INFO - Sync 1 DAGs
[2024-03-18T03:20:58.930+0000] {logging_mixin.py:188} INFO - [2024-03-18T03:20:58.929+0000] {dag.py:3820} INFO - Setting next_dagrun for everyday_dag to 2024-03-18T00:00:00+00:00, run_after=2024-03-19T00:00:00+00:00
[2024-03-18T03:20:58.951+0000] {processor.py:183} INFO - Processing /opt/airflow/dags/everyday_dag.py took 0.093 seconds
[2024-03-18T03:21:29.346+0000] {processor.py:161} INFO - Started process (PID=1635) to work on /opt/airflow/dags/everyday_dag.py
[2024-03-18T03:21:29.346+0000] {processor.py:830} INFO - Processing file /opt/airflow/dags/everyday_dag.py for tasks to queue
[2024-03-18T03:21:29.348+0000] {logging_mixin.py:188} INFO - [2024-03-18T03:21:29.348+0000] {dagbag.py:538} INFO - Filling up the DagBag from /opt/airflow/dags/everyday_dag.py
[2024-03-18T03:21:29.358+0000] {processor.py:840} INFO - DAG(s) 'everyday_dag' retrieved from /opt/airflow/dags/everyday_dag.py
[2024-03-18T03:21:29.379+0000] {logging_mixin.py:188} INFO - [2024-03-18T03:21:29.378+0000] {dag.py:3033} INFO - Sync 1 DAGs
[2024-03-18T03:21:29.396+0000] {logging_mixin.py:188} INFO - [2024-03-18T03:21:29.396+0000] {dag.py:3820} INFO - Setting next_dagrun for everyday_dag to 2024-03-18T00:00:00+00:00, run_after=2024-03-19T00:00:00+00:00
[2024-03-18T03:21:29.416+0000] {processor.py:183} INFO - Processing /opt/airflow/dags/everyday_dag.py took 0.073 seconds
[2024-03-18T03:21:59.691+0000] {processor.py:161} INFO - Started process (PID=1677) to work on /opt/airflow/dags/everyday_dag.py
[2024-03-18T03:21:59.692+0000] {processor.py:830} INFO - Processing file /opt/airflow/dags/everyday_dag.py for tasks to queue
[2024-03-18T03:21:59.694+0000] {logging_mixin.py:188} INFO - [2024-03-18T03:21:59.694+0000] {dagbag.py:538} INFO - Filling up the DagBag from /opt/airflow/dags/everyday_dag.py
[2024-03-18T03:21:59.703+0000] {processor.py:840} INFO - DAG(s) 'everyday_dag' retrieved from /opt/airflow/dags/everyday_dag.py
[2024-03-18T03:21:59.723+0000] {logging_mixin.py:188} INFO - [2024-03-18T03:21:59.723+0000] {dag.py:3033} INFO - Sync 1 DAGs
[2024-03-18T03:21:59.741+0000] {logging_mixin.py:188} INFO - [2024-03-18T03:21:59.741+0000] {dag.py:3820} INFO - Setting next_dagrun for everyday_dag to 2024-03-18T00:00:00+00:00, run_after=2024-03-19T00:00:00+00:00
[2024-03-18T03:21:59.759+0000] {processor.py:183} INFO - Processing /opt/airflow/dags/everyday_dag.py took 0.070 seconds
[2024-03-18T03:22:31.116+0000] {processor.py:161} INFO - Started process (PID=1707) to work on /opt/airflow/dags/everyday_dag.py
[2024-03-18T03:22:31.117+0000] {processor.py:830} INFO - Processing file /opt/airflow/dags/everyday_dag.py for tasks to queue
[2024-03-18T03:22:31.119+0000] {logging_mixin.py:188} INFO - [2024-03-18T03:22:31.118+0000] {dagbag.py:538} INFO - Filling up the DagBag from /opt/airflow/dags/everyday_dag.py
[2024-03-18T03:22:31.127+0000] {processor.py:840} INFO - DAG(s) 'everyday_dag' retrieved from /opt/airflow/dags/everyday_dag.py
[2024-03-18T03:22:31.152+0000] {logging_mixin.py:188} INFO - [2024-03-18T03:22:31.152+0000] {dag.py:3033} INFO - Sync 1 DAGs
[2024-03-18T03:22:31.179+0000] {logging_mixin.py:188} INFO - [2024-03-18T03:22:31.178+0000] {dag.py:3820} INFO - Setting next_dagrun for everyday_dag to 2024-03-18T00:00:00+00:00, run_after=2024-03-19T00:00:00+00:00
[2024-03-18T03:22:31.200+0000] {processor.py:183} INFO - Processing /opt/airflow/dags/everyday_dag.py took 0.087 seconds
[2024-03-18T03:23:01.678+0000] {processor.py:161} INFO - Started process (PID=1742) to work on /opt/airflow/dags/everyday_dag.py
[2024-03-18T03:23:01.679+0000] {processor.py:830} INFO - Processing file /opt/airflow/dags/everyday_dag.py for tasks to queue
[2024-03-18T03:23:01.681+0000] {logging_mixin.py:188} INFO - [2024-03-18T03:23:01.681+0000] {dagbag.py:538} INFO - Filling up the DagBag from /opt/airflow/dags/everyday_dag.py
[2024-03-18T03:23:01.692+0000] {processor.py:840} INFO - DAG(s) 'everyday_dag' retrieved from /opt/airflow/dags/everyday_dag.py
[2024-03-18T03:23:01.713+0000] {logging_mixin.py:188} INFO - [2024-03-18T03:23:01.713+0000] {dag.py:3033} INFO - Sync 1 DAGs
[2024-03-18T03:23:01.732+0000] {logging_mixin.py:188} INFO - [2024-03-18T03:23:01.732+0000] {dag.py:3820} INFO - Setting next_dagrun for everyday_dag to 2024-03-18T00:00:00+00:00, run_after=2024-03-19T00:00:00+00:00
[2024-03-18T03:23:01.751+0000] {processor.py:183} INFO - Processing /opt/airflow/dags/everyday_dag.py took 0.076 seconds
[2024-03-18T03:23:32.331+0000] {processor.py:161} INFO - Started process (PID=1774) to work on /opt/airflow/dags/everyday_dag.py
[2024-03-18T03:23:32.332+0000] {processor.py:830} INFO - Processing file /opt/airflow/dags/everyday_dag.py for tasks to queue
[2024-03-18T03:23:32.335+0000] {logging_mixin.py:188} INFO - [2024-03-18T03:23:32.334+0000] {dagbag.py:538} INFO - Filling up the DagBag from /opt/airflow/dags/everyday_dag.py
[2024-03-18T03:23:32.344+0000] {processor.py:840} INFO - DAG(s) 'everyday_dag' retrieved from /opt/airflow/dags/everyday_dag.py
[2024-03-18T03:23:32.376+0000] {logging_mixin.py:188} INFO - [2024-03-18T03:23:32.376+0000] {dag.py:3033} INFO - Sync 1 DAGs
[2024-03-18T03:23:32.406+0000] {logging_mixin.py:188} INFO - [2024-03-18T03:23:32.406+0000] {dag.py:3820} INFO - Setting next_dagrun for everyday_dag to 2024-03-18T00:00:00+00:00, run_after=2024-03-19T00:00:00+00:00
[2024-03-18T03:23:32.445+0000] {processor.py:183} INFO - Processing /opt/airflow/dags/everyday_dag.py took 0.116 seconds
[2024-03-18T03:24:02.737+0000] {processor.py:161} INFO - Started process (PID=1818) to work on /opt/airflow/dags/everyday_dag.py
[2024-03-18T03:24:02.746+0000] {processor.py:830} INFO - Processing file /opt/airflow/dags/everyday_dag.py for tasks to queue
[2024-03-18T03:24:02.748+0000] {logging_mixin.py:188} INFO - [2024-03-18T03:24:02.748+0000] {dagbag.py:538} INFO - Filling up the DagBag from /opt/airflow/dags/everyday_dag.py
[2024-03-18T03:24:02.762+0000] {processor.py:840} INFO - DAG(s) 'everyday_dag' retrieved from /opt/airflow/dags/everyday_dag.py
[2024-03-18T03:24:02.795+0000] {logging_mixin.py:188} INFO - [2024-03-18T03:24:02.794+0000] {dag.py:3033} INFO - Sync 1 DAGs
[2024-03-18T03:24:02.824+0000] {logging_mixin.py:188} INFO - [2024-03-18T03:24:02.824+0000] {dag.py:3820} INFO - Setting next_dagrun for everyday_dag to 2024-03-18T00:00:00+00:00, run_after=2024-03-19T00:00:00+00:00
[2024-03-18T03:24:02.850+0000] {processor.py:183} INFO - Processing /opt/airflow/dags/everyday_dag.py took 0.119 seconds
[2024-03-18T03:24:33.178+0000] {processor.py:161} INFO - Started process (PID=1848) to work on /opt/airflow/dags/everyday_dag.py
[2024-03-18T03:24:33.178+0000] {processor.py:830} INFO - Processing file /opt/airflow/dags/everyday_dag.py for tasks to queue
[2024-03-18T03:24:33.180+0000] {logging_mixin.py:188} INFO - [2024-03-18T03:24:33.179+0000] {dagbag.py:538} INFO - Filling up the DagBag from /opt/airflow/dags/everyday_dag.py
[2024-03-18T03:24:33.188+0000] {processor.py:840} INFO - DAG(s) 'everyday_dag' retrieved from /opt/airflow/dags/everyday_dag.py
[2024-03-18T03:24:33.208+0000] {logging_mixin.py:188} INFO - [2024-03-18T03:24:33.208+0000] {dag.py:3033} INFO - Sync 1 DAGs
[2024-03-18T03:24:33.225+0000] {logging_mixin.py:188} INFO - [2024-03-18T03:24:33.225+0000] {dag.py:3820} INFO - Setting next_dagrun for everyday_dag to 2024-03-18T00:00:00+00:00, run_after=2024-03-19T00:00:00+00:00
[2024-03-18T03:24:33.245+0000] {processor.py:183} INFO - Processing /opt/airflow/dags/everyday_dag.py took 0.070 seconds
[2024-03-18T03:25:03.579+0000] {processor.py:161} INFO - Started process (PID=1885) to work on /opt/airflow/dags/everyday_dag.py
[2024-03-18T03:25:03.580+0000] {processor.py:830} INFO - Processing file /opt/airflow/dags/everyday_dag.py for tasks to queue
[2024-03-18T03:25:03.583+0000] {logging_mixin.py:188} INFO - [2024-03-18T03:25:03.582+0000] {dagbag.py:538} INFO - Filling up the DagBag from /opt/airflow/dags/everyday_dag.py
[2024-03-18T03:25:03.596+0000] {processor.py:840} INFO - DAG(s) 'everyday_dag' retrieved from /opt/airflow/dags/everyday_dag.py
[2024-03-18T03:25:03.625+0000] {logging_mixin.py:188} INFO - [2024-03-18T03:25:03.625+0000] {dag.py:3033} INFO - Sync 1 DAGs
[2024-03-18T03:25:03.653+0000] {logging_mixin.py:188} INFO - [2024-03-18T03:25:03.653+0000] {dag.py:3820} INFO - Setting next_dagrun for everyday_dag to 2024-03-18T00:00:00+00:00, run_after=2024-03-19T00:00:00+00:00
[2024-03-18T03:25:03.679+0000] {processor.py:183} INFO - Processing /opt/airflow/dags/everyday_dag.py took 0.104 seconds
[2024-03-18T03:25:34.023+0000] {processor.py:161} INFO - Started process (PID=1920) to work on /opt/airflow/dags/everyday_dag.py
[2024-03-18T03:25:34.024+0000] {processor.py:830} INFO - Processing file /opt/airflow/dags/everyday_dag.py for tasks to queue
[2024-03-18T03:25:34.026+0000] {logging_mixin.py:188} INFO - [2024-03-18T03:25:34.026+0000] {dagbag.py:538} INFO - Filling up the DagBag from /opt/airflow/dags/everyday_dag.py
[2024-03-18T03:25:34.034+0000] {processor.py:840} INFO - DAG(s) 'everyday_dag' retrieved from /opt/airflow/dags/everyday_dag.py
[2024-03-18T03:25:34.054+0000] {logging_mixin.py:188} INFO - [2024-03-18T03:25:34.054+0000] {dag.py:3033} INFO - Sync 1 DAGs
[2024-03-18T03:25:34.072+0000] {logging_mixin.py:188} INFO - [2024-03-18T03:25:34.072+0000] {dag.py:3820} INFO - Setting next_dagrun for everyday_dag to 2024-03-18T00:00:00+00:00, run_after=2024-03-19T00:00:00+00:00
[2024-03-18T03:25:34.090+0000] {processor.py:183} INFO - Processing /opt/airflow/dags/everyday_dag.py took 0.069 seconds
[2024-03-18T03:26:04.883+0000] {processor.py:161} INFO - Started process (PID=1954) to work on /opt/airflow/dags/everyday_dag.py
[2024-03-18T03:26:04.883+0000] {processor.py:830} INFO - Processing file /opt/airflow/dags/everyday_dag.py for tasks to queue
[2024-03-18T03:26:04.885+0000] {logging_mixin.py:188} INFO - [2024-03-18T03:26:04.885+0000] {dagbag.py:538} INFO - Filling up the DagBag from /opt/airflow/dags/everyday_dag.py
[2024-03-18T03:26:04.893+0000] {processor.py:840} INFO - DAG(s) 'everyday_dag' retrieved from /opt/airflow/dags/everyday_dag.py
[2024-03-18T03:26:04.913+0000] {logging_mixin.py:188} INFO - [2024-03-18T03:26:04.913+0000] {dag.py:3033} INFO - Sync 1 DAGs
[2024-03-18T03:26:04.932+0000] {logging_mixin.py:188} INFO - [2024-03-18T03:26:04.931+0000] {dag.py:3820} INFO - Setting next_dagrun for everyday_dag to 2024-03-18T00:00:00+00:00, run_after=2024-03-19T00:00:00+00:00
[2024-03-18T03:26:04.951+0000] {processor.py:183} INFO - Processing /opt/airflow/dags/everyday_dag.py took 0.071 seconds
[2024-03-18T03:26:35.359+0000] {processor.py:161} INFO - Started process (PID=1992) to work on /opt/airflow/dags/everyday_dag.py
[2024-03-18T03:26:35.360+0000] {processor.py:830} INFO - Processing file /opt/airflow/dags/everyday_dag.py for tasks to queue
[2024-03-18T03:26:35.361+0000] {logging_mixin.py:188} INFO - [2024-03-18T03:26:35.361+0000] {dagbag.py:538} INFO - Filling up the DagBag from /opt/airflow/dags/everyday_dag.py
[2024-03-18T03:26:35.370+0000] {processor.py:840} INFO - DAG(s) 'everyday_dag' retrieved from /opt/airflow/dags/everyday_dag.py
[2024-03-18T03:26:35.390+0000] {logging_mixin.py:188} INFO - [2024-03-18T03:26:35.389+0000] {dag.py:3033} INFO - Sync 1 DAGs
[2024-03-18T03:26:35.407+0000] {logging_mixin.py:188} INFO - [2024-03-18T03:26:35.407+0000] {dag.py:3820} INFO - Setting next_dagrun for everyday_dag to 2024-03-18T00:00:00+00:00, run_after=2024-03-19T00:00:00+00:00
[2024-03-18T03:26:35.425+0000] {processor.py:183} INFO - Processing /opt/airflow/dags/everyday_dag.py took 0.068 seconds
[2024-03-18T03:27:05.734+0000] {processor.py:161} INFO - Started process (PID=2021) to work on /opt/airflow/dags/everyday_dag.py
[2024-03-18T03:27:05.735+0000] {processor.py:830} INFO - Processing file /opt/airflow/dags/everyday_dag.py for tasks to queue
[2024-03-18T03:27:05.736+0000] {logging_mixin.py:188} INFO - [2024-03-18T03:27:05.736+0000] {dagbag.py:538} INFO - Filling up the DagBag from /opt/airflow/dags/everyday_dag.py
[2024-03-18T03:27:05.745+0000] {processor.py:840} INFO - DAG(s) 'everyday_dag' retrieved from /opt/airflow/dags/everyday_dag.py
[2024-03-18T03:27:05.765+0000] {logging_mixin.py:188} INFO - [2024-03-18T03:27:05.765+0000] {dag.py:3033} INFO - Sync 1 DAGs
[2024-03-18T03:27:05.783+0000] {logging_mixin.py:188} INFO - [2024-03-18T03:27:05.782+0000] {dag.py:3820} INFO - Setting next_dagrun for everyday_dag to 2024-03-18T00:00:00+00:00, run_after=2024-03-19T00:00:00+00:00
[2024-03-18T03:27:05.800+0000] {processor.py:183} INFO - Processing /opt/airflow/dags/everyday_dag.py took 0.069 seconds
[2024-03-18T03:27:35.855+0000] {processor.py:161} INFO - Started process (PID=2063) to work on /opt/airflow/dags/everyday_dag.py
[2024-03-18T03:27:35.855+0000] {processor.py:830} INFO - Processing file /opt/airflow/dags/everyday_dag.py for tasks to queue
[2024-03-18T03:27:35.857+0000] {logging_mixin.py:188} INFO - [2024-03-18T03:27:35.857+0000] {dagbag.py:538} INFO - Filling up the DagBag from /opt/airflow/dags/everyday_dag.py
[2024-03-18T03:27:35.866+0000] {processor.py:840} INFO - DAG(s) 'everyday_dag' retrieved from /opt/airflow/dags/everyday_dag.py
[2024-03-18T03:27:35.885+0000] {logging_mixin.py:188} INFO - [2024-03-18T03:27:35.885+0000] {dag.py:3033} INFO - Sync 1 DAGs
[2024-03-18T03:27:35.903+0000] {logging_mixin.py:188} INFO - [2024-03-18T03:27:35.902+0000] {dag.py:3820} INFO - Setting next_dagrun for everyday_dag to 2024-03-18T00:00:00+00:00, run_after=2024-03-19T00:00:00+00:00
[2024-03-18T03:27:35.926+0000] {processor.py:183} INFO - Processing /opt/airflow/dags/everyday_dag.py took 0.074 seconds
[2024-03-18T03:28:06.477+0000] {processor.py:161} INFO - Started process (PID=2098) to work on /opt/airflow/dags/everyday_dag.py
[2024-03-18T03:28:06.478+0000] {processor.py:830} INFO - Processing file /opt/airflow/dags/everyday_dag.py for tasks to queue
[2024-03-18T03:28:06.479+0000] {logging_mixin.py:188} INFO - [2024-03-18T03:28:06.479+0000] {dagbag.py:538} INFO - Filling up the DagBag from /opt/airflow/dags/everyday_dag.py
[2024-03-18T03:28:06.487+0000] {processor.py:840} INFO - DAG(s) 'everyday_dag' retrieved from /opt/airflow/dags/everyday_dag.py
[2024-03-18T03:28:06.507+0000] {logging_mixin.py:188} INFO - [2024-03-18T03:28:06.507+0000] {dag.py:3033} INFO - Sync 1 DAGs
[2024-03-18T03:28:06.525+0000] {logging_mixin.py:188} INFO - [2024-03-18T03:28:06.525+0000] {dag.py:3820} INFO - Setting next_dagrun for everyday_dag to 2024-03-18T00:00:00+00:00, run_after=2024-03-19T00:00:00+00:00
[2024-03-18T03:28:06.544+0000] {processor.py:183} INFO - Processing /opt/airflow/dags/everyday_dag.py took 0.070 seconds
[2024-03-18T03:28:36.802+0000] {processor.py:161} INFO - Started process (PID=2133) to work on /opt/airflow/dags/everyday_dag.py
[2024-03-18T03:28:36.803+0000] {processor.py:830} INFO - Processing file /opt/airflow/dags/everyday_dag.py for tasks to queue
[2024-03-18T03:28:36.805+0000] {logging_mixin.py:188} INFO - [2024-03-18T03:28:36.805+0000] {dagbag.py:538} INFO - Filling up the DagBag from /opt/airflow/dags/everyday_dag.py
[2024-03-18T03:28:36.813+0000] {processor.py:840} INFO - DAG(s) 'everyday_dag' retrieved from /opt/airflow/dags/everyday_dag.py
[2024-03-18T03:28:36.838+0000] {logging_mixin.py:188} INFO - [2024-03-18T03:28:36.838+0000] {dag.py:3033} INFO - Sync 1 DAGs
[2024-03-18T03:28:36.863+0000] {logging_mixin.py:188} INFO - [2024-03-18T03:28:36.863+0000] {dag.py:3820} INFO - Setting next_dagrun for everyday_dag to 2024-03-18T00:00:00+00:00, run_after=2024-03-19T00:00:00+00:00
[2024-03-18T03:28:36.885+0000] {processor.py:183} INFO - Processing /opt/airflow/dags/everyday_dag.py took 0.085 seconds
[2024-03-18T03:29:07.304+0000] {processor.py:161} INFO - Started process (PID=2161) to work on /opt/airflow/dags/everyday_dag.py
[2024-03-18T03:29:07.304+0000] {processor.py:830} INFO - Processing file /opt/airflow/dags/everyday_dag.py for tasks to queue
[2024-03-18T03:29:07.306+0000] {logging_mixin.py:188} INFO - [2024-03-18T03:29:07.306+0000] {dagbag.py:538} INFO - Filling up the DagBag from /opt/airflow/dags/everyday_dag.py
[2024-03-18T03:29:07.314+0000] {processor.py:840} INFO - DAG(s) 'everyday_dag' retrieved from /opt/airflow/dags/everyday_dag.py
[2024-03-18T03:29:07.334+0000] {logging_mixin.py:188} INFO - [2024-03-18T03:29:07.334+0000] {dag.py:3033} INFO - Sync 1 DAGs
[2024-03-18T03:29:07.353+0000] {logging_mixin.py:188} INFO - [2024-03-18T03:29:07.353+0000] {dag.py:3820} INFO - Setting next_dagrun for everyday_dag to 2024-03-18T00:00:00+00:00, run_after=2024-03-19T00:00:00+00:00
[2024-03-18T03:29:07.371+0000] {processor.py:183} INFO - Processing /opt/airflow/dags/everyday_dag.py took 0.070 seconds
[2024-03-18T03:29:37.708+0000] {processor.py:161} INFO - Started process (PID=2194) to work on /opt/airflow/dags/everyday_dag.py
[2024-03-18T03:29:37.709+0000] {processor.py:830} INFO - Processing file /opt/airflow/dags/everyday_dag.py for tasks to queue
[2024-03-18T03:29:37.710+0000] {logging_mixin.py:188} INFO - [2024-03-18T03:29:37.710+0000] {dagbag.py:538} INFO - Filling up the DagBag from /opt/airflow/dags/everyday_dag.py
[2024-03-18T03:29:37.719+0000] {processor.py:840} INFO - DAG(s) 'everyday_dag' retrieved from /opt/airflow/dags/everyday_dag.py
[2024-03-18T03:29:37.739+0000] {logging_mixin.py:188} INFO - [2024-03-18T03:29:37.738+0000] {dag.py:3033} INFO - Sync 1 DAGs
[2024-03-18T03:29:37.756+0000] {logging_mixin.py:188} INFO - [2024-03-18T03:29:37.756+0000] {dag.py:3820} INFO - Setting next_dagrun for everyday_dag to 2024-03-18T00:00:00+00:00, run_after=2024-03-19T00:00:00+00:00
[2024-03-18T03:29:37.774+0000] {processor.py:183} INFO - Processing /opt/airflow/dags/everyday_dag.py took 0.069 seconds
