[2024-03-18T02:58:38.504+0000] {processor.py:161} INFO - Started process (PID=58) to work on /opt/airflow/dags/play_with_airflow_connections_and_hooks.py
[2024-03-18T02:58:38.506+0000] {processor.py:830} INFO - Processing file /opt/airflow/dags/play_with_airflow_connections_and_hooks.py for tasks to queue
[2024-03-18T02:58:38.508+0000] {logging_mixin.py:188} INFO - [2024-03-18T02:58:38.508+0000] {dagbag.py:538} INFO - Filling up the DagBag from /opt/airflow/dags/play_with_airflow_connections_and_hooks.py
[2024-03-18T02:58:38.526+0000] {processor.py:840} INFO - DAG(s) 'play_with_airflow_connections_and_hooks' retrieved from /opt/airflow/dags/play_with_airflow_connections_and_hooks.py
[2024-03-18T02:58:38.556+0000] {logging_mixin.py:188} INFO - [2024-03-18T02:58:38.556+0000] {dag.py:3033} INFO - Sync 1 DAGs
[2024-03-18T02:58:38.582+0000] {logging_mixin.py:188} INFO - [2024-03-18T02:58:38.582+0000] {dag.py:3820} INFO - Setting next_dagrun for play_with_airflow_connections_and_hooks to 2024-03-18T00:00:00+00:00, run_after=2024-03-19T00:00:00+00:00
[2024-03-18T02:58:38.610+0000] {processor.py:183} INFO - Processing /opt/airflow/dags/play_with_airflow_connections_and_hooks.py took 0.109 seconds
[2024-03-18T02:59:08.923+0000] {processor.py:161} INFO - Started process (PID=93) to work on /opt/airflow/dags/play_with_airflow_connections_and_hooks.py
[2024-03-18T02:59:08.924+0000] {processor.py:830} INFO - Processing file /opt/airflow/dags/play_with_airflow_connections_and_hooks.py for tasks to queue
[2024-03-18T02:59:08.925+0000] {logging_mixin.py:188} INFO - [2024-03-18T02:59:08.925+0000] {dagbag.py:538} INFO - Filling up the DagBag from /opt/airflow/dags/play_with_airflow_connections_and_hooks.py
[2024-03-18T02:59:08.934+0000] {processor.py:840} INFO - DAG(s) 'play_with_airflow_connections_and_hooks' retrieved from /opt/airflow/dags/play_with_airflow_connections_and_hooks.py
[2024-03-18T02:59:08.954+0000] {logging_mixin.py:188} INFO - [2024-03-18T02:59:08.954+0000] {dag.py:3033} INFO - Sync 1 DAGs
[2024-03-18T02:59:08.973+0000] {logging_mixin.py:188} INFO - [2024-03-18T02:59:08.973+0000] {dag.py:3820} INFO - Setting next_dagrun for play_with_airflow_connections_and_hooks to 2024-03-18T00:00:00+00:00, run_after=2024-03-19T00:00:00+00:00
[2024-03-18T02:59:08.992+0000] {processor.py:183} INFO - Processing /opt/airflow/dags/play_with_airflow_connections_and_hooks.py took 0.072 seconds
[2024-03-18T02:59:39.397+0000] {processor.py:161} INFO - Started process (PID=135) to work on /opt/airflow/dags/play_with_airflow_connections_and_hooks.py
[2024-03-18T02:59:39.398+0000] {processor.py:830} INFO - Processing file /opt/airflow/dags/play_with_airflow_connections_and_hooks.py for tasks to queue
[2024-03-18T02:59:39.400+0000] {logging_mixin.py:188} INFO - [2024-03-18T02:59:39.400+0000] {dagbag.py:538} INFO - Filling up the DagBag from /opt/airflow/dags/play_with_airflow_connections_and_hooks.py
[2024-03-18T02:59:39.409+0000] {processor.py:840} INFO - DAG(s) 'play_with_airflow_connections_and_hooks' retrieved from /opt/airflow/dags/play_with_airflow_connections_and_hooks.py
[2024-03-18T02:59:39.429+0000] {logging_mixin.py:188} INFO - [2024-03-18T02:59:39.429+0000] {dag.py:3033} INFO - Sync 1 DAGs
[2024-03-18T02:59:39.447+0000] {logging_mixin.py:188} INFO - [2024-03-18T02:59:39.447+0000] {dag.py:3820} INFO - Setting next_dagrun for play_with_airflow_connections_and_hooks to 2024-03-18T00:00:00+00:00, run_after=2024-03-19T00:00:00+00:00
[2024-03-18T02:59:39.466+0000] {processor.py:183} INFO - Processing /opt/airflow/dags/play_with_airflow_connections_and_hooks.py took 0.072 seconds
[2024-03-18T03:00:10.269+0000] {processor.py:161} INFO - Started process (PID=169) to work on /opt/airflow/dags/play_with_airflow_connections_and_hooks.py
[2024-03-18T03:00:10.270+0000] {processor.py:830} INFO - Processing file /opt/airflow/dags/play_with_airflow_connections_and_hooks.py for tasks to queue
[2024-03-18T03:00:10.272+0000] {logging_mixin.py:188} INFO - [2024-03-18T03:00:10.272+0000] {dagbag.py:538} INFO - Filling up the DagBag from /opt/airflow/dags/play_with_airflow_connections_and_hooks.py
[2024-03-18T03:00:10.286+0000] {processor.py:840} INFO - DAG(s) 'play_with_airflow_connections_and_hooks' retrieved from /opt/airflow/dags/play_with_airflow_connections_and_hooks.py
[2024-03-18T03:00:10.318+0000] {logging_mixin.py:188} INFO - [2024-03-18T03:00:10.318+0000] {dag.py:3033} INFO - Sync 1 DAGs
[2024-03-18T03:00:10.344+0000] {logging_mixin.py:188} INFO - [2024-03-18T03:00:10.344+0000] {dag.py:3820} INFO - Setting next_dagrun for play_with_airflow_connections_and_hooks to 2024-03-18T00:00:00+00:00, run_after=2024-03-19T00:00:00+00:00
[2024-03-18T03:00:10.366+0000] {processor.py:183} INFO - Processing /opt/airflow/dags/play_with_airflow_connections_and_hooks.py took 0.101 seconds
[2024-03-18T03:00:40.686+0000] {processor.py:161} INFO - Started process (PID=205) to work on /opt/airflow/dags/play_with_airflow_connections_and_hooks.py
[2024-03-18T03:00:40.687+0000] {processor.py:830} INFO - Processing file /opt/airflow/dags/play_with_airflow_connections_and_hooks.py for tasks to queue
[2024-03-18T03:00:40.690+0000] {logging_mixin.py:188} INFO - [2024-03-18T03:00:40.689+0000] {dagbag.py:538} INFO - Filling up the DagBag from /opt/airflow/dags/play_with_airflow_connections_and_hooks.py
[2024-03-18T03:00:40.703+0000] {processor.py:840} INFO - DAG(s) 'play_with_airflow_connections_and_hooks' retrieved from /opt/airflow/dags/play_with_airflow_connections_and_hooks.py
[2024-03-18T03:00:40.733+0000] {logging_mixin.py:188} INFO - [2024-03-18T03:00:40.733+0000] {dag.py:3033} INFO - Sync 1 DAGs
[2024-03-18T03:00:40.763+0000] {logging_mixin.py:188} INFO - [2024-03-18T03:00:40.762+0000] {dag.py:3820} INFO - Setting next_dagrun for play_with_airflow_connections_and_hooks to 2024-03-18T00:00:00+00:00, run_after=2024-03-19T00:00:00+00:00
[2024-03-18T03:00:40.785+0000] {processor.py:183} INFO - Processing /opt/airflow/dags/play_with_airflow_connections_and_hooks.py took 0.102 seconds
[2024-03-18T03:01:10.980+0000] {processor.py:161} INFO - Started process (PID=236) to work on /opt/airflow/dags/play_with_airflow_connections_and_hooks.py
[2024-03-18T03:01:10.980+0000] {processor.py:830} INFO - Processing file /opt/airflow/dags/play_with_airflow_connections_and_hooks.py for tasks to queue
[2024-03-18T03:01:10.982+0000] {logging_mixin.py:188} INFO - [2024-03-18T03:01:10.982+0000] {dagbag.py:538} INFO - Filling up the DagBag from /opt/airflow/dags/play_with_airflow_connections_and_hooks.py
[2024-03-18T03:01:10.992+0000] {processor.py:840} INFO - DAG(s) 'play_with_airflow_connections_and_hooks' retrieved from /opt/airflow/dags/play_with_airflow_connections_and_hooks.py
[2024-03-18T03:01:11.013+0000] {logging_mixin.py:188} INFO - [2024-03-18T03:01:11.013+0000] {dag.py:3033} INFO - Sync 1 DAGs
[2024-03-18T03:01:11.032+0000] {logging_mixin.py:188} INFO - [2024-03-18T03:01:11.032+0000] {dag.py:3820} INFO - Setting next_dagrun for play_with_airflow_connections_and_hooks to 2024-03-18T00:00:00+00:00, run_after=2024-03-19T00:00:00+00:00
[2024-03-18T03:01:11.052+0000] {processor.py:183} INFO - Processing /opt/airflow/dags/play_with_airflow_connections_and_hooks.py took 0.075 seconds
[2024-03-18T03:01:41.313+0000] {processor.py:161} INFO - Started process (PID=278) to work on /opt/airflow/dags/play_with_airflow_connections_and_hooks.py
[2024-03-18T03:01:41.314+0000] {processor.py:830} INFO - Processing file /opt/airflow/dags/play_with_airflow_connections_and_hooks.py for tasks to queue
[2024-03-18T03:01:41.315+0000] {logging_mixin.py:188} INFO - [2024-03-18T03:01:41.315+0000] {dagbag.py:538} INFO - Filling up the DagBag from /opt/airflow/dags/play_with_airflow_connections_and_hooks.py
[2024-03-18T03:01:41.329+0000] {processor.py:840} INFO - DAG(s) 'play_with_airflow_connections_and_hooks' retrieved from /opt/airflow/dags/play_with_airflow_connections_and_hooks.py
[2024-03-18T03:01:41.358+0000] {logging_mixin.py:188} INFO - [2024-03-18T03:01:41.358+0000] {dag.py:3033} INFO - Sync 1 DAGs
[2024-03-18T03:01:41.381+0000] {logging_mixin.py:188} INFO - [2024-03-18T03:01:41.381+0000] {dag.py:3820} INFO - Setting next_dagrun for play_with_airflow_connections_and_hooks to 2024-03-18T00:00:00+00:00, run_after=2024-03-19T00:00:00+00:00
[2024-03-18T03:01:41.400+0000] {processor.py:183} INFO - Processing /opt/airflow/dags/play_with_airflow_connections_and_hooks.py took 0.090 seconds
[2024-03-18T03:02:12.358+0000] {processor.py:161} INFO - Started process (PID=312) to work on /opt/airflow/dags/play_with_airflow_connections_and_hooks.py
[2024-03-18T03:02:12.358+0000] {processor.py:830} INFO - Processing file /opt/airflow/dags/play_with_airflow_connections_and_hooks.py for tasks to queue
[2024-03-18T03:02:12.361+0000] {logging_mixin.py:188} INFO - [2024-03-18T03:02:12.360+0000] {dagbag.py:538} INFO - Filling up the DagBag from /opt/airflow/dags/play_with_airflow_connections_and_hooks.py
[2024-03-18T03:02:12.369+0000] {processor.py:840} INFO - DAG(s) 'play_with_airflow_connections_and_hooks' retrieved from /opt/airflow/dags/play_with_airflow_connections_and_hooks.py
[2024-03-18T03:02:12.393+0000] {logging_mixin.py:188} INFO - [2024-03-18T03:02:12.393+0000] {dag.py:3033} INFO - Sync 1 DAGs
[2024-03-18T03:02:12.412+0000] {logging_mixin.py:188} INFO - [2024-03-18T03:02:12.412+0000] {dag.py:3820} INFO - Setting next_dagrun for play_with_airflow_connections_and_hooks to 2024-03-18T00:00:00+00:00, run_after=2024-03-19T00:00:00+00:00
[2024-03-18T03:02:12.431+0000] {processor.py:183} INFO - Processing /opt/airflow/dags/play_with_airflow_connections_and_hooks.py took 0.077 seconds
[2024-03-18T03:02:42.682+0000] {processor.py:161} INFO - Started process (PID=340) to work on /opt/airflow/dags/play_with_airflow_connections_and_hooks.py
[2024-03-18T03:02:42.683+0000] {processor.py:830} INFO - Processing file /opt/airflow/dags/play_with_airflow_connections_and_hooks.py for tasks to queue
[2024-03-18T03:02:42.684+0000] {logging_mixin.py:188} INFO - [2024-03-18T03:02:42.684+0000] {dagbag.py:538} INFO - Filling up the DagBag from /opt/airflow/dags/play_with_airflow_connections_and_hooks.py
[2024-03-18T03:02:42.693+0000] {processor.py:840} INFO - DAG(s) 'play_with_airflow_connections_and_hooks' retrieved from /opt/airflow/dags/play_with_airflow_connections_and_hooks.py
[2024-03-18T03:02:42.718+0000] {logging_mixin.py:188} INFO - [2024-03-18T03:02:42.718+0000] {dag.py:3033} INFO - Sync 1 DAGs
[2024-03-18T03:02:42.744+0000] {logging_mixin.py:188} INFO - [2024-03-18T03:02:42.744+0000] {dag.py:3820} INFO - Setting next_dagrun for play_with_airflow_connections_and_hooks to 2024-03-18T00:00:00+00:00, run_after=2024-03-19T00:00:00+00:00
[2024-03-18T03:02:42.770+0000] {processor.py:183} INFO - Processing /opt/airflow/dags/play_with_airflow_connections_and_hooks.py took 0.090 seconds
[2024-03-18T03:03:13.094+0000] {processor.py:161} INFO - Started process (PID=379) to work on /opt/airflow/dags/play_with_airflow_connections_and_hooks.py
[2024-03-18T03:03:13.095+0000] {processor.py:830} INFO - Processing file /opt/airflow/dags/play_with_airflow_connections_and_hooks.py for tasks to queue
[2024-03-18T03:03:13.096+0000] {logging_mixin.py:188} INFO - [2024-03-18T03:03:13.096+0000] {dagbag.py:538} INFO - Filling up the DagBag from /opt/airflow/dags/play_with_airflow_connections_and_hooks.py
[2024-03-18T03:03:13.105+0000] {processor.py:840} INFO - DAG(s) 'play_with_airflow_connections_and_hooks' retrieved from /opt/airflow/dags/play_with_airflow_connections_and_hooks.py
[2024-03-18T03:03:13.126+0000] {logging_mixin.py:188} INFO - [2024-03-18T03:03:13.126+0000] {dag.py:3033} INFO - Sync 1 DAGs
[2024-03-18T03:03:13.144+0000] {logging_mixin.py:188} INFO - [2024-03-18T03:03:13.144+0000] {dag.py:3820} INFO - Setting next_dagrun for play_with_airflow_connections_and_hooks to 2024-03-18T00:00:00+00:00, run_after=2024-03-19T00:00:00+00:00
[2024-03-18T03:03:13.164+0000] {processor.py:183} INFO - Processing /opt/airflow/dags/play_with_airflow_connections_and_hooks.py took 0.073 seconds
[2024-03-18T03:03:44.044+0000] {processor.py:161} INFO - Started process (PID=413) to work on /opt/airflow/dags/play_with_airflow_connections_and_hooks.py
[2024-03-18T03:03:44.045+0000] {processor.py:830} INFO - Processing file /opt/airflow/dags/play_with_airflow_connections_and_hooks.py for tasks to queue
[2024-03-18T03:03:44.046+0000] {logging_mixin.py:188} INFO - [2024-03-18T03:03:44.046+0000] {dagbag.py:538} INFO - Filling up the DagBag from /opt/airflow/dags/play_with_airflow_connections_and_hooks.py
[2024-03-18T03:03:44.055+0000] {processor.py:840} INFO - DAG(s) 'play_with_airflow_connections_and_hooks' retrieved from /opt/airflow/dags/play_with_airflow_connections_and_hooks.py
[2024-03-18T03:03:44.081+0000] {logging_mixin.py:188} INFO - [2024-03-18T03:03:44.080+0000] {dag.py:3033} INFO - Sync 1 DAGs
[2024-03-18T03:03:44.106+0000] {logging_mixin.py:188} INFO - [2024-03-18T03:03:44.106+0000] {dag.py:3820} INFO - Setting next_dagrun for play_with_airflow_connections_and_hooks to 2024-03-18T00:00:00+00:00, run_after=2024-03-19T00:00:00+00:00
[2024-03-18T03:03:44.125+0000] {processor.py:183} INFO - Processing /opt/airflow/dags/play_with_airflow_connections_and_hooks.py took 0.084 seconds
[2024-03-18T03:04:14.383+0000] {processor.py:161} INFO - Started process (PID=455) to work on /opt/airflow/dags/play_with_airflow_connections_and_hooks.py
[2024-03-18T03:04:14.384+0000] {processor.py:830} INFO - Processing file /opt/airflow/dags/play_with_airflow_connections_and_hooks.py for tasks to queue
[2024-03-18T03:04:14.386+0000] {logging_mixin.py:188} INFO - [2024-03-18T03:04:14.386+0000] {dagbag.py:538} INFO - Filling up the DagBag from /opt/airflow/dags/play_with_airflow_connections_and_hooks.py
[2024-03-18T03:04:14.395+0000] {processor.py:840} INFO - DAG(s) 'play_with_airflow_connections_and_hooks' retrieved from /opt/airflow/dags/play_with_airflow_connections_and_hooks.py
[2024-03-18T03:04:14.416+0000] {logging_mixin.py:188} INFO - [2024-03-18T03:04:14.415+0000] {dag.py:3033} INFO - Sync 1 DAGs
[2024-03-18T03:04:14.434+0000] {logging_mixin.py:188} INFO - [2024-03-18T03:04:14.433+0000] {dag.py:3820} INFO - Setting next_dagrun for play_with_airflow_connections_and_hooks to 2024-03-18T00:00:00+00:00, run_after=2024-03-19T00:00:00+00:00
[2024-03-18T03:04:14.452+0000] {processor.py:183} INFO - Processing /opt/airflow/dags/play_with_airflow_connections_and_hooks.py took 0.071 seconds
[2024-03-18T03:04:44.725+0000] {processor.py:161} INFO - Started process (PID=483) to work on /opt/airflow/dags/play_with_airflow_connections_and_hooks.py
[2024-03-18T03:04:44.726+0000] {processor.py:830} INFO - Processing file /opt/airflow/dags/play_with_airflow_connections_and_hooks.py for tasks to queue
[2024-03-18T03:04:44.728+0000] {logging_mixin.py:188} INFO - [2024-03-18T03:04:44.728+0000] {dagbag.py:538} INFO - Filling up the DagBag from /opt/airflow/dags/play_with_airflow_connections_and_hooks.py
[2024-03-18T03:04:44.737+0000] {processor.py:840} INFO - DAG(s) 'play_with_airflow_connections_and_hooks' retrieved from /opt/airflow/dags/play_with_airflow_connections_and_hooks.py
[2024-03-18T03:04:44.760+0000] {logging_mixin.py:188} INFO - [2024-03-18T03:04:44.760+0000] {dag.py:3033} INFO - Sync 1 DAGs
[2024-03-18T03:04:44.783+0000] {logging_mixin.py:188} INFO - [2024-03-18T03:04:44.783+0000] {dag.py:3820} INFO - Setting next_dagrun for play_with_airflow_connections_and_hooks to 2024-03-18T00:00:00+00:00, run_after=2024-03-19T00:00:00+00:00
[2024-03-18T03:04:44.806+0000] {processor.py:183} INFO - Processing /opt/airflow/dags/play_with_airflow_connections_and_hooks.py took 0.083 seconds
[2024-03-18T03:05:15.095+0000] {processor.py:161} INFO - Started process (PID=519) to work on /opt/airflow/dags/play_with_airflow_connections_and_hooks.py
[2024-03-18T03:05:15.096+0000] {processor.py:830} INFO - Processing file /opt/airflow/dags/play_with_airflow_connections_and_hooks.py for tasks to queue
[2024-03-18T03:05:15.098+0000] {logging_mixin.py:188} INFO - [2024-03-18T03:05:15.097+0000] {dagbag.py:538} INFO - Filling up the DagBag from /opt/airflow/dags/play_with_airflow_connections_and_hooks.py
[2024-03-18T03:05:15.109+0000] {processor.py:840} INFO - DAG(s) 'play_with_airflow_connections_and_hooks' retrieved from /opt/airflow/dags/play_with_airflow_connections_and_hooks.py
[2024-03-18T03:05:15.138+0000] {logging_mixin.py:188} INFO - [2024-03-18T03:05:15.138+0000] {dag.py:3033} INFO - Sync 1 DAGs
[2024-03-18T03:05:15.165+0000] {logging_mixin.py:188} INFO - [2024-03-18T03:05:15.165+0000] {dag.py:3820} INFO - Setting next_dagrun for play_with_airflow_connections_and_hooks to 2024-03-18T00:00:00+00:00, run_after=2024-03-19T00:00:00+00:00
[2024-03-18T03:05:15.189+0000] {processor.py:183} INFO - Processing /opt/airflow/dags/play_with_airflow_connections_and_hooks.py took 0.097 seconds
[2024-03-18T03:05:45.593+0000] {processor.py:161} INFO - Started process (PID=551) to work on /opt/airflow/dags/play_with_airflow_connections_and_hooks.py
[2024-03-18T03:05:45.594+0000] {processor.py:830} INFO - Processing file /opt/airflow/dags/play_with_airflow_connections_and_hooks.py for tasks to queue
[2024-03-18T03:05:45.595+0000] {logging_mixin.py:188} INFO - [2024-03-18T03:05:45.595+0000] {dagbag.py:538} INFO - Filling up the DagBag from /opt/airflow/dags/play_with_airflow_connections_and_hooks.py
[2024-03-18T03:05:45.604+0000] {processor.py:840} INFO - DAG(s) 'play_with_airflow_connections_and_hooks' retrieved from /opt/airflow/dags/play_with_airflow_connections_and_hooks.py
[2024-03-18T03:05:45.625+0000] {logging_mixin.py:188} INFO - [2024-03-18T03:05:45.625+0000] {dag.py:3033} INFO - Sync 1 DAGs
[2024-03-18T03:05:45.645+0000] {logging_mixin.py:188} INFO - [2024-03-18T03:05:45.644+0000] {dag.py:3820} INFO - Setting next_dagrun for play_with_airflow_connections_and_hooks to 2024-03-18T00:00:00+00:00, run_after=2024-03-19T00:00:00+00:00
[2024-03-18T03:05:45.665+0000] {processor.py:183} INFO - Processing /opt/airflow/dags/play_with_airflow_connections_and_hooks.py took 0.074 seconds
[2024-03-18T03:06:15.908+0000] {processor.py:161} INFO - Started process (PID=585) to work on /opt/airflow/dags/play_with_airflow_connections_and_hooks.py
[2024-03-18T03:06:15.908+0000] {processor.py:830} INFO - Processing file /opt/airflow/dags/play_with_airflow_connections_and_hooks.py for tasks to queue
[2024-03-18T03:06:15.910+0000] {logging_mixin.py:188} INFO - [2024-03-18T03:06:15.910+0000] {dagbag.py:538} INFO - Filling up the DagBag from /opt/airflow/dags/play_with_airflow_connections_and_hooks.py
[2024-03-18T03:06:15.919+0000] {processor.py:840} INFO - DAG(s) 'play_with_airflow_connections_and_hooks' retrieved from /opt/airflow/dags/play_with_airflow_connections_and_hooks.py
[2024-03-18T03:06:15.944+0000] {logging_mixin.py:188} INFO - [2024-03-18T03:06:15.943+0000] {dag.py:3033} INFO - Sync 1 DAGs
[2024-03-18T03:06:15.968+0000] {logging_mixin.py:188} INFO - [2024-03-18T03:06:15.968+0000] {dag.py:3820} INFO - Setting next_dagrun for play_with_airflow_connections_and_hooks to 2024-03-18T00:00:00+00:00, run_after=2024-03-19T00:00:00+00:00
[2024-03-18T03:06:15.989+0000] {processor.py:183} INFO - Processing /opt/airflow/dags/play_with_airflow_connections_and_hooks.py took 0.084 seconds
[2024-03-18T03:06:46.261+0000] {processor.py:161} INFO - Started process (PID=621) to work on /opt/airflow/dags/play_with_airflow_connections_and_hooks.py
[2024-03-18T03:06:46.261+0000] {processor.py:830} INFO - Processing file /opt/airflow/dags/play_with_airflow_connections_and_hooks.py for tasks to queue
[2024-03-18T03:06:46.263+0000] {logging_mixin.py:188} INFO - [2024-03-18T03:06:46.262+0000] {dagbag.py:538} INFO - Filling up the DagBag from /opt/airflow/dags/play_with_airflow_connections_and_hooks.py
[2024-03-18T03:06:46.271+0000] {processor.py:840} INFO - DAG(s) 'play_with_airflow_connections_and_hooks' retrieved from /opt/airflow/dags/play_with_airflow_connections_and_hooks.py
[2024-03-18T03:06:46.297+0000] {logging_mixin.py:188} INFO - [2024-03-18T03:06:46.296+0000] {dag.py:3033} INFO - Sync 1 DAGs
[2024-03-18T03:06:46.319+0000] {logging_mixin.py:188} INFO - [2024-03-18T03:06:46.319+0000] {dag.py:3820} INFO - Setting next_dagrun for play_with_airflow_connections_and_hooks to 2024-03-18T00:00:00+00:00, run_after=2024-03-19T00:00:00+00:00
[2024-03-18T03:06:46.346+0000] {processor.py:183} INFO - Processing /opt/airflow/dags/play_with_airflow_connections_and_hooks.py took 0.088 seconds
[2024-03-18T03:07:16.473+0000] {processor.py:161} INFO - Started process (PID=653) to work on /opt/airflow/dags/play_with_airflow_connections_and_hooks.py
[2024-03-18T03:07:16.473+0000] {processor.py:830} INFO - Processing file /opt/airflow/dags/play_with_airflow_connections_and_hooks.py for tasks to queue
[2024-03-18T03:07:16.475+0000] {logging_mixin.py:188} INFO - [2024-03-18T03:07:16.475+0000] {dagbag.py:538} INFO - Filling up the DagBag from /opt/airflow/dags/play_with_airflow_connections_and_hooks.py
[2024-03-18T03:07:16.483+0000] {processor.py:840} INFO - DAG(s) 'play_with_airflow_connections_and_hooks' retrieved from /opt/airflow/dags/play_with_airflow_connections_and_hooks.py
[2024-03-18T03:07:16.503+0000] {logging_mixin.py:188} INFO - [2024-03-18T03:07:16.503+0000] {dag.py:3033} INFO - Sync 1 DAGs
[2024-03-18T03:07:16.522+0000] {logging_mixin.py:188} INFO - [2024-03-18T03:07:16.521+0000] {dag.py:3820} INFO - Setting next_dagrun for play_with_airflow_connections_and_hooks to 2024-03-18T00:00:00+00:00, run_after=2024-03-19T00:00:00+00:00
[2024-03-18T03:07:16.539+0000] {processor.py:183} INFO - Processing /opt/airflow/dags/play_with_airflow_connections_and_hooks.py took 0.069 seconds
[2024-03-18T03:07:46.797+0000] {processor.py:161} INFO - Started process (PID=695) to work on /opt/airflow/dags/play_with_airflow_connections_and_hooks.py
[2024-03-18T03:07:46.798+0000] {processor.py:830} INFO - Processing file /opt/airflow/dags/play_with_airflow_connections_and_hooks.py for tasks to queue
[2024-03-18T03:07:46.801+0000] {logging_mixin.py:188} INFO - [2024-03-18T03:07:46.800+0000] {dagbag.py:538} INFO - Filling up the DagBag from /opt/airflow/dags/play_with_airflow_connections_and_hooks.py
[2024-03-18T03:07:46.809+0000] {processor.py:840} INFO - DAG(s) 'play_with_airflow_connections_and_hooks' retrieved from /opt/airflow/dags/play_with_airflow_connections_and_hooks.py
[2024-03-18T03:07:46.830+0000] {logging_mixin.py:188} INFO - [2024-03-18T03:07:46.829+0000] {dag.py:3033} INFO - Sync 1 DAGs
[2024-03-18T03:07:46.856+0000] {logging_mixin.py:188} INFO - [2024-03-18T03:07:46.855+0000] {dag.py:3820} INFO - Setting next_dagrun for play_with_airflow_connections_and_hooks to 2024-03-18T00:00:00+00:00, run_after=2024-03-19T00:00:00+00:00
[2024-03-18T03:07:46.877+0000] {processor.py:183} INFO - Processing /opt/airflow/dags/play_with_airflow_connections_and_hooks.py took 0.083 seconds
[2024-03-18T03:08:17.129+0000] {processor.py:161} INFO - Started process (PID=729) to work on /opt/airflow/dags/play_with_airflow_connections_and_hooks.py
[2024-03-18T03:08:17.130+0000] {processor.py:830} INFO - Processing file /opt/airflow/dags/play_with_airflow_connections_and_hooks.py for tasks to queue
[2024-03-18T03:08:17.131+0000] {logging_mixin.py:188} INFO - [2024-03-18T03:08:17.131+0000] {dagbag.py:538} INFO - Filling up the DagBag from /opt/airflow/dags/play_with_airflow_connections_and_hooks.py
[2024-03-18T03:08:17.140+0000] {processor.py:840} INFO - DAG(s) 'play_with_airflow_connections_and_hooks' retrieved from /opt/airflow/dags/play_with_airflow_connections_and_hooks.py
[2024-03-18T03:08:17.161+0000] {logging_mixin.py:188} INFO - [2024-03-18T03:08:17.161+0000] {dag.py:3033} INFO - Sync 1 DAGs
[2024-03-18T03:08:17.181+0000] {logging_mixin.py:188} INFO - [2024-03-18T03:08:17.181+0000] {dag.py:3820} INFO - Setting next_dagrun for play_with_airflow_connections_and_hooks to 2024-03-18T00:00:00+00:00, run_after=2024-03-19T00:00:00+00:00
[2024-03-18T03:08:17.199+0000] {processor.py:183} INFO - Processing /opt/airflow/dags/play_with_airflow_connections_and_hooks.py took 0.072 seconds
[2024-03-18T03:08:47.566+0000] {processor.py:161} INFO - Started process (PID=762) to work on /opt/airflow/dags/play_with_airflow_connections_and_hooks.py
[2024-03-18T03:08:47.566+0000] {processor.py:830} INFO - Processing file /opt/airflow/dags/play_with_airflow_connections_and_hooks.py for tasks to queue
[2024-03-18T03:08:47.568+0000] {logging_mixin.py:188} INFO - [2024-03-18T03:08:47.568+0000] {dagbag.py:538} INFO - Filling up the DagBag from /opt/airflow/dags/play_with_airflow_connections_and_hooks.py
[2024-03-18T03:08:47.579+0000] {processor.py:840} INFO - DAG(s) 'play_with_airflow_connections_and_hooks' retrieved from /opt/airflow/dags/play_with_airflow_connections_and_hooks.py
[2024-03-18T03:08:47.602+0000] {logging_mixin.py:188} INFO - [2024-03-18T03:08:47.602+0000] {dag.py:3033} INFO - Sync 1 DAGs
[2024-03-18T03:08:47.630+0000] {logging_mixin.py:188} INFO - [2024-03-18T03:08:47.630+0000] {dag.py:3820} INFO - Setting next_dagrun for play_with_airflow_connections_and_hooks to 2024-03-18T00:00:00+00:00, run_after=2024-03-19T00:00:00+00:00
[2024-03-18T03:08:47.701+0000] {processor.py:183} INFO - Processing /opt/airflow/dags/play_with_airflow_connections_and_hooks.py took 0.138 seconds
[2024-03-18T03:09:18.077+0000] {processor.py:161} INFO - Started process (PID=796) to work on /opt/airflow/dags/play_with_airflow_connections_and_hooks.py
[2024-03-18T03:09:18.078+0000] {processor.py:830} INFO - Processing file /opt/airflow/dags/play_with_airflow_connections_and_hooks.py for tasks to queue
[2024-03-18T03:09:18.080+0000] {logging_mixin.py:188} INFO - [2024-03-18T03:09:18.080+0000] {dagbag.py:538} INFO - Filling up the DagBag from /opt/airflow/dags/play_with_airflow_connections_and_hooks.py
[2024-03-18T03:09:18.089+0000] {processor.py:840} INFO - DAG(s) 'play_with_airflow_connections_and_hooks' retrieved from /opt/airflow/dags/play_with_airflow_connections_and_hooks.py
[2024-03-18T03:09:18.116+0000] {logging_mixin.py:188} INFO - [2024-03-18T03:09:18.116+0000] {dag.py:3033} INFO - Sync 1 DAGs
[2024-03-18T03:09:18.141+0000] {logging_mixin.py:188} INFO - [2024-03-18T03:09:18.141+0000] {dag.py:3820} INFO - Setting next_dagrun for play_with_airflow_connections_and_hooks to 2024-03-18T00:00:00+00:00, run_after=2024-03-19T00:00:00+00:00
[2024-03-18T03:09:18.162+0000] {processor.py:183} INFO - Processing /opt/airflow/dags/play_with_airflow_connections_and_hooks.py took 0.088 seconds
[2024-03-18T03:09:48.409+0000] {processor.py:161} INFO - Started process (PID=830) to work on /opt/airflow/dags/play_with_airflow_connections_and_hooks.py
[2024-03-18T03:09:48.409+0000] {processor.py:830} INFO - Processing file /opt/airflow/dags/play_with_airflow_connections_and_hooks.py for tasks to queue
[2024-03-18T03:09:48.412+0000] {logging_mixin.py:188} INFO - [2024-03-18T03:09:48.412+0000] {dagbag.py:538} INFO - Filling up the DagBag from /opt/airflow/dags/play_with_airflow_connections_and_hooks.py
[2024-03-18T03:09:48.424+0000] {processor.py:840} INFO - DAG(s) 'play_with_airflow_connections_and_hooks' retrieved from /opt/airflow/dags/play_with_airflow_connections_and_hooks.py
[2024-03-18T03:09:48.449+0000] {logging_mixin.py:188} INFO - [2024-03-18T03:09:48.449+0000] {dag.py:3033} INFO - Sync 1 DAGs
[2024-03-18T03:09:48.474+0000] {logging_mixin.py:188} INFO - [2024-03-18T03:09:48.474+0000] {dag.py:3820} INFO - Setting next_dagrun for play_with_airflow_connections_and_hooks to 2024-03-18T00:00:00+00:00, run_after=2024-03-19T00:00:00+00:00
[2024-03-18T03:09:48.495+0000] {processor.py:183} INFO - Processing /opt/airflow/dags/play_with_airflow_connections_and_hooks.py took 0.089 seconds
[2024-03-18T03:10:18.782+0000] {processor.py:161} INFO - Started process (PID=872) to work on /opt/airflow/dags/play_with_airflow_connections_and_hooks.py
[2024-03-18T03:10:18.783+0000] {processor.py:830} INFO - Processing file /opt/airflow/dags/play_with_airflow_connections_and_hooks.py for tasks to queue
[2024-03-18T03:10:18.785+0000] {logging_mixin.py:188} INFO - [2024-03-18T03:10:18.785+0000] {dagbag.py:538} INFO - Filling up the DagBag from /opt/airflow/dags/play_with_airflow_connections_and_hooks.py
[2024-03-18T03:10:18.793+0000] {processor.py:840} INFO - DAG(s) 'play_with_airflow_connections_and_hooks' retrieved from /opt/airflow/dags/play_with_airflow_connections_and_hooks.py
[2024-03-18T03:10:18.820+0000] {logging_mixin.py:188} INFO - [2024-03-18T03:10:18.819+0000] {dag.py:3033} INFO - Sync 1 DAGs
[2024-03-18T03:10:18.846+0000] {logging_mixin.py:188} INFO - [2024-03-18T03:10:18.846+0000] {dag.py:3820} INFO - Setting next_dagrun for play_with_airflow_connections_and_hooks to 2024-03-18T00:00:00+00:00, run_after=2024-03-19T00:00:00+00:00
[2024-03-18T03:10:18.868+0000] {processor.py:183} INFO - Processing /opt/airflow/dags/play_with_airflow_connections_and_hooks.py took 0.089 seconds
[2024-03-18T03:10:49.185+0000] {processor.py:161} INFO - Started process (PID=895) to work on /opt/airflow/dags/play_with_airflow_connections_and_hooks.py
[2024-03-18T03:10:49.185+0000] {processor.py:830} INFO - Processing file /opt/airflow/dags/play_with_airflow_connections_and_hooks.py for tasks to queue
[2024-03-18T03:10:49.187+0000] {logging_mixin.py:188} INFO - [2024-03-18T03:10:49.187+0000] {dagbag.py:538} INFO - Filling up the DagBag from /opt/airflow/dags/play_with_airflow_connections_and_hooks.py
[2024-03-18T03:10:49.195+0000] {processor.py:840} INFO - DAG(s) 'play_with_airflow_connections_and_hooks' retrieved from /opt/airflow/dags/play_with_airflow_connections_and_hooks.py
[2024-03-18T03:10:49.215+0000] {logging_mixin.py:188} INFO - [2024-03-18T03:10:49.215+0000] {dag.py:3033} INFO - Sync 1 DAGs
[2024-03-18T03:10:49.234+0000] {logging_mixin.py:188} INFO - [2024-03-18T03:10:49.233+0000] {dag.py:3820} INFO - Setting next_dagrun for play_with_airflow_connections_and_hooks to 2024-03-18T00:00:00+00:00, run_after=2024-03-19T00:00:00+00:00
[2024-03-18T03:10:49.253+0000] {processor.py:183} INFO - Processing /opt/airflow/dags/play_with_airflow_connections_and_hooks.py took 0.071 seconds
[2024-03-18T03:11:19.590+0000] {processor.py:161} INFO - Started process (PID=935) to work on /opt/airflow/dags/play_with_airflow_connections_and_hooks.py
[2024-03-18T03:11:19.591+0000] {processor.py:830} INFO - Processing file /opt/airflow/dags/play_with_airflow_connections_and_hooks.py for tasks to queue
[2024-03-18T03:11:19.592+0000] {logging_mixin.py:188} INFO - [2024-03-18T03:11:19.592+0000] {dagbag.py:538} INFO - Filling up the DagBag from /opt/airflow/dags/play_with_airflow_connections_and_hooks.py
[2024-03-18T03:11:19.601+0000] {processor.py:840} INFO - DAG(s) 'play_with_airflow_connections_and_hooks' retrieved from /opt/airflow/dags/play_with_airflow_connections_and_hooks.py
[2024-03-18T03:11:19.627+0000] {logging_mixin.py:188} INFO - [2024-03-18T03:11:19.626+0000] {dag.py:3033} INFO - Sync 1 DAGs
[2024-03-18T03:11:19.652+0000] {logging_mixin.py:188} INFO - [2024-03-18T03:11:19.651+0000] {dag.py:3820} INFO - Setting next_dagrun for play_with_airflow_connections_and_hooks to 2024-03-18T00:00:00+00:00, run_after=2024-03-19T00:00:00+00:00
[2024-03-18T03:11:19.672+0000] {processor.py:183} INFO - Processing /opt/airflow/dags/play_with_airflow_connections_and_hooks.py took 0.084 seconds
[2024-03-18T03:11:49.941+0000] {processor.py:161} INFO - Started process (PID=969) to work on /opt/airflow/dags/play_with_airflow_connections_and_hooks.py
[2024-03-18T03:11:49.942+0000] {processor.py:830} INFO - Processing file /opt/airflow/dags/play_with_airflow_connections_and_hooks.py for tasks to queue
[2024-03-18T03:11:49.944+0000] {logging_mixin.py:188} INFO - [2024-03-18T03:11:49.944+0000] {dagbag.py:538} INFO - Filling up the DagBag from /opt/airflow/dags/play_with_airflow_connections_and_hooks.py
[2024-03-18T03:11:49.956+0000] {processor.py:840} INFO - DAG(s) 'play_with_airflow_connections_and_hooks' retrieved from /opt/airflow/dags/play_with_airflow_connections_and_hooks.py
[2024-03-18T03:11:49.986+0000] {logging_mixin.py:188} INFO - [2024-03-18T03:11:49.985+0000] {dag.py:3033} INFO - Sync 1 DAGs
[2024-03-18T03:11:50.015+0000] {logging_mixin.py:188} INFO - [2024-03-18T03:11:50.014+0000] {dag.py:3820} INFO - Setting next_dagrun for play_with_airflow_connections_and_hooks to 2024-03-18T00:00:00+00:00, run_after=2024-03-19T00:00:00+00:00
[2024-03-18T03:11:50.035+0000] {processor.py:183} INFO - Processing /opt/airflow/dags/play_with_airflow_connections_and_hooks.py took 0.097 seconds
[2024-03-18T03:12:20.283+0000] {processor.py:161} INFO - Started process (PID=1011) to work on /opt/airflow/dags/play_with_airflow_connections_and_hooks.py
[2024-03-18T03:12:20.284+0000] {processor.py:830} INFO - Processing file /opt/airflow/dags/play_with_airflow_connections_and_hooks.py for tasks to queue
[2024-03-18T03:12:20.286+0000] {logging_mixin.py:188} INFO - [2024-03-18T03:12:20.285+0000] {dagbag.py:538} INFO - Filling up the DagBag from /opt/airflow/dags/play_with_airflow_connections_and_hooks.py
[2024-03-18T03:12:20.298+0000] {processor.py:840} INFO - DAG(s) 'play_with_airflow_connections_and_hooks' retrieved from /opt/airflow/dags/play_with_airflow_connections_and_hooks.py
[2024-03-18T03:12:20.326+0000] {logging_mixin.py:188} INFO - [2024-03-18T03:12:20.326+0000] {dag.py:3033} INFO - Sync 1 DAGs
[2024-03-18T03:12:20.354+0000] {logging_mixin.py:188} INFO - [2024-03-18T03:12:20.354+0000] {dag.py:3820} INFO - Setting next_dagrun for play_with_airflow_connections_and_hooks to 2024-03-18T00:00:00+00:00, run_after=2024-03-19T00:00:00+00:00
[2024-03-18T03:12:20.374+0000] {processor.py:183} INFO - Processing /opt/airflow/dags/play_with_airflow_connections_and_hooks.py took 0.095 seconds
[2024-03-18T03:12:50.718+0000] {processor.py:161} INFO - Started process (PID=1036) to work on /opt/airflow/dags/play_with_airflow_connections_and_hooks.py
[2024-03-18T03:12:50.718+0000] {processor.py:830} INFO - Processing file /opt/airflow/dags/play_with_airflow_connections_and_hooks.py for tasks to queue
[2024-03-18T03:12:50.720+0000] {logging_mixin.py:188} INFO - [2024-03-18T03:12:50.720+0000] {dagbag.py:538} INFO - Filling up the DagBag from /opt/airflow/dags/play_with_airflow_connections_and_hooks.py
[2024-03-18T03:12:50.732+0000] {processor.py:840} INFO - DAG(s) 'play_with_airflow_connections_and_hooks' retrieved from /opt/airflow/dags/play_with_airflow_connections_and_hooks.py
[2024-03-18T03:12:50.756+0000] {logging_mixin.py:188} INFO - [2024-03-18T03:12:50.755+0000] {dag.py:3033} INFO - Sync 1 DAGs
[2024-03-18T03:12:50.776+0000] {logging_mixin.py:188} INFO - [2024-03-18T03:12:50.775+0000] {dag.py:3820} INFO - Setting next_dagrun for play_with_airflow_connections_and_hooks to 2024-03-18T00:00:00+00:00, run_after=2024-03-19T00:00:00+00:00
[2024-03-18T03:12:50.797+0000] {processor.py:183} INFO - Processing /opt/airflow/dags/play_with_airflow_connections_and_hooks.py took 0.082 seconds
[2024-03-18T03:13:21.064+0000] {processor.py:161} INFO - Started process (PID=1070) to work on /opt/airflow/dags/play_with_airflow_connections_and_hooks.py
[2024-03-18T03:13:21.064+0000] {processor.py:830} INFO - Processing file /opt/airflow/dags/play_with_airflow_connections_and_hooks.py for tasks to queue
[2024-03-18T03:13:21.066+0000] {logging_mixin.py:188} INFO - [2024-03-18T03:13:21.066+0000] {dagbag.py:538} INFO - Filling up the DagBag from /opt/airflow/dags/play_with_airflow_connections_and_hooks.py
[2024-03-18T03:13:21.076+0000] {processor.py:840} INFO - DAG(s) 'play_with_airflow_connections_and_hooks' retrieved from /opt/airflow/dags/play_with_airflow_connections_and_hooks.py
[2024-03-18T03:13:21.097+0000] {logging_mixin.py:188} INFO - [2024-03-18T03:13:21.097+0000] {dag.py:3033} INFO - Sync 1 DAGs
[2024-03-18T03:13:21.115+0000] {logging_mixin.py:188} INFO - [2024-03-18T03:13:21.115+0000] {dag.py:3820} INFO - Setting next_dagrun for play_with_airflow_connections_and_hooks to 2024-03-18T00:00:00+00:00, run_after=2024-03-19T00:00:00+00:00
[2024-03-18T03:13:21.136+0000] {processor.py:183} INFO - Processing /opt/airflow/dags/play_with_airflow_connections_and_hooks.py took 0.075 seconds
[2024-03-18T03:13:52.098+0000] {processor.py:161} INFO - Started process (PID=1112) to work on /opt/airflow/dags/play_with_airflow_connections_and_hooks.py
[2024-03-18T03:13:52.099+0000] {processor.py:830} INFO - Processing file /opt/airflow/dags/play_with_airflow_connections_and_hooks.py for tasks to queue
[2024-03-18T03:13:52.102+0000] {logging_mixin.py:188} INFO - [2024-03-18T03:13:52.102+0000] {dagbag.py:538} INFO - Filling up the DagBag from /opt/airflow/dags/play_with_airflow_connections_and_hooks.py
[2024-03-18T03:13:52.115+0000] {processor.py:840} INFO - DAG(s) 'play_with_airflow_connections_and_hooks' retrieved from /opt/airflow/dags/play_with_airflow_connections_and_hooks.py
[2024-03-18T03:13:52.137+0000] {logging_mixin.py:188} INFO - [2024-03-18T03:13:52.137+0000] {dag.py:3033} INFO - Sync 1 DAGs
[2024-03-18T03:13:52.157+0000] {logging_mixin.py:188} INFO - [2024-03-18T03:13:52.156+0000] {dag.py:3820} INFO - Setting next_dagrun for play_with_airflow_connections_and_hooks to 2024-03-18T00:00:00+00:00, run_after=2024-03-19T00:00:00+00:00
[2024-03-18T03:13:52.175+0000] {processor.py:183} INFO - Processing /opt/airflow/dags/play_with_airflow_connections_and_hooks.py took 0.080 seconds
[2024-03-18T03:14:22.425+0000] {processor.py:161} INFO - Started process (PID=1142) to work on /opt/airflow/dags/play_with_airflow_connections_and_hooks.py
[2024-03-18T03:14:22.425+0000] {processor.py:830} INFO - Processing file /opt/airflow/dags/play_with_airflow_connections_and_hooks.py for tasks to queue
[2024-03-18T03:14:22.428+0000] {logging_mixin.py:188} INFO - [2024-03-18T03:14:22.427+0000] {dagbag.py:538} INFO - Filling up the DagBag from /opt/airflow/dags/play_with_airflow_connections_and_hooks.py
[2024-03-18T03:14:22.436+0000] {processor.py:840} INFO - DAG(s) 'play_with_airflow_connections_and_hooks' retrieved from /opt/airflow/dags/play_with_airflow_connections_and_hooks.py
[2024-03-18T03:14:22.455+0000] {logging_mixin.py:188} INFO - [2024-03-18T03:14:22.455+0000] {dag.py:3033} INFO - Sync 1 DAGs
[2024-03-18T03:14:22.474+0000] {logging_mixin.py:188} INFO - [2024-03-18T03:14:22.474+0000] {dag.py:3820} INFO - Setting next_dagrun for play_with_airflow_connections_and_hooks to 2024-03-18T00:00:00+00:00, run_after=2024-03-19T00:00:00+00:00
[2024-03-18T03:14:22.494+0000] {processor.py:183} INFO - Processing /opt/airflow/dags/play_with_airflow_connections_and_hooks.py took 0.071 seconds
[2024-03-18T03:14:52.840+0000] {processor.py:161} INFO - Started process (PID=1180) to work on /opt/airflow/dags/play_with_airflow_connections_and_hooks.py
[2024-03-18T03:14:52.841+0000] {processor.py:830} INFO - Processing file /opt/airflow/dags/play_with_airflow_connections_and_hooks.py for tasks to queue
[2024-03-18T03:14:52.843+0000] {logging_mixin.py:188} INFO - [2024-03-18T03:14:52.842+0000] {dagbag.py:538} INFO - Filling up the DagBag from /opt/airflow/dags/play_with_airflow_connections_and_hooks.py
[2024-03-18T03:14:52.852+0000] {processor.py:840} INFO - DAG(s) 'play_with_airflow_connections_and_hooks' retrieved from /opt/airflow/dags/play_with_airflow_connections_and_hooks.py
[2024-03-18T03:14:52.875+0000] {logging_mixin.py:188} INFO - [2024-03-18T03:14:52.875+0000] {dag.py:3033} INFO - Sync 1 DAGs
[2024-03-18T03:14:52.903+0000] {logging_mixin.py:188} INFO - [2024-03-18T03:14:52.902+0000] {dag.py:3820} INFO - Setting next_dagrun for play_with_airflow_connections_and_hooks to 2024-03-18T00:00:00+00:00, run_after=2024-03-19T00:00:00+00:00
[2024-03-18T03:14:52.925+0000] {processor.py:183} INFO - Processing /opt/airflow/dags/play_with_airflow_connections_and_hooks.py took 0.088 seconds
[2024-03-18T03:15:23.188+0000] {processor.py:161} INFO - Started process (PID=1214) to work on /opt/airflow/dags/play_with_airflow_connections_and_hooks.py
[2024-03-18T03:15:23.189+0000] {processor.py:830} INFO - Processing file /opt/airflow/dags/play_with_airflow_connections_and_hooks.py for tasks to queue
[2024-03-18T03:15:23.192+0000] {logging_mixin.py:188} INFO - [2024-03-18T03:15:23.191+0000] {dagbag.py:538} INFO - Filling up the DagBag from /opt/airflow/dags/play_with_airflow_connections_and_hooks.py
[2024-03-18T03:15:23.206+0000] {processor.py:840} INFO - DAG(s) 'play_with_airflow_connections_and_hooks' retrieved from /opt/airflow/dags/play_with_airflow_connections_and_hooks.py
[2024-03-18T03:15:23.232+0000] {logging_mixin.py:188} INFO - [2024-03-18T03:15:23.232+0000] {dag.py:3033} INFO - Sync 1 DAGs
[2024-03-18T03:15:23.259+0000] {logging_mixin.py:188} INFO - [2024-03-18T03:15:23.258+0000] {dag.py:3820} INFO - Setting next_dagrun for play_with_airflow_connections_and_hooks to 2024-03-18T00:00:00+00:00, run_after=2024-03-19T00:00:00+00:00
[2024-03-18T03:15:23.279+0000] {processor.py:183} INFO - Processing /opt/airflow/dags/play_with_airflow_connections_and_hooks.py took 0.095 seconds
[2024-03-18T03:15:53.656+0000] {processor.py:161} INFO - Started process (PID=1256) to work on /opt/airflow/dags/play_with_airflow_connections_and_hooks.py
[2024-03-18T03:15:53.657+0000] {processor.py:830} INFO - Processing file /opt/airflow/dags/play_with_airflow_connections_and_hooks.py for tasks to queue
[2024-03-18T03:15:53.660+0000] {logging_mixin.py:188} INFO - [2024-03-18T03:15:53.659+0000] {dagbag.py:538} INFO - Filling up the DagBag from /opt/airflow/dags/play_with_airflow_connections_and_hooks.py
[2024-03-18T03:15:53.673+0000] {processor.py:840} INFO - DAG(s) 'play_with_airflow_connections_and_hooks' retrieved from /opt/airflow/dags/play_with_airflow_connections_and_hooks.py
[2024-03-18T03:15:53.704+0000] {logging_mixin.py:188} INFO - [2024-03-18T03:15:53.704+0000] {dag.py:3033} INFO - Sync 1 DAGs
[2024-03-18T03:15:53.731+0000] {logging_mixin.py:188} INFO - [2024-03-18T03:15:53.731+0000] {dag.py:3820} INFO - Setting next_dagrun for play_with_airflow_connections_and_hooks to 2024-03-18T00:00:00+00:00, run_after=2024-03-19T00:00:00+00:00
[2024-03-18T03:15:53.765+0000] {processor.py:183} INFO - Processing /opt/airflow/dags/play_with_airflow_connections_and_hooks.py took 0.119 seconds
[2024-03-18T03:16:24.101+0000] {processor.py:161} INFO - Started process (PID=1286) to work on /opt/airflow/dags/play_with_airflow_connections_and_hooks.py
[2024-03-18T03:16:24.103+0000] {processor.py:830} INFO - Processing file /opt/airflow/dags/play_with_airflow_connections_and_hooks.py for tasks to queue
[2024-03-18T03:16:24.106+0000] {logging_mixin.py:188} INFO - [2024-03-18T03:16:24.106+0000] {dagbag.py:538} INFO - Filling up the DagBag from /opt/airflow/dags/play_with_airflow_connections_and_hooks.py
[2024-03-18T03:16:24.120+0000] {processor.py:840} INFO - DAG(s) 'play_with_airflow_connections_and_hooks' retrieved from /opt/airflow/dags/play_with_airflow_connections_and_hooks.py
[2024-03-18T03:16:24.142+0000] {logging_mixin.py:188} INFO - [2024-03-18T03:16:24.142+0000] {dag.py:3033} INFO - Sync 1 DAGs
[2024-03-18T03:16:24.160+0000] {logging_mixin.py:188} INFO - [2024-03-18T03:16:24.160+0000] {dag.py:3820} INFO - Setting next_dagrun for play_with_airflow_connections_and_hooks to 2024-03-18T00:00:00+00:00, run_after=2024-03-19T00:00:00+00:00
[2024-03-18T03:16:24.177+0000] {processor.py:183} INFO - Processing /opt/airflow/dags/play_with_airflow_connections_and_hooks.py took 0.080 seconds
[2024-03-18T03:16:54.319+0000] {processor.py:161} INFO - Started process (PID=1315) to work on /opt/airflow/dags/play_with_airflow_connections_and_hooks.py
[2024-03-18T03:16:54.320+0000] {processor.py:830} INFO - Processing file /opt/airflow/dags/play_with_airflow_connections_and_hooks.py for tasks to queue
[2024-03-18T03:16:54.321+0000] {logging_mixin.py:188} INFO - [2024-03-18T03:16:54.321+0000] {dagbag.py:538} INFO - Filling up the DagBag from /opt/airflow/dags/play_with_airflow_connections_and_hooks.py
[2024-03-18T03:16:54.330+0000] {processor.py:840} INFO - DAG(s) 'play_with_airflow_connections_and_hooks' retrieved from /opt/airflow/dags/play_with_airflow_connections_and_hooks.py
[2024-03-18T03:16:54.349+0000] {logging_mixin.py:188} INFO - [2024-03-18T03:16:54.349+0000] {dag.py:3033} INFO - Sync 1 DAGs
[2024-03-18T03:16:54.367+0000] {logging_mixin.py:188} INFO - [2024-03-18T03:16:54.367+0000] {dag.py:3820} INFO - Setting next_dagrun for play_with_airflow_connections_and_hooks to 2024-03-18T00:00:00+00:00, run_after=2024-03-19T00:00:00+00:00
[2024-03-18T03:16:54.385+0000] {processor.py:183} INFO - Processing /opt/airflow/dags/play_with_airflow_connections_and_hooks.py took 0.069 seconds
[2024-03-18T03:17:24.734+0000] {processor.py:161} INFO - Started process (PID=1353) to work on /opt/airflow/dags/play_with_airflow_connections_and_hooks.py
[2024-03-18T03:17:24.735+0000] {processor.py:830} INFO - Processing file /opt/airflow/dags/play_with_airflow_connections_and_hooks.py for tasks to queue
[2024-03-18T03:17:24.737+0000] {logging_mixin.py:188} INFO - [2024-03-18T03:17:24.737+0000] {dagbag.py:538} INFO - Filling up the DagBag from /opt/airflow/dags/play_with_airflow_connections_and_hooks.py
[2024-03-18T03:17:24.746+0000] {processor.py:840} INFO - DAG(s) 'play_with_airflow_connections_and_hooks' retrieved from /opt/airflow/dags/play_with_airflow_connections_and_hooks.py
[2024-03-18T03:17:24.771+0000] {logging_mixin.py:188} INFO - [2024-03-18T03:17:24.771+0000] {dag.py:3033} INFO - Sync 1 DAGs
[2024-03-18T03:17:24.796+0000] {logging_mixin.py:188} INFO - [2024-03-18T03:17:24.796+0000] {dag.py:3820} INFO - Setting next_dagrun for play_with_airflow_connections_and_hooks to 2024-03-18T00:00:00+00:00, run_after=2024-03-19T00:00:00+00:00
[2024-03-18T03:17:24.814+0000] {processor.py:183} INFO - Processing /opt/airflow/dags/play_with_airflow_connections_and_hooks.py took 0.083 seconds
[2024-03-18T03:17:55.208+0000] {processor.py:161} INFO - Started process (PID=1388) to work on /opt/airflow/dags/play_with_airflow_connections_and_hooks.py
[2024-03-18T03:17:55.208+0000] {processor.py:830} INFO - Processing file /opt/airflow/dags/play_with_airflow_connections_and_hooks.py for tasks to queue
[2024-03-18T03:17:55.210+0000] {logging_mixin.py:188} INFO - [2024-03-18T03:17:55.210+0000] {dagbag.py:538} INFO - Filling up the DagBag from /opt/airflow/dags/play_with_airflow_connections_and_hooks.py
[2024-03-18T03:17:55.219+0000] {processor.py:840} INFO - DAG(s) 'play_with_airflow_connections_and_hooks' retrieved from /opt/airflow/dags/play_with_airflow_connections_and_hooks.py
[2024-03-18T03:17:55.240+0000] {logging_mixin.py:188} INFO - [2024-03-18T03:17:55.240+0000] {dag.py:3033} INFO - Sync 1 DAGs
[2024-03-18T03:17:55.259+0000] {logging_mixin.py:188} INFO - [2024-03-18T03:17:55.259+0000] {dag.py:3820} INFO - Setting next_dagrun for play_with_airflow_connections_and_hooks to 2024-03-18T00:00:00+00:00, run_after=2024-03-19T00:00:00+00:00
[2024-03-18T03:17:55.284+0000] {processor.py:183} INFO - Processing /opt/airflow/dags/play_with_airflow_connections_and_hooks.py took 0.079 seconds
[2024-03-18T03:18:25.470+0000] {processor.py:161} INFO - Started process (PID=1426) to work on /opt/airflow/dags/play_with_airflow_connections_and_hooks.py
[2024-03-18T03:18:25.471+0000] {processor.py:830} INFO - Processing file /opt/airflow/dags/play_with_airflow_connections_and_hooks.py for tasks to queue
[2024-03-18T03:18:25.472+0000] {logging_mixin.py:188} INFO - [2024-03-18T03:18:25.472+0000] {dagbag.py:538} INFO - Filling up the DagBag from /opt/airflow/dags/play_with_airflow_connections_and_hooks.py
[2024-03-18T03:18:25.481+0000] {processor.py:840} INFO - DAG(s) 'play_with_airflow_connections_and_hooks' retrieved from /opt/airflow/dags/play_with_airflow_connections_and_hooks.py
[2024-03-18T03:18:25.503+0000] {logging_mixin.py:188} INFO - [2024-03-18T03:18:25.503+0000] {dag.py:3033} INFO - Sync 1 DAGs
[2024-03-18T03:18:25.523+0000] {logging_mixin.py:188} INFO - [2024-03-18T03:18:25.523+0000] {dag.py:3820} INFO - Setting next_dagrun for play_with_airflow_connections_and_hooks to 2024-03-18T00:00:00+00:00, run_after=2024-03-19T00:00:00+00:00
[2024-03-18T03:18:25.546+0000] {processor.py:183} INFO - Processing /opt/airflow/dags/play_with_airflow_connections_and_hooks.py took 0.079 seconds
[2024-03-18T03:18:55.917+0000] {processor.py:161} INFO - Started process (PID=1456) to work on /opt/airflow/dags/play_with_airflow_connections_and_hooks.py
[2024-03-18T03:18:55.918+0000] {processor.py:830} INFO - Processing file /opt/airflow/dags/play_with_airflow_connections_and_hooks.py for tasks to queue
[2024-03-18T03:18:55.919+0000] {logging_mixin.py:188} INFO - [2024-03-18T03:18:55.919+0000] {dagbag.py:538} INFO - Filling up the DagBag from /opt/airflow/dags/play_with_airflow_connections_and_hooks.py
[2024-03-18T03:18:55.929+0000] {processor.py:840} INFO - DAG(s) 'play_with_airflow_connections_and_hooks' retrieved from /opt/airflow/dags/play_with_airflow_connections_and_hooks.py
[2024-03-18T03:18:55.952+0000] {logging_mixin.py:188} INFO - [2024-03-18T03:18:55.952+0000] {dag.py:3033} INFO - Sync 1 DAGs
[2024-03-18T03:18:55.980+0000] {logging_mixin.py:188} INFO - [2024-03-18T03:18:55.980+0000] {dag.py:3820} INFO - Setting next_dagrun for play_with_airflow_connections_and_hooks to 2024-03-18T00:00:00+00:00, run_after=2024-03-19T00:00:00+00:00
[2024-03-18T03:18:56.003+0000] {processor.py:183} INFO - Processing /opt/airflow/dags/play_with_airflow_connections_and_hooks.py took 0.090 seconds
[2024-03-18T03:19:26.270+0000] {processor.py:161} INFO - Started process (PID=1498) to work on /opt/airflow/dags/play_with_airflow_connections_and_hooks.py
[2024-03-18T03:19:26.271+0000] {processor.py:830} INFO - Processing file /opt/airflow/dags/play_with_airflow_connections_and_hooks.py for tasks to queue
[2024-03-18T03:19:26.273+0000] {logging_mixin.py:188} INFO - [2024-03-18T03:19:26.273+0000] {dagbag.py:538} INFO - Filling up the DagBag from /opt/airflow/dags/play_with_airflow_connections_and_hooks.py
[2024-03-18T03:19:26.281+0000] {processor.py:840} INFO - DAG(s) 'play_with_airflow_connections_and_hooks' retrieved from /opt/airflow/dags/play_with_airflow_connections_and_hooks.py
[2024-03-18T03:19:26.303+0000] {logging_mixin.py:188} INFO - [2024-03-18T03:19:26.303+0000] {dag.py:3033} INFO - Sync 1 DAGs
[2024-03-18T03:19:26.322+0000] {logging_mixin.py:188} INFO - [2024-03-18T03:19:26.322+0000] {dag.py:3820} INFO - Setting next_dagrun for play_with_airflow_connections_and_hooks to 2024-03-18T00:00:00+00:00, run_after=2024-03-19T00:00:00+00:00
[2024-03-18T03:19:26.341+0000] {processor.py:183} INFO - Processing /opt/airflow/dags/play_with_airflow_connections_and_hooks.py took 0.075 seconds
[2024-03-18T03:19:57.021+0000] {processor.py:161} INFO - Started process (PID=1532) to work on /opt/airflow/dags/play_with_airflow_connections_and_hooks.py
[2024-03-18T03:19:57.022+0000] {processor.py:830} INFO - Processing file /opt/airflow/dags/play_with_airflow_connections_and_hooks.py for tasks to queue
[2024-03-18T03:19:57.024+0000] {logging_mixin.py:188} INFO - [2024-03-18T03:19:57.023+0000] {dagbag.py:538} INFO - Filling up the DagBag from /opt/airflow/dags/play_with_airflow_connections_and_hooks.py
[2024-03-18T03:19:57.032+0000] {processor.py:840} INFO - DAG(s) 'play_with_airflow_connections_and_hooks' retrieved from /opt/airflow/dags/play_with_airflow_connections_and_hooks.py
[2024-03-18T03:19:57.056+0000] {logging_mixin.py:188} INFO - [2024-03-18T03:19:57.056+0000] {dag.py:3033} INFO - Sync 1 DAGs
[2024-03-18T03:19:57.076+0000] {logging_mixin.py:188} INFO - [2024-03-18T03:19:57.076+0000] {dag.py:3820} INFO - Setting next_dagrun for play_with_airflow_connections_and_hooks to 2024-03-18T00:00:00+00:00, run_after=2024-03-19T00:00:00+00:00
[2024-03-18T03:19:57.095+0000] {processor.py:183} INFO - Processing /opt/airflow/dags/play_with_airflow_connections_and_hooks.py took 0.077 seconds
[2024-03-18T03:20:27.362+0000] {processor.py:161} INFO - Started process (PID=1560) to work on /opt/airflow/dags/play_with_airflow_connections_and_hooks.py
[2024-03-18T03:20:27.363+0000] {processor.py:830} INFO - Processing file /opt/airflow/dags/play_with_airflow_connections_and_hooks.py for tasks to queue
[2024-03-18T03:20:27.364+0000] {logging_mixin.py:188} INFO - [2024-03-18T03:20:27.364+0000] {dagbag.py:538} INFO - Filling up the DagBag from /opt/airflow/dags/play_with_airflow_connections_and_hooks.py
[2024-03-18T03:20:27.373+0000] {processor.py:840} INFO - DAG(s) 'play_with_airflow_connections_and_hooks' retrieved from /opt/airflow/dags/play_with_airflow_connections_and_hooks.py
[2024-03-18T03:20:27.392+0000] {logging_mixin.py:188} INFO - [2024-03-18T03:20:27.392+0000] {dag.py:3033} INFO - Sync 1 DAGs
[2024-03-18T03:20:27.410+0000] {logging_mixin.py:188} INFO - [2024-03-18T03:20:27.410+0000] {dag.py:3820} INFO - Setting next_dagrun for play_with_airflow_connections_and_hooks to 2024-03-18T00:00:00+00:00, run_after=2024-03-19T00:00:00+00:00
[2024-03-18T03:20:27.428+0000] {processor.py:183} INFO - Processing /opt/airflow/dags/play_with_airflow_connections_and_hooks.py took 0.068 seconds
[2024-03-18T03:20:57.757+0000] {processor.py:161} INFO - Started process (PID=1599) to work on /opt/airflow/dags/play_with_airflow_connections_and_hooks.py
[2024-03-18T03:20:57.757+0000] {processor.py:830} INFO - Processing file /opt/airflow/dags/play_with_airflow_connections_and_hooks.py for tasks to queue
[2024-03-18T03:20:57.759+0000] {logging_mixin.py:188} INFO - [2024-03-18T03:20:57.759+0000] {dagbag.py:538} INFO - Filling up the DagBag from /opt/airflow/dags/play_with_airflow_connections_and_hooks.py
[2024-03-18T03:20:57.768+0000] {processor.py:840} INFO - DAG(s) 'play_with_airflow_connections_and_hooks' retrieved from /opt/airflow/dags/play_with_airflow_connections_and_hooks.py
[2024-03-18T03:20:57.793+0000] {logging_mixin.py:188} INFO - [2024-03-18T03:20:57.793+0000] {dag.py:3033} INFO - Sync 1 DAGs
[2024-03-18T03:20:57.818+0000] {logging_mixin.py:188} INFO - [2024-03-18T03:20:57.818+0000] {dag.py:3820} INFO - Setting next_dagrun for play_with_airflow_connections_and_hooks to 2024-03-18T00:00:00+00:00, run_after=2024-03-19T00:00:00+00:00
[2024-03-18T03:20:57.837+0000] {processor.py:183} INFO - Processing /opt/airflow/dags/play_with_airflow_connections_and_hooks.py took 0.084 seconds
[2024-03-18T03:21:28.241+0000] {processor.py:161} INFO - Started process (PID=1633) to work on /opt/airflow/dags/play_with_airflow_connections_and_hooks.py
[2024-03-18T03:21:28.241+0000] {processor.py:830} INFO - Processing file /opt/airflow/dags/play_with_airflow_connections_and_hooks.py for tasks to queue
[2024-03-18T03:21:28.243+0000] {logging_mixin.py:188} INFO - [2024-03-18T03:21:28.243+0000] {dagbag.py:538} INFO - Filling up the DagBag from /opt/airflow/dags/play_with_airflow_connections_and_hooks.py
[2024-03-18T03:21:28.252+0000] {processor.py:840} INFO - DAG(s) 'play_with_airflow_connections_and_hooks' retrieved from /opt/airflow/dags/play_with_airflow_connections_and_hooks.py
[2024-03-18T03:21:28.277+0000] {logging_mixin.py:188} INFO - [2024-03-18T03:21:28.276+0000] {dag.py:3033} INFO - Sync 1 DAGs
[2024-03-18T03:21:28.302+0000] {logging_mixin.py:188} INFO - [2024-03-18T03:21:28.301+0000] {dag.py:3820} INFO - Setting next_dagrun for play_with_airflow_connections_and_hooks to 2024-03-18T00:00:00+00:00, run_after=2024-03-19T00:00:00+00:00
[2024-03-18T03:21:28.321+0000] {processor.py:183} INFO - Processing /opt/airflow/dags/play_with_airflow_connections_and_hooks.py took 0.083 seconds
[2024-03-18T03:21:58.573+0000] {processor.py:161} INFO - Started process (PID=1675) to work on /opt/airflow/dags/play_with_airflow_connections_and_hooks.py
[2024-03-18T03:21:58.574+0000] {processor.py:830} INFO - Processing file /opt/airflow/dags/play_with_airflow_connections_and_hooks.py for tasks to queue
[2024-03-18T03:21:58.577+0000] {logging_mixin.py:188} INFO - [2024-03-18T03:21:58.577+0000] {dagbag.py:538} INFO - Filling up the DagBag from /opt/airflow/dags/play_with_airflow_connections_and_hooks.py
[2024-03-18T03:21:58.590+0000] {processor.py:840} INFO - DAG(s) 'play_with_airflow_connections_and_hooks' retrieved from /opt/airflow/dags/play_with_airflow_connections_and_hooks.py
[2024-03-18T03:21:58.616+0000] {logging_mixin.py:188} INFO - [2024-03-18T03:21:58.616+0000] {dag.py:3033} INFO - Sync 1 DAGs
[2024-03-18T03:21:58.645+0000] {logging_mixin.py:188} INFO - [2024-03-18T03:21:58.645+0000] {dag.py:3820} INFO - Setting next_dagrun for play_with_airflow_connections_and_hooks to 2024-03-18T00:00:00+00:00, run_after=2024-03-19T00:00:00+00:00
[2024-03-18T03:21:58.672+0000] {processor.py:183} INFO - Processing /opt/airflow/dags/play_with_airflow_connections_and_hooks.py took 0.103 seconds
[2024-03-18T03:22:30.908+0000] {processor.py:161} INFO - Started process (PID=1705) to work on /opt/airflow/dags/play_with_airflow_connections_and_hooks.py
[2024-03-18T03:22:30.909+0000] {processor.py:830} INFO - Processing file /opt/airflow/dags/play_with_airflow_connections_and_hooks.py for tasks to queue
[2024-03-18T03:22:30.911+0000] {logging_mixin.py:188} INFO - [2024-03-18T03:22:30.911+0000] {dagbag.py:538} INFO - Filling up the DagBag from /opt/airflow/dags/play_with_airflow_connections_and_hooks.py
[2024-03-18T03:22:30.919+0000] {processor.py:840} INFO - DAG(s) 'play_with_airflow_connections_and_hooks' retrieved from /opt/airflow/dags/play_with_airflow_connections_and_hooks.py
[2024-03-18T03:22:30.945+0000] {logging_mixin.py:188} INFO - [2024-03-18T03:22:30.945+0000] {dag.py:3033} INFO - Sync 1 DAGs
[2024-03-18T03:22:30.971+0000] {logging_mixin.py:188} INFO - [2024-03-18T03:22:30.971+0000] {dag.py:3820} INFO - Setting next_dagrun for play_with_airflow_connections_and_hooks to 2024-03-18T00:00:00+00:00, run_after=2024-03-19T00:00:00+00:00
[2024-03-18T03:22:30.993+0000] {processor.py:183} INFO - Processing /opt/airflow/dags/play_with_airflow_connections_and_hooks.py took 0.087 seconds
[2024-03-18T03:23:01.462+0000] {processor.py:161} INFO - Started process (PID=1739) to work on /opt/airflow/dags/play_with_airflow_connections_and_hooks.py
[2024-03-18T03:23:01.462+0000] {processor.py:830} INFO - Processing file /opt/airflow/dags/play_with_airflow_connections_and_hooks.py for tasks to queue
[2024-03-18T03:23:01.464+0000] {logging_mixin.py:188} INFO - [2024-03-18T03:23:01.464+0000] {dagbag.py:538} INFO - Filling up the DagBag from /opt/airflow/dags/play_with_airflow_connections_and_hooks.py
[2024-03-18T03:23:01.477+0000] {processor.py:840} INFO - DAG(s) 'play_with_airflow_connections_and_hooks' retrieved from /opt/airflow/dags/play_with_airflow_connections_and_hooks.py
[2024-03-18T03:23:01.510+0000] {logging_mixin.py:188} INFO - [2024-03-18T03:23:01.510+0000] {dag.py:3033} INFO - Sync 1 DAGs
[2024-03-18T03:23:01.530+0000] {logging_mixin.py:188} INFO - [2024-03-18T03:23:01.530+0000] {dag.py:3820} INFO - Setting next_dagrun for play_with_airflow_connections_and_hooks to 2024-03-18T00:00:00+00:00, run_after=2024-03-19T00:00:00+00:00
[2024-03-18T03:23:01.549+0000] {processor.py:183} INFO - Processing /opt/airflow/dags/play_with_airflow_connections_and_hooks.py took 0.094 seconds
[2024-03-18T03:23:32.235+0000] {processor.py:161} INFO - Started process (PID=1772) to work on /opt/airflow/dags/play_with_airflow_connections_and_hooks.py
[2024-03-18T03:23:32.235+0000] {processor.py:830} INFO - Processing file /opt/airflow/dags/play_with_airflow_connections_and_hooks.py for tasks to queue
[2024-03-18T03:23:32.238+0000] {logging_mixin.py:188} INFO - [2024-03-18T03:23:32.237+0000] {dagbag.py:538} INFO - Filling up the DagBag from /opt/airflow/dags/play_with_airflow_connections_and_hooks.py
[2024-03-18T03:23:32.246+0000] {processor.py:840} INFO - DAG(s) 'play_with_airflow_connections_and_hooks' retrieved from /opt/airflow/dags/play_with_airflow_connections_and_hooks.py
[2024-03-18T03:23:32.269+0000] {logging_mixin.py:188} INFO - [2024-03-18T03:23:32.269+0000] {dag.py:3033} INFO - Sync 1 DAGs
[2024-03-18T03:23:32.288+0000] {logging_mixin.py:188} INFO - [2024-03-18T03:23:32.288+0000] {dag.py:3820} INFO - Setting next_dagrun for play_with_airflow_connections_and_hooks to 2024-03-18T00:00:00+00:00, run_after=2024-03-19T00:00:00+00:00
[2024-03-18T03:23:32.310+0000] {processor.py:183} INFO - Processing /opt/airflow/dags/play_with_airflow_connections_and_hooks.py took 0.079 seconds
[2024-03-18T03:24:02.609+0000] {processor.py:161} INFO - Started process (PID=1816) to work on /opt/airflow/dags/play_with_airflow_connections_and_hooks.py
[2024-03-18T03:24:02.611+0000] {processor.py:830} INFO - Processing file /opt/airflow/dags/play_with_airflow_connections_and_hooks.py for tasks to queue
[2024-03-18T03:24:02.614+0000] {logging_mixin.py:188} INFO - [2024-03-18T03:24:02.613+0000] {dagbag.py:538} INFO - Filling up the DagBag from /opt/airflow/dags/play_with_airflow_connections_and_hooks.py
[2024-03-18T03:24:02.626+0000] {processor.py:840} INFO - DAG(s) 'play_with_airflow_connections_and_hooks' retrieved from /opt/airflow/dags/play_with_airflow_connections_and_hooks.py
[2024-03-18T03:24:02.659+0000] {logging_mixin.py:188} INFO - [2024-03-18T03:24:02.658+0000] {dag.py:3033} INFO - Sync 1 DAGs
[2024-03-18T03:24:02.684+0000] {logging_mixin.py:188} INFO - [2024-03-18T03:24:02.684+0000] {dag.py:3820} INFO - Setting next_dagrun for play_with_airflow_connections_and_hooks to 2024-03-18T00:00:00+00:00, run_after=2024-03-19T00:00:00+00:00
[2024-03-18T03:24:02.706+0000] {processor.py:183} INFO - Processing /opt/airflow/dags/play_with_airflow_connections_and_hooks.py took 0.101 seconds
[2024-03-18T03:24:32.989+0000] {processor.py:161} INFO - Started process (PID=1846) to work on /opt/airflow/dags/play_with_airflow_connections_and_hooks.py
[2024-03-18T03:24:32.989+0000] {processor.py:830} INFO - Processing file /opt/airflow/dags/play_with_airflow_connections_and_hooks.py for tasks to queue
[2024-03-18T03:24:32.991+0000] {logging_mixin.py:188} INFO - [2024-03-18T03:24:32.991+0000] {dagbag.py:538} INFO - Filling up the DagBag from /opt/airflow/dags/play_with_airflow_connections_and_hooks.py
[2024-03-18T03:24:32.999+0000] {processor.py:840} INFO - DAG(s) 'play_with_airflow_connections_and_hooks' retrieved from /opt/airflow/dags/play_with_airflow_connections_and_hooks.py
[2024-03-18T03:24:33.019+0000] {logging_mixin.py:188} INFO - [2024-03-18T03:24:33.019+0000] {dag.py:3033} INFO - Sync 1 DAGs
[2024-03-18T03:24:33.037+0000] {logging_mixin.py:188} INFO - [2024-03-18T03:24:33.037+0000] {dag.py:3820} INFO - Setting next_dagrun for play_with_airflow_connections_and_hooks to 2024-03-18T00:00:00+00:00, run_after=2024-03-19T00:00:00+00:00
[2024-03-18T03:24:33.058+0000] {processor.py:183} INFO - Processing /opt/airflow/dags/play_with_airflow_connections_and_hooks.py took 0.072 seconds
[2024-03-18T03:25:03.476+0000] {processor.py:161} INFO - Started process (PID=1883) to work on /opt/airflow/dags/play_with_airflow_connections_and_hooks.py
[2024-03-18T03:25:03.477+0000] {processor.py:830} INFO - Processing file /opt/airflow/dags/play_with_airflow_connections_and_hooks.py for tasks to queue
[2024-03-18T03:25:03.479+0000] {logging_mixin.py:188} INFO - [2024-03-18T03:25:03.479+0000] {dagbag.py:538} INFO - Filling up the DagBag from /opt/airflow/dags/play_with_airflow_connections_and_hooks.py
[2024-03-18T03:25:03.489+0000] {processor.py:840} INFO - DAG(s) 'play_with_airflow_connections_and_hooks' retrieved from /opt/airflow/dags/play_with_airflow_connections_and_hooks.py
[2024-03-18T03:25:03.511+0000] {logging_mixin.py:188} INFO - [2024-03-18T03:25:03.511+0000] {dag.py:3033} INFO - Sync 1 DAGs
[2024-03-18T03:25:03.530+0000] {logging_mixin.py:188} INFO - [2024-03-18T03:25:03.530+0000] {dag.py:3820} INFO - Setting next_dagrun for play_with_airflow_connections_and_hooks to 2024-03-18T00:00:00+00:00, run_after=2024-03-19T00:00:00+00:00
[2024-03-18T03:25:03.550+0000] {processor.py:183} INFO - Processing /opt/airflow/dags/play_with_airflow_connections_and_hooks.py took 0.077 seconds
[2024-03-18T03:25:33.930+0000] {processor.py:161} INFO - Started process (PID=1918) to work on /opt/airflow/dags/play_with_airflow_connections_and_hooks.py
[2024-03-18T03:25:33.931+0000] {processor.py:830} INFO - Processing file /opt/airflow/dags/play_with_airflow_connections_and_hooks.py for tasks to queue
[2024-03-18T03:25:33.933+0000] {logging_mixin.py:188} INFO - [2024-03-18T03:25:33.932+0000] {dagbag.py:538} INFO - Filling up the DagBag from /opt/airflow/dags/play_with_airflow_connections_and_hooks.py
[2024-03-18T03:25:33.941+0000] {processor.py:840} INFO - DAG(s) 'play_with_airflow_connections_and_hooks' retrieved from /opt/airflow/dags/play_with_airflow_connections_and_hooks.py
[2024-03-18T03:25:33.966+0000] {logging_mixin.py:188} INFO - [2024-03-18T03:25:33.966+0000] {dag.py:3033} INFO - Sync 1 DAGs
[2024-03-18T03:25:33.985+0000] {logging_mixin.py:188} INFO - [2024-03-18T03:25:33.985+0000] {dag.py:3820} INFO - Setting next_dagrun for play_with_airflow_connections_and_hooks to 2024-03-18T00:00:00+00:00, run_after=2024-03-19T00:00:00+00:00
[2024-03-18T03:25:34.003+0000] {processor.py:183} INFO - Processing /opt/airflow/dags/play_with_airflow_connections_and_hooks.py took 0.075 seconds
[2024-03-18T03:26:04.783+0000] {processor.py:161} INFO - Started process (PID=1952) to work on /opt/airflow/dags/play_with_airflow_connections_and_hooks.py
[2024-03-18T03:26:04.784+0000] {processor.py:830} INFO - Processing file /opt/airflow/dags/play_with_airflow_connections_and_hooks.py for tasks to queue
[2024-03-18T03:26:04.786+0000] {logging_mixin.py:188} INFO - [2024-03-18T03:26:04.786+0000] {dagbag.py:538} INFO - Filling up the DagBag from /opt/airflow/dags/play_with_airflow_connections_and_hooks.py
[2024-03-18T03:26:04.794+0000] {processor.py:840} INFO - DAG(s) 'play_with_airflow_connections_and_hooks' retrieved from /opt/airflow/dags/play_with_airflow_connections_and_hooks.py
[2024-03-18T03:26:04.817+0000] {logging_mixin.py:188} INFO - [2024-03-18T03:26:04.817+0000] {dag.py:3033} INFO - Sync 1 DAGs
[2024-03-18T03:26:04.840+0000] {logging_mixin.py:188} INFO - [2024-03-18T03:26:04.839+0000] {dag.py:3820} INFO - Setting next_dagrun for play_with_airflow_connections_and_hooks to 2024-03-18T00:00:00+00:00, run_after=2024-03-19T00:00:00+00:00
[2024-03-18T03:26:04.860+0000] {processor.py:183} INFO - Processing /opt/airflow/dags/play_with_airflow_connections_and_hooks.py took 0.079 seconds
[2024-03-18T03:26:35.158+0000] {processor.py:161} INFO - Started process (PID=1990) to work on /opt/airflow/dags/play_with_airflow_connections_and_hooks.py
[2024-03-18T03:26:35.159+0000] {processor.py:830} INFO - Processing file /opt/airflow/dags/play_with_airflow_connections_and_hooks.py for tasks to queue
[2024-03-18T03:26:35.160+0000] {logging_mixin.py:188} INFO - [2024-03-18T03:26:35.160+0000] {dagbag.py:538} INFO - Filling up the DagBag from /opt/airflow/dags/play_with_airflow_connections_and_hooks.py
[2024-03-18T03:26:35.169+0000] {processor.py:840} INFO - DAG(s) 'play_with_airflow_connections_and_hooks' retrieved from /opt/airflow/dags/play_with_airflow_connections_and_hooks.py
[2024-03-18T03:26:35.195+0000] {logging_mixin.py:188} INFO - [2024-03-18T03:26:35.195+0000] {dag.py:3033} INFO - Sync 1 DAGs
[2024-03-18T03:26:35.221+0000] {logging_mixin.py:188} INFO - [2024-03-18T03:26:35.221+0000] {dag.py:3820} INFO - Setting next_dagrun for play_with_airflow_connections_and_hooks to 2024-03-18T00:00:00+00:00, run_after=2024-03-19T00:00:00+00:00
[2024-03-18T03:26:35.243+0000] {processor.py:183} INFO - Processing /opt/airflow/dags/play_with_airflow_connections_and_hooks.py took 0.088 seconds
[2024-03-18T03:27:05.642+0000] {processor.py:161} INFO - Started process (PID=2019) to work on /opt/airflow/dags/play_with_airflow_connections_and_hooks.py
[2024-03-18T03:27:05.642+0000] {processor.py:830} INFO - Processing file /opt/airflow/dags/play_with_airflow_connections_and_hooks.py for tasks to queue
[2024-03-18T03:27:05.644+0000] {logging_mixin.py:188} INFO - [2024-03-18T03:27:05.644+0000] {dagbag.py:538} INFO - Filling up the DagBag from /opt/airflow/dags/play_with_airflow_connections_and_hooks.py
[2024-03-18T03:27:05.653+0000] {processor.py:840} INFO - DAG(s) 'play_with_airflow_connections_and_hooks' retrieved from /opt/airflow/dags/play_with_airflow_connections_and_hooks.py
[2024-03-18T03:27:05.673+0000] {logging_mixin.py:188} INFO - [2024-03-18T03:27:05.673+0000] {dag.py:3033} INFO - Sync 1 DAGs
[2024-03-18T03:27:05.693+0000] {logging_mixin.py:188} INFO - [2024-03-18T03:27:05.692+0000] {dag.py:3820} INFO - Setting next_dagrun for play_with_airflow_connections_and_hooks to 2024-03-18T00:00:00+00:00, run_after=2024-03-19T00:00:00+00:00
[2024-03-18T03:27:05.714+0000] {processor.py:183} INFO - Processing /opt/airflow/dags/play_with_airflow_connections_and_hooks.py took 0.075 seconds
[2024-03-18T03:27:35.754+0000] {processor.py:161} INFO - Started process (PID=2061) to work on /opt/airflow/dags/play_with_airflow_connections_and_hooks.py
[2024-03-18T03:27:35.754+0000] {processor.py:830} INFO - Processing file /opt/airflow/dags/play_with_airflow_connections_and_hooks.py for tasks to queue
[2024-03-18T03:27:35.756+0000] {logging_mixin.py:188} INFO - [2024-03-18T03:27:35.756+0000] {dagbag.py:538} INFO - Filling up the DagBag from /opt/airflow/dags/play_with_airflow_connections_and_hooks.py
[2024-03-18T03:27:35.765+0000] {processor.py:840} INFO - DAG(s) 'play_with_airflow_connections_and_hooks' retrieved from /opt/airflow/dags/play_with_airflow_connections_and_hooks.py
[2024-03-18T03:27:35.789+0000] {logging_mixin.py:188} INFO - [2024-03-18T03:27:35.789+0000] {dag.py:3033} INFO - Sync 1 DAGs
[2024-03-18T03:27:35.814+0000] {logging_mixin.py:188} INFO - [2024-03-18T03:27:35.814+0000] {dag.py:3820} INFO - Setting next_dagrun for play_with_airflow_connections_and_hooks to 2024-03-18T00:00:00+00:00, run_after=2024-03-19T00:00:00+00:00
[2024-03-18T03:27:35.834+0000] {processor.py:183} INFO - Processing /opt/airflow/dags/play_with_airflow_connections_and_hooks.py took 0.084 seconds
[2024-03-18T03:28:06.377+0000] {processor.py:161} INFO - Started process (PID=2096) to work on /opt/airflow/dags/play_with_airflow_connections_and_hooks.py
[2024-03-18T03:28:06.378+0000] {processor.py:830} INFO - Processing file /opt/airflow/dags/play_with_airflow_connections_and_hooks.py for tasks to queue
[2024-03-18T03:28:06.380+0000] {logging_mixin.py:188} INFO - [2024-03-18T03:28:06.380+0000] {dagbag.py:538} INFO - Filling up the DagBag from /opt/airflow/dags/play_with_airflow_connections_and_hooks.py
[2024-03-18T03:28:06.388+0000] {processor.py:840} INFO - DAG(s) 'play_with_airflow_connections_and_hooks' retrieved from /opt/airflow/dags/play_with_airflow_connections_and_hooks.py
[2024-03-18T03:28:06.414+0000] {logging_mixin.py:188} INFO - [2024-03-18T03:28:06.414+0000] {dag.py:3033} INFO - Sync 1 DAGs
[2024-03-18T03:28:06.439+0000] {logging_mixin.py:188} INFO - [2024-03-18T03:28:06.439+0000] {dag.py:3820} INFO - Setting next_dagrun for play_with_airflow_connections_and_hooks to 2024-03-18T00:00:00+00:00, run_after=2024-03-19T00:00:00+00:00
[2024-03-18T03:28:06.458+0000] {processor.py:183} INFO - Processing /opt/airflow/dags/play_with_airflow_connections_and_hooks.py took 0.083 seconds
[2024-03-18T03:28:36.623+0000] {processor.py:161} INFO - Started process (PID=2131) to work on /opt/airflow/dags/play_with_airflow_connections_and_hooks.py
[2024-03-18T03:28:36.623+0000] {processor.py:830} INFO - Processing file /opt/airflow/dags/play_with_airflow_connections_and_hooks.py for tasks to queue
[2024-03-18T03:28:36.625+0000] {logging_mixin.py:188} INFO - [2024-03-18T03:28:36.625+0000] {dagbag.py:538} INFO - Filling up the DagBag from /opt/airflow/dags/play_with_airflow_connections_and_hooks.py
[2024-03-18T03:28:36.634+0000] {processor.py:840} INFO - DAG(s) 'play_with_airflow_connections_and_hooks' retrieved from /opt/airflow/dags/play_with_airflow_connections_and_hooks.py
[2024-03-18T03:28:36.655+0000] {logging_mixin.py:188} INFO - [2024-03-18T03:28:36.655+0000] {dag.py:3033} INFO - Sync 1 DAGs
[2024-03-18T03:28:36.675+0000] {logging_mixin.py:188} INFO - [2024-03-18T03:28:36.675+0000] {dag.py:3820} INFO - Setting next_dagrun for play_with_airflow_connections_and_hooks to 2024-03-18T00:00:00+00:00, run_after=2024-03-19T00:00:00+00:00
[2024-03-18T03:28:36.694+0000] {processor.py:183} INFO - Processing /opt/airflow/dags/play_with_airflow_connections_and_hooks.py took 0.074 seconds
[2024-03-18T03:29:07.114+0000] {processor.py:161} INFO - Started process (PID=2159) to work on /opt/airflow/dags/play_with_airflow_connections_and_hooks.py
[2024-03-18T03:29:07.115+0000] {processor.py:830} INFO - Processing file /opt/airflow/dags/play_with_airflow_connections_and_hooks.py for tasks to queue
[2024-03-18T03:29:07.116+0000] {logging_mixin.py:188} INFO - [2024-03-18T03:29:07.116+0000] {dagbag.py:538} INFO - Filling up the DagBag from /opt/airflow/dags/play_with_airflow_connections_and_hooks.py
[2024-03-18T03:29:07.125+0000] {processor.py:840} INFO - DAG(s) 'play_with_airflow_connections_and_hooks' retrieved from /opt/airflow/dags/play_with_airflow_connections_and_hooks.py
[2024-03-18T03:29:07.146+0000] {logging_mixin.py:188} INFO - [2024-03-18T03:29:07.146+0000] {dag.py:3033} INFO - Sync 1 DAGs
[2024-03-18T03:29:07.166+0000] {logging_mixin.py:188} INFO - [2024-03-18T03:29:07.165+0000] {dag.py:3820} INFO - Setting next_dagrun for play_with_airflow_connections_and_hooks to 2024-03-18T00:00:00+00:00, run_after=2024-03-19T00:00:00+00:00
[2024-03-18T03:29:07.191+0000] {processor.py:183} INFO - Processing /opt/airflow/dags/play_with_airflow_connections_and_hooks.py took 0.080 seconds
[2024-03-18T03:29:37.614+0000] {processor.py:161} INFO - Started process (PID=2192) to work on /opt/airflow/dags/play_with_airflow_connections_and_hooks.py
[2024-03-18T03:29:37.615+0000] {processor.py:830} INFO - Processing file /opt/airflow/dags/play_with_airflow_connections_and_hooks.py for tasks to queue
[2024-03-18T03:29:37.617+0000] {logging_mixin.py:188} INFO - [2024-03-18T03:29:37.617+0000] {dagbag.py:538} INFO - Filling up the DagBag from /opt/airflow/dags/play_with_airflow_connections_and_hooks.py
[2024-03-18T03:29:37.625+0000] {processor.py:840} INFO - DAG(s) 'play_with_airflow_connections_and_hooks' retrieved from /opt/airflow/dags/play_with_airflow_connections_and_hooks.py
[2024-03-18T03:29:37.651+0000] {logging_mixin.py:188} INFO - [2024-03-18T03:29:37.650+0000] {dag.py:3033} INFO - Sync 1 DAGs
[2024-03-18T03:29:37.670+0000] {logging_mixin.py:188} INFO - [2024-03-18T03:29:37.670+0000] {dag.py:3820} INFO - Setting next_dagrun for play_with_airflow_connections_and_hooks to 2024-03-18T00:00:00+00:00, run_after=2024-03-19T00:00:00+00:00
[2024-03-18T03:29:37.689+0000] {processor.py:183} INFO - Processing /opt/airflow/dags/play_with_airflow_connections_and_hooks.py took 0.078 seconds
