[2024-03-18T02:58:23.655+0000] {processor.py:161} INFO - Started process (PID=39) to work on /opt/airflow/dags/weather_api__dag.py
[2024-03-18T02:58:23.663+0000] {processor.py:830} INFO - Processing file /opt/airflow/dags/weather_api__dag.py for tasks to queue
[2024-03-18T02:58:23.665+0000] {logging_mixin.py:188} INFO - [2024-03-18T02:58:23.665+0000] {dagbag.py:538} INFO - Filling up the DagBag from /opt/airflow/dags/weather_api__dag.py
[2024-03-18T02:58:38.174+0000] {processor.py:840} INFO - DAG(s) 'weather_api_dag' retrieved from /opt/airflow/dags/weather_api__dag.py
[2024-03-18T02:58:38.226+0000] {logging_mixin.py:188} INFO - [2024-03-18T02:58:38.226+0000] {dag.py:3033} INFO - Sync 1 DAGs
[2024-03-18T02:58:38.264+0000] {logging_mixin.py:188} INFO - [2024-03-18T02:58:38.264+0000] {dag.py:3820} INFO - Setting next_dagrun for weather_api_dag to 2024-03-18T02:00:00+00:00, run_after=2024-03-18T03:00:00+00:00
[2024-03-18T02:58:38.287+0000] {processor.py:183} INFO - Processing /opt/airflow/dags/weather_api__dag.py took 14.636 seconds
[2024-03-18T02:59:08.917+0000] {processor.py:161} INFO - Started process (PID=92) to work on /opt/airflow/dags/weather_api__dag.py
[2024-03-18T02:59:08.918+0000] {processor.py:830} INFO - Processing file /opt/airflow/dags/weather_api__dag.py for tasks to queue
[2024-03-18T02:59:08.919+0000] {logging_mixin.py:188} INFO - [2024-03-18T02:59:08.919+0000] {dagbag.py:538} INFO - Filling up the DagBag from /opt/airflow/dags/weather_api__dag.py
[2024-03-18T02:59:11.829+0000] {processor.py:840} INFO - DAG(s) 'weather_api_dag' retrieved from /opt/airflow/dags/weather_api__dag.py
[2024-03-18T02:59:11.849+0000] {logging_mixin.py:188} INFO - [2024-03-18T02:59:11.849+0000] {dag.py:3033} INFO - Sync 1 DAGs
[2024-03-18T02:59:11.866+0000] {logging_mixin.py:188} INFO - [2024-03-18T02:59:11.866+0000] {dag.py:3820} INFO - Setting next_dagrun for weather_api_dag to 2024-03-18T02:00:00+00:00, run_after=2024-03-18T03:00:00+00:00
[2024-03-18T02:59:11.885+0000] {processor.py:183} INFO - Processing /opt/airflow/dags/weather_api__dag.py took 2.970 seconds
[2024-03-18T02:59:42.586+0000] {processor.py:161} INFO - Started process (PID=139) to work on /opt/airflow/dags/weather_api__dag.py
[2024-03-18T02:59:42.587+0000] {processor.py:830} INFO - Processing file /opt/airflow/dags/weather_api__dag.py for tasks to queue
[2024-03-18T02:59:42.589+0000] {logging_mixin.py:188} INFO - [2024-03-18T02:59:42.588+0000] {dagbag.py:538} INFO - Filling up the DagBag from /opt/airflow/dags/weather_api__dag.py
[2024-03-18T02:59:45.062+0000] {processor.py:840} INFO - DAG(s) 'weather_api_dag' retrieved from /opt/airflow/dags/weather_api__dag.py
[2024-03-18T02:59:45.081+0000] {logging_mixin.py:188} INFO - [2024-03-18T02:59:45.081+0000] {dag.py:3033} INFO - Sync 1 DAGs
[2024-03-18T02:59:45.103+0000] {logging_mixin.py:188} INFO - [2024-03-18T02:59:45.103+0000] {dag.py:3820} INFO - Setting next_dagrun for weather_api_dag to 2024-03-18T02:00:00+00:00, run_after=2024-03-18T03:00:00+00:00
[2024-03-18T02:59:45.123+0000] {processor.py:183} INFO - Processing /opt/airflow/dags/weather_api__dag.py took 2.539 seconds
[2024-03-18T03:00:15.537+0000] {processor.py:161} INFO - Started process (PID=181) to work on /opt/airflow/dags/weather_api__dag.py
[2024-03-18T03:00:15.537+0000] {processor.py:830} INFO - Processing file /opt/airflow/dags/weather_api__dag.py for tasks to queue
[2024-03-18T03:00:15.539+0000] {logging_mixin.py:188} INFO - [2024-03-18T03:00:15.539+0000] {dagbag.py:538} INFO - Filling up the DagBag from /opt/airflow/dags/weather_api__dag.py
[2024-03-18T03:00:18.101+0000] {processor.py:840} INFO - DAG(s) 'weather_api_dag' retrieved from /opt/airflow/dags/weather_api__dag.py
[2024-03-18T03:00:18.119+0000] {logging_mixin.py:188} INFO - [2024-03-18T03:00:18.119+0000] {dag.py:3033} INFO - Sync 1 DAGs
[2024-03-18T03:00:18.137+0000] {logging_mixin.py:188} INFO - [2024-03-18T03:00:18.137+0000] {dag.py:3820} INFO - Setting next_dagrun for weather_api_dag to 2024-03-18T03:00:00+00:00, run_after=2024-03-18T04:00:00+00:00
[2024-03-18T03:00:18.154+0000] {processor.py:183} INFO - Processing /opt/airflow/dags/weather_api__dag.py took 2.620 seconds
[2024-03-18T03:00:48.238+0000] {processor.py:161} INFO - Started process (PID=215) to work on /opt/airflow/dags/weather_api__dag.py
[2024-03-18T03:00:48.238+0000] {processor.py:830} INFO - Processing file /opt/airflow/dags/weather_api__dag.py for tasks to queue
[2024-03-18T03:00:48.240+0000] {logging_mixin.py:188} INFO - [2024-03-18T03:00:48.240+0000] {dagbag.py:538} INFO - Filling up the DagBag from /opt/airflow/dags/weather_api__dag.py
[2024-03-18T03:00:50.799+0000] {processor.py:840} INFO - DAG(s) 'weather_api_dag' retrieved from /opt/airflow/dags/weather_api__dag.py
[2024-03-18T03:00:50.822+0000] {logging_mixin.py:188} INFO - [2024-03-18T03:00:50.822+0000] {dag.py:3033} INFO - Sync 1 DAGs
[2024-03-18T03:00:50.839+0000] {logging_mixin.py:188} INFO - [2024-03-18T03:00:50.839+0000] {dag.py:3820} INFO - Setting next_dagrun for weather_api_dag to 2024-03-18T03:00:00+00:00, run_after=2024-03-18T04:00:00+00:00
[2024-03-18T03:00:50.858+0000] {processor.py:183} INFO - Processing /opt/airflow/dags/weather_api__dag.py took 2.623 seconds
[2024-03-18T03:01:21.209+0000] {processor.py:161} INFO - Started process (PID=251) to work on /opt/airflow/dags/weather_api__dag.py
[2024-03-18T03:01:21.210+0000] {processor.py:830} INFO - Processing file /opt/airflow/dags/weather_api__dag.py for tasks to queue
[2024-03-18T03:01:21.212+0000] {logging_mixin.py:188} INFO - [2024-03-18T03:01:21.212+0000] {dagbag.py:538} INFO - Filling up the DagBag from /opt/airflow/dags/weather_api__dag.py
[2024-03-18T03:01:23.769+0000] {processor.py:840} INFO - DAG(s) 'weather_api_dag' retrieved from /opt/airflow/dags/weather_api__dag.py
[2024-03-18T03:01:23.787+0000] {logging_mixin.py:188} INFO - [2024-03-18T03:01:23.787+0000] {dag.py:3033} INFO - Sync 1 DAGs
[2024-03-18T03:01:23.804+0000] {logging_mixin.py:188} INFO - [2024-03-18T03:01:23.803+0000] {dag.py:3820} INFO - Setting next_dagrun for weather_api_dag to 2024-03-18T03:00:00+00:00, run_after=2024-03-18T04:00:00+00:00
[2024-03-18T03:01:23.821+0000] {processor.py:183} INFO - Processing /opt/airflow/dags/weather_api__dag.py took 2.614 seconds
[2024-03-18T03:01:54.574+0000] {processor.py:161} INFO - Started process (PID=290) to work on /opt/airflow/dags/weather_api__dag.py
[2024-03-18T03:01:54.575+0000] {processor.py:830} INFO - Processing file /opt/airflow/dags/weather_api__dag.py for tasks to queue
[2024-03-18T03:01:54.577+0000] {logging_mixin.py:188} INFO - [2024-03-18T03:01:54.576+0000] {dagbag.py:538} INFO - Filling up the DagBag from /opt/airflow/dags/weather_api__dag.py
[2024-03-18T03:01:57.198+0000] {processor.py:840} INFO - DAG(s) 'weather_api_dag' retrieved from /opt/airflow/dags/weather_api__dag.py
[2024-03-18T03:01:57.216+0000] {logging_mixin.py:188} INFO - [2024-03-18T03:01:57.216+0000] {dag.py:3033} INFO - Sync 1 DAGs
[2024-03-18T03:01:57.232+0000] {logging_mixin.py:188} INFO - [2024-03-18T03:01:57.232+0000] {dag.py:3820} INFO - Setting next_dagrun for weather_api_dag to 2024-03-18T03:00:00+00:00, run_after=2024-03-18T04:00:00+00:00
[2024-03-18T03:01:57.250+0000] {processor.py:183} INFO - Processing /opt/airflow/dags/weather_api__dag.py took 2.680 seconds
[2024-03-18T03:02:27.607+0000] {processor.py:161} INFO - Started process (PID=324) to work on /opt/airflow/dags/weather_api__dag.py
[2024-03-18T03:02:27.608+0000] {processor.py:830} INFO - Processing file /opt/airflow/dags/weather_api__dag.py for tasks to queue
[2024-03-18T03:02:27.610+0000] {logging_mixin.py:188} INFO - [2024-03-18T03:02:27.609+0000] {dagbag.py:538} INFO - Filling up the DagBag from /opt/airflow/dags/weather_api__dag.py
[2024-03-18T03:02:30.109+0000] {processor.py:840} INFO - DAG(s) 'weather_api_dag' retrieved from /opt/airflow/dags/weather_api__dag.py
[2024-03-18T03:02:30.127+0000] {logging_mixin.py:188} INFO - [2024-03-18T03:02:30.127+0000] {dag.py:3033} INFO - Sync 1 DAGs
[2024-03-18T03:02:30.144+0000] {logging_mixin.py:188} INFO - [2024-03-18T03:02:30.144+0000] {dag.py:3820} INFO - Setting next_dagrun for weather_api_dag to 2024-03-18T03:00:00+00:00, run_after=2024-03-18T04:00:00+00:00
[2024-03-18T03:02:30.161+0000] {processor.py:183} INFO - Processing /opt/airflow/dags/weather_api__dag.py took 2.556 seconds
[2024-03-18T03:03:00.931+0000] {processor.py:161} INFO - Started process (PID=366) to work on /opt/airflow/dags/weather_api__dag.py
[2024-03-18T03:03:00.931+0000] {processor.py:830} INFO - Processing file /opt/airflow/dags/weather_api__dag.py for tasks to queue
[2024-03-18T03:03:00.933+0000] {logging_mixin.py:188} INFO - [2024-03-18T03:03:00.933+0000] {dagbag.py:538} INFO - Filling up the DagBag from /opt/airflow/dags/weather_api__dag.py
[2024-03-18T03:03:03.425+0000] {processor.py:840} INFO - DAG(s) 'weather_api_dag' retrieved from /opt/airflow/dags/weather_api__dag.py
[2024-03-18T03:03:03.443+0000] {logging_mixin.py:188} INFO - [2024-03-18T03:03:03.443+0000] {dag.py:3033} INFO - Sync 1 DAGs
[2024-03-18T03:03:03.460+0000] {logging_mixin.py:188} INFO - [2024-03-18T03:03:03.460+0000] {dag.py:3820} INFO - Setting next_dagrun for weather_api_dag to 2024-03-18T03:00:00+00:00, run_after=2024-03-18T04:00:00+00:00
[2024-03-18T03:03:03.478+0000] {processor.py:183} INFO - Processing /opt/airflow/dags/weather_api__dag.py took 2.550 seconds
[2024-03-18T03:03:33.988+0000] {processor.py:161} INFO - Started process (PID=407) to work on /opt/airflow/dags/weather_api__dag.py
[2024-03-18T03:03:33.989+0000] {processor.py:830} INFO - Processing file /opt/airflow/dags/weather_api__dag.py for tasks to queue
[2024-03-18T03:03:33.991+0000] {logging_mixin.py:188} INFO - [2024-03-18T03:03:33.990+0000] {dagbag.py:538} INFO - Filling up the DagBag from /opt/airflow/dags/weather_api__dag.py
[2024-03-18T03:03:36.982+0000] {processor.py:840} INFO - DAG(s) 'weather_api_dag' retrieved from /opt/airflow/dags/weather_api__dag.py
[2024-03-18T03:03:37.004+0000] {logging_mixin.py:188} INFO - [2024-03-18T03:03:37.004+0000] {dag.py:3033} INFO - Sync 1 DAGs
[2024-03-18T03:03:37.023+0000] {logging_mixin.py:188} INFO - [2024-03-18T03:03:37.023+0000] {dag.py:3820} INFO - Setting next_dagrun for weather_api_dag to 2024-03-18T03:00:00+00:00, run_after=2024-03-18T04:00:00+00:00
[2024-03-18T03:03:37.046+0000] {processor.py:183} INFO - Processing /opt/airflow/dags/weather_api__dag.py took 3.060 seconds
[2024-03-18T03:04:07.337+0000] {processor.py:161} INFO - Started process (PID=436) to work on /opt/airflow/dags/weather_api__dag.py
[2024-03-18T03:04:07.338+0000] {processor.py:830} INFO - Processing file /opt/airflow/dags/weather_api__dag.py for tasks to queue
[2024-03-18T03:04:07.340+0000] {logging_mixin.py:188} INFO - [2024-03-18T03:04:07.339+0000] {dagbag.py:538} INFO - Filling up the DagBag from /opt/airflow/dags/weather_api__dag.py
[2024-03-18T03:04:09.996+0000] {processor.py:840} INFO - DAG(s) 'weather_api_dag' retrieved from /opt/airflow/dags/weather_api__dag.py
[2024-03-18T03:04:10.015+0000] {logging_mixin.py:188} INFO - [2024-03-18T03:04:10.015+0000] {dag.py:3033} INFO - Sync 1 DAGs
[2024-03-18T03:04:10.037+0000] {logging_mixin.py:188} INFO - [2024-03-18T03:04:10.036+0000] {dag.py:3820} INFO - Setting next_dagrun for weather_api_dag to 2024-03-18T03:00:00+00:00, run_after=2024-03-18T04:00:00+00:00
[2024-03-18T03:04:10.061+0000] {processor.py:183} INFO - Processing /opt/airflow/dags/weather_api__dag.py took 2.726 seconds
[2024-03-18T03:04:40.674+0000] {processor.py:161} INFO - Started process (PID=475) to work on /opt/airflow/dags/weather_api__dag.py
[2024-03-18T03:04:40.675+0000] {processor.py:830} INFO - Processing file /opt/airflow/dags/weather_api__dag.py for tasks to queue
[2024-03-18T03:04:40.676+0000] {logging_mixin.py:188} INFO - [2024-03-18T03:04:40.676+0000] {dagbag.py:538} INFO - Filling up the DagBag from /opt/airflow/dags/weather_api__dag.py
[2024-03-18T03:04:43.244+0000] {processor.py:840} INFO - DAG(s) 'weather_api_dag' retrieved from /opt/airflow/dags/weather_api__dag.py
[2024-03-18T03:04:43.262+0000] {logging_mixin.py:188} INFO - [2024-03-18T03:04:43.262+0000] {dag.py:3033} INFO - Sync 1 DAGs
[2024-03-18T03:04:43.278+0000] {logging_mixin.py:188} INFO - [2024-03-18T03:04:43.278+0000] {dag.py:3820} INFO - Setting next_dagrun for weather_api_dag to 2024-03-18T03:00:00+00:00, run_after=2024-03-18T04:00:00+00:00
[2024-03-18T03:04:43.295+0000] {processor.py:183} INFO - Processing /opt/airflow/dags/weather_api__dag.py took 2.623 seconds
[2024-03-18T03:05:14.063+0000] {processor.py:161} INFO - Started process (PID=509) to work on /opt/airflow/dags/weather_api__dag.py
[2024-03-18T03:05:14.064+0000] {processor.py:830} INFO - Processing file /opt/airflow/dags/weather_api__dag.py for tasks to queue
[2024-03-18T03:05:14.065+0000] {logging_mixin.py:188} INFO - [2024-03-18T03:05:14.065+0000] {dagbag.py:538} INFO - Filling up the DagBag from /opt/airflow/dags/weather_api__dag.py
[2024-03-18T03:05:16.850+0000] {processor.py:840} INFO - DAG(s) 'weather_api_dag' retrieved from /opt/airflow/dags/weather_api__dag.py
[2024-03-18T03:05:16.874+0000] {logging_mixin.py:188} INFO - [2024-03-18T03:05:16.873+0000] {dag.py:3033} INFO - Sync 1 DAGs
[2024-03-18T03:05:16.891+0000] {logging_mixin.py:188} INFO - [2024-03-18T03:05:16.891+0000] {dag.py:3820} INFO - Setting next_dagrun for weather_api_dag to 2024-03-18T03:00:00+00:00, run_after=2024-03-18T04:00:00+00:00
[2024-03-18T03:05:16.915+0000] {processor.py:183} INFO - Processing /opt/airflow/dags/weather_api__dag.py took 2.854 seconds
[2024-03-18T03:05:47.778+0000] {processor.py:161} INFO - Started process (PID=555) to work on /opt/airflow/dags/weather_api__dag.py
[2024-03-18T03:05:47.779+0000] {processor.py:830} INFO - Processing file /opt/airflow/dags/weather_api__dag.py for tasks to queue
[2024-03-18T03:05:47.781+0000] {logging_mixin.py:188} INFO - [2024-03-18T03:05:47.780+0000] {dagbag.py:538} INFO - Filling up the DagBag from /opt/airflow/dags/weather_api__dag.py
[2024-03-18T03:05:50.292+0000] {processor.py:840} INFO - DAG(s) 'weather_api_dag' retrieved from /opt/airflow/dags/weather_api__dag.py
[2024-03-18T03:05:50.310+0000] {logging_mixin.py:188} INFO - [2024-03-18T03:05:50.309+0000] {dag.py:3033} INFO - Sync 1 DAGs
[2024-03-18T03:05:50.327+0000] {logging_mixin.py:188} INFO - [2024-03-18T03:05:50.327+0000] {dag.py:3820} INFO - Setting next_dagrun for weather_api_dag to 2024-03-18T03:00:00+00:00, run_after=2024-03-18T04:00:00+00:00
[2024-03-18T03:05:50.348+0000] {processor.py:183} INFO - Processing /opt/airflow/dags/weather_api__dag.py took 2.573 seconds
[2024-03-18T03:06:21.133+0000] {processor.py:161} INFO - Started process (PID=597) to work on /opt/airflow/dags/weather_api__dag.py
[2024-03-18T03:06:21.133+0000] {processor.py:830} INFO - Processing file /opt/airflow/dags/weather_api__dag.py for tasks to queue
[2024-03-18T03:06:21.135+0000] {logging_mixin.py:188} INFO - [2024-03-18T03:06:21.134+0000] {dagbag.py:538} INFO - Filling up the DagBag from /opt/airflow/dags/weather_api__dag.py
[2024-03-18T03:06:23.632+0000] {processor.py:840} INFO - DAG(s) 'weather_api_dag' retrieved from /opt/airflow/dags/weather_api__dag.py
[2024-03-18T03:06:23.650+0000] {logging_mixin.py:188} INFO - [2024-03-18T03:06:23.649+0000] {dag.py:3033} INFO - Sync 1 DAGs
[2024-03-18T03:06:23.667+0000] {logging_mixin.py:188} INFO - [2024-03-18T03:06:23.667+0000] {dag.py:3820} INFO - Setting next_dagrun for weather_api_dag to 2024-03-18T03:00:00+00:00, run_after=2024-03-18T04:00:00+00:00
[2024-03-18T03:06:23.683+0000] {processor.py:183} INFO - Processing /opt/airflow/dags/weather_api__dag.py took 2.553 seconds
[2024-03-18T03:06:54.507+0000] {processor.py:161} INFO - Started process (PID=639) to work on /opt/airflow/dags/weather_api__dag.py
[2024-03-18T03:06:54.508+0000] {processor.py:830} INFO - Processing file /opt/airflow/dags/weather_api__dag.py for tasks to queue
[2024-03-18T03:06:54.510+0000] {logging_mixin.py:188} INFO - [2024-03-18T03:06:54.509+0000] {dagbag.py:538} INFO - Filling up the DagBag from /opt/airflow/dags/weather_api__dag.py
[2024-03-18T03:06:57.288+0000] {processor.py:840} INFO - DAG(s) 'weather_api_dag' retrieved from /opt/airflow/dags/weather_api__dag.py
[2024-03-18T03:06:57.309+0000] {logging_mixin.py:188} INFO - [2024-03-18T03:06:57.309+0000] {dag.py:3033} INFO - Sync 1 DAGs
[2024-03-18T03:06:57.326+0000] {logging_mixin.py:188} INFO - [2024-03-18T03:06:57.326+0000] {dag.py:3820} INFO - Setting next_dagrun for weather_api_dag to 2024-03-18T03:00:00+00:00, run_after=2024-03-18T04:00:00+00:00
[2024-03-18T03:06:57.342+0000] {processor.py:183} INFO - Processing /opt/airflow/dags/weather_api__dag.py took 2.838 seconds
[2024-03-18T03:07:27.692+0000] {processor.py:161} INFO - Started process (PID=668) to work on /opt/airflow/dags/weather_api__dag.py
[2024-03-18T03:07:27.693+0000] {processor.py:830} INFO - Processing file /opt/airflow/dags/weather_api__dag.py for tasks to queue
[2024-03-18T03:07:27.694+0000] {logging_mixin.py:188} INFO - [2024-03-18T03:07:27.694+0000] {dagbag.py:538} INFO - Filling up the DagBag from /opt/airflow/dags/weather_api__dag.py
[2024-03-18T03:07:30.285+0000] {processor.py:840} INFO - DAG(s) 'weather_api_dag' retrieved from /opt/airflow/dags/weather_api__dag.py
[2024-03-18T03:07:30.303+0000] {logging_mixin.py:188} INFO - [2024-03-18T03:07:30.303+0000] {dag.py:3033} INFO - Sync 1 DAGs
[2024-03-18T03:07:30.320+0000] {logging_mixin.py:188} INFO - [2024-03-18T03:07:30.320+0000] {dag.py:3820} INFO - Setting next_dagrun for weather_api_dag to 2024-03-18T03:00:00+00:00, run_after=2024-03-18T04:00:00+00:00
[2024-03-18T03:07:30.338+0000] {processor.py:183} INFO - Processing /opt/airflow/dags/weather_api__dag.py took 2.649 seconds
[2024-03-18T03:08:01.039+0000] {processor.py:161} INFO - Started process (PID=707) to work on /opt/airflow/dags/weather_api__dag.py
[2024-03-18T03:08:01.040+0000] {processor.py:830} INFO - Processing file /opt/airflow/dags/weather_api__dag.py for tasks to queue
[2024-03-18T03:08:01.042+0000] {logging_mixin.py:188} INFO - [2024-03-18T03:08:01.042+0000] {dagbag.py:538} INFO - Filling up the DagBag from /opt/airflow/dags/weather_api__dag.py
[2024-03-18T03:08:03.558+0000] {processor.py:840} INFO - DAG(s) 'weather_api_dag' retrieved from /opt/airflow/dags/weather_api__dag.py
[2024-03-18T03:08:03.577+0000] {logging_mixin.py:188} INFO - [2024-03-18T03:08:03.577+0000] {dag.py:3033} INFO - Sync 1 DAGs
[2024-03-18T03:08:03.595+0000] {logging_mixin.py:188} INFO - [2024-03-18T03:08:03.595+0000] {dag.py:3820} INFO - Setting next_dagrun for weather_api_dag to 2024-03-18T03:00:00+00:00, run_after=2024-03-18T04:00:00+00:00
[2024-03-18T03:08:03.613+0000] {processor.py:183} INFO - Processing /opt/airflow/dags/weather_api__dag.py took 2.577 seconds
[2024-03-18T03:08:34.503+0000] {processor.py:161} INFO - Started process (PID=748) to work on /opt/airflow/dags/weather_api__dag.py
[2024-03-18T03:08:34.503+0000] {processor.py:830} INFO - Processing file /opt/airflow/dags/weather_api__dag.py for tasks to queue
[2024-03-18T03:08:34.505+0000] {logging_mixin.py:188} INFO - [2024-03-18T03:08:34.505+0000] {dagbag.py:538} INFO - Filling up the DagBag from /opt/airflow/dags/weather_api__dag.py
[2024-03-18T03:08:37.048+0000] {processor.py:840} INFO - DAG(s) 'weather_api_dag' retrieved from /opt/airflow/dags/weather_api__dag.py
[2024-03-18T03:08:37.067+0000] {logging_mixin.py:188} INFO - [2024-03-18T03:08:37.067+0000] {dag.py:3033} INFO - Sync 1 DAGs
[2024-03-18T03:08:37.084+0000] {logging_mixin.py:188} INFO - [2024-03-18T03:08:37.084+0000] {dag.py:3820} INFO - Setting next_dagrun for weather_api_dag to 2024-03-18T03:00:00+00:00, run_after=2024-03-18T04:00:00+00:00
[2024-03-18T03:08:37.101+0000] {processor.py:183} INFO - Processing /opt/airflow/dags/weather_api__dag.py took 2.602 seconds
[2024-03-18T03:09:07.850+0000] {processor.py:161} INFO - Started process (PID=783) to work on /opt/airflow/dags/weather_api__dag.py
[2024-03-18T03:09:07.851+0000] {processor.py:830} INFO - Processing file /opt/airflow/dags/weather_api__dag.py for tasks to queue
[2024-03-18T03:09:07.852+0000] {logging_mixin.py:188} INFO - [2024-03-18T03:09:07.852+0000] {dagbag.py:538} INFO - Filling up the DagBag from /opt/airflow/dags/weather_api__dag.py
[2024-03-18T03:09:10.362+0000] {processor.py:840} INFO - DAG(s) 'weather_api_dag' retrieved from /opt/airflow/dags/weather_api__dag.py
[2024-03-18T03:09:10.380+0000] {logging_mixin.py:188} INFO - [2024-03-18T03:09:10.380+0000] {dag.py:3033} INFO - Sync 1 DAGs
[2024-03-18T03:09:10.397+0000] {logging_mixin.py:188} INFO - [2024-03-18T03:09:10.396+0000] {dag.py:3820} INFO - Setting next_dagrun for weather_api_dag to 2024-03-18T03:00:00+00:00, run_after=2024-03-18T04:00:00+00:00
[2024-03-18T03:09:10.413+0000] {processor.py:183} INFO - Processing /opt/airflow/dags/weather_api__dag.py took 2.566 seconds
[2024-03-18T03:09:41.352+0000] {processor.py:161} INFO - Started process (PID=825) to work on /opt/airflow/dags/weather_api__dag.py
[2024-03-18T03:09:41.352+0000] {processor.py:830} INFO - Processing file /opt/airflow/dags/weather_api__dag.py for tasks to queue
[2024-03-18T03:09:41.354+0000] {logging_mixin.py:188} INFO - [2024-03-18T03:09:41.354+0000] {dagbag.py:538} INFO - Filling up the DagBag from /opt/airflow/dags/weather_api__dag.py
[2024-03-18T03:09:43.882+0000] {processor.py:840} INFO - DAG(s) 'weather_api_dag' retrieved from /opt/airflow/dags/weather_api__dag.py
[2024-03-18T03:09:43.904+0000] {logging_mixin.py:188} INFO - [2024-03-18T03:09:43.903+0000] {dag.py:3033} INFO - Sync 1 DAGs
[2024-03-18T03:09:43.920+0000] {logging_mixin.py:188} INFO - [2024-03-18T03:09:43.920+0000] {dag.py:3820} INFO - Setting next_dagrun for weather_api_dag to 2024-03-18T03:00:00+00:00, run_after=2024-03-18T04:00:00+00:00
[2024-03-18T03:09:43.939+0000] {processor.py:183} INFO - Processing /opt/airflow/dags/weather_api__dag.py took 2.590 seconds
[2024-03-18T03:10:14.738+0000] {processor.py:161} INFO - Started process (PID=863) to work on /opt/airflow/dags/weather_api__dag.py
[2024-03-18T03:10:14.739+0000] {processor.py:830} INFO - Processing file /opt/airflow/dags/weather_api__dag.py for tasks to queue
[2024-03-18T03:10:14.741+0000] {logging_mixin.py:188} INFO - [2024-03-18T03:10:14.741+0000] {dagbag.py:538} INFO - Filling up the DagBag from /opt/airflow/dags/weather_api__dag.py
[2024-03-18T03:10:17.969+0000] {processor.py:840} INFO - DAG(s) 'weather_api_dag' retrieved from /opt/airflow/dags/weather_api__dag.py
[2024-03-18T03:10:17.994+0000] {logging_mixin.py:188} INFO - [2024-03-18T03:10:17.993+0000] {dag.py:3033} INFO - Sync 1 DAGs
[2024-03-18T03:10:18.017+0000] {logging_mixin.py:188} INFO - [2024-03-18T03:10:18.016+0000] {dag.py:3820} INFO - Setting next_dagrun for weather_api_dag to 2024-03-18T03:00:00+00:00, run_after=2024-03-18T04:00:00+00:00
[2024-03-18T03:10:18.034+0000] {processor.py:183} INFO - Processing /opt/airflow/dags/weather_api__dag.py took 3.299 seconds
[2024-03-18T03:10:48.164+0000] {processor.py:161} INFO - Started process (PID=893) to work on /opt/airflow/dags/weather_api__dag.py
[2024-03-18T03:10:48.165+0000] {processor.py:830} INFO - Processing file /opt/airflow/dags/weather_api__dag.py for tasks to queue
[2024-03-18T03:10:48.167+0000] {logging_mixin.py:188} INFO - [2024-03-18T03:10:48.166+0000] {dagbag.py:538} INFO - Filling up the DagBag from /opt/airflow/dags/weather_api__dag.py
[2024-03-18T03:10:50.699+0000] {processor.py:840} INFO - DAG(s) 'weather_api_dag' retrieved from /opt/airflow/dags/weather_api__dag.py
[2024-03-18T03:10:50.719+0000] {logging_mixin.py:188} INFO - [2024-03-18T03:10:50.719+0000] {dag.py:3033} INFO - Sync 1 DAGs
[2024-03-18T03:10:50.735+0000] {logging_mixin.py:188} INFO - [2024-03-18T03:10:50.735+0000] {dag.py:3820} INFO - Setting next_dagrun for weather_api_dag to 2024-03-18T03:00:00+00:00, run_after=2024-03-18T04:00:00+00:00
[2024-03-18T03:10:50.753+0000] {processor.py:183} INFO - Processing /opt/airflow/dags/weather_api__dag.py took 2.592 seconds
[2024-03-18T03:11:20.794+0000] {processor.py:161} INFO - Started process (PID=939) to work on /opt/airflow/dags/weather_api__dag.py
[2024-03-18T03:11:20.795+0000] {processor.py:830} INFO - Processing file /opt/airflow/dags/weather_api__dag.py for tasks to queue
[2024-03-18T03:11:20.796+0000] {logging_mixin.py:188} INFO - [2024-03-18T03:11:20.796+0000] {dagbag.py:538} INFO - Filling up the DagBag from /opt/airflow/dags/weather_api__dag.py
[2024-03-18T03:11:23.315+0000] {processor.py:840} INFO - DAG(s) 'weather_api_dag' retrieved from /opt/airflow/dags/weather_api__dag.py
[2024-03-18T03:11:23.332+0000] {logging_mixin.py:188} INFO - [2024-03-18T03:11:23.332+0000] {dag.py:3033} INFO - Sync 1 DAGs
[2024-03-18T03:11:23.349+0000] {logging_mixin.py:188} INFO - [2024-03-18T03:11:23.349+0000] {dag.py:3820} INFO - Setting next_dagrun for weather_api_dag to 2024-03-18T03:00:00+00:00, run_after=2024-03-18T04:00:00+00:00
[2024-03-18T03:11:23.366+0000] {processor.py:183} INFO - Processing /opt/airflow/dags/weather_api__dag.py took 2.574 seconds
[2024-03-18T03:11:54.156+0000] {processor.py:161} INFO - Started process (PID=973) to work on /opt/airflow/dags/weather_api__dag.py
[2024-03-18T03:11:54.157+0000] {processor.py:830} INFO - Processing file /opt/airflow/dags/weather_api__dag.py for tasks to queue
[2024-03-18T03:11:54.158+0000] {logging_mixin.py:188} INFO - [2024-03-18T03:11:54.158+0000] {dagbag.py:538} INFO - Filling up the DagBag from /opt/airflow/dags/weather_api__dag.py
[2024-03-18T03:11:56.790+0000] {processor.py:840} INFO - DAG(s) 'weather_api_dag' retrieved from /opt/airflow/dags/weather_api__dag.py
[2024-03-18T03:11:56.810+0000] {logging_mixin.py:188} INFO - [2024-03-18T03:11:56.810+0000] {dag.py:3033} INFO - Sync 1 DAGs
[2024-03-18T03:11:56.828+0000] {logging_mixin.py:188} INFO - [2024-03-18T03:11:56.828+0000] {dag.py:3820} INFO - Setting next_dagrun for weather_api_dag to 2024-03-18T03:00:00+00:00, run_after=2024-03-18T04:00:00+00:00
[2024-03-18T03:11:56.846+0000] {processor.py:183} INFO - Processing /opt/airflow/dags/weather_api__dag.py took 2.693 seconds
[2024-03-18T03:12:26.988+0000] {processor.py:161} INFO - Started process (PID=1015) to work on /opt/airflow/dags/weather_api__dag.py
[2024-03-18T03:12:26.989+0000] {processor.py:830} INFO - Processing file /opt/airflow/dags/weather_api__dag.py for tasks to queue
[2024-03-18T03:12:26.991+0000] {logging_mixin.py:188} INFO - [2024-03-18T03:12:26.991+0000] {dagbag.py:538} INFO - Filling up the DagBag from /opt/airflow/dags/weather_api__dag.py
[2024-03-18T03:12:29.534+0000] {processor.py:840} INFO - DAG(s) 'weather_api_dag' retrieved from /opt/airflow/dags/weather_api__dag.py
[2024-03-18T03:12:29.552+0000] {logging_mixin.py:188} INFO - [2024-03-18T03:12:29.552+0000] {dag.py:3033} INFO - Sync 1 DAGs
[2024-03-18T03:12:29.569+0000] {logging_mixin.py:188} INFO - [2024-03-18T03:12:29.569+0000] {dag.py:3820} INFO - Setting next_dagrun for weather_api_dag to 2024-03-18T03:00:00+00:00, run_after=2024-03-18T04:00:00+00:00
[2024-03-18T03:12:29.585+0000] {processor.py:183} INFO - Processing /opt/airflow/dags/weather_api__dag.py took 2.599 seconds
[2024-03-18T03:12:59.959+0000] {processor.py:161} INFO - Started process (PID=1053) to work on /opt/airflow/dags/weather_api__dag.py
[2024-03-18T03:12:59.960+0000] {processor.py:830} INFO - Processing file /opt/airflow/dags/weather_api__dag.py for tasks to queue
[2024-03-18T03:12:59.962+0000] {logging_mixin.py:188} INFO - [2024-03-18T03:12:59.962+0000] {dagbag.py:538} INFO - Filling up the DagBag from /opt/airflow/dags/weather_api__dag.py
[2024-03-18T03:13:02.657+0000] {processor.py:840} INFO - DAG(s) 'weather_api_dag' retrieved from /opt/airflow/dags/weather_api__dag.py
[2024-03-18T03:13:02.674+0000] {logging_mixin.py:188} INFO - [2024-03-18T03:13:02.674+0000] {dag.py:3033} INFO - Sync 1 DAGs
[2024-03-18T03:13:02.691+0000] {logging_mixin.py:188} INFO - [2024-03-18T03:13:02.691+0000] {dag.py:3820} INFO - Setting next_dagrun for weather_api_dag to 2024-03-18T03:00:00+00:00, run_after=2024-03-18T04:00:00+00:00
[2024-03-18T03:13:02.707+0000] {processor.py:183} INFO - Processing /opt/airflow/dags/weather_api__dag.py took 2.751 seconds
[2024-03-18T03:13:33.278+0000] {processor.py:161} INFO - Started process (PID=1082) to work on /opt/airflow/dags/weather_api__dag.py
[2024-03-18T03:13:33.279+0000] {processor.py:830} INFO - Processing file /opt/airflow/dags/weather_api__dag.py for tasks to queue
[2024-03-18T03:13:33.280+0000] {logging_mixin.py:188} INFO - [2024-03-18T03:13:33.280+0000] {dagbag.py:538} INFO - Filling up the DagBag from /opt/airflow/dags/weather_api__dag.py
[2024-03-18T03:13:35.917+0000] {processor.py:840} INFO - DAG(s) 'weather_api_dag' retrieved from /opt/airflow/dags/weather_api__dag.py
[2024-03-18T03:13:35.938+0000] {logging_mixin.py:188} INFO - [2024-03-18T03:13:35.938+0000] {dag.py:3033} INFO - Sync 1 DAGs
[2024-03-18T03:13:35.955+0000] {logging_mixin.py:188} INFO - [2024-03-18T03:13:35.955+0000] {dag.py:3820} INFO - Setting next_dagrun for weather_api_dag to 2024-03-18T03:00:00+00:00, run_after=2024-03-18T04:00:00+00:00
[2024-03-18T03:13:35.977+0000] {processor.py:183} INFO - Processing /opt/airflow/dags/weather_api__dag.py took 2.701 seconds
[2024-03-18T03:14:06.324+0000] {processor.py:161} INFO - Started process (PID=1124) to work on /opt/airflow/dags/weather_api__dag.py
[2024-03-18T03:14:06.325+0000] {processor.py:830} INFO - Processing file /opt/airflow/dags/weather_api__dag.py for tasks to queue
[2024-03-18T03:14:06.326+0000] {logging_mixin.py:188} INFO - [2024-03-18T03:14:06.326+0000] {dagbag.py:538} INFO - Filling up the DagBag from /opt/airflow/dags/weather_api__dag.py
[2024-03-18T03:14:08.828+0000] {processor.py:840} INFO - DAG(s) 'weather_api_dag' retrieved from /opt/airflow/dags/weather_api__dag.py
[2024-03-18T03:14:08.845+0000] {logging_mixin.py:188} INFO - [2024-03-18T03:14:08.845+0000] {dag.py:3033} INFO - Sync 1 DAGs
[2024-03-18T03:14:08.862+0000] {logging_mixin.py:188} INFO - [2024-03-18T03:14:08.862+0000] {dag.py:3820} INFO - Setting next_dagrun for weather_api_dag to 2024-03-18T03:00:00+00:00, run_after=2024-03-18T04:00:00+00:00
[2024-03-18T03:14:08.880+0000] {processor.py:183} INFO - Processing /opt/airflow/dags/weather_api__dag.py took 2.559 seconds
[2024-03-18T03:14:39.236+0000] {processor.py:161} INFO - Started process (PID=1167) to work on /opt/airflow/dags/weather_api__dag.py
[2024-03-18T03:14:39.237+0000] {processor.py:830} INFO - Processing file /opt/airflow/dags/weather_api__dag.py for tasks to queue
[2024-03-18T03:14:39.239+0000] {logging_mixin.py:188} INFO - [2024-03-18T03:14:39.238+0000] {dagbag.py:538} INFO - Filling up the DagBag from /opt/airflow/dags/weather_api__dag.py
[2024-03-18T03:14:41.822+0000] {processor.py:840} INFO - DAG(s) 'weather_api_dag' retrieved from /opt/airflow/dags/weather_api__dag.py
[2024-03-18T03:14:41.844+0000] {logging_mixin.py:188} INFO - [2024-03-18T03:14:41.844+0000] {dag.py:3033} INFO - Sync 1 DAGs
[2024-03-18T03:14:41.861+0000] {logging_mixin.py:188} INFO - [2024-03-18T03:14:41.861+0000] {dag.py:3820} INFO - Setting next_dagrun for weather_api_dag to 2024-03-18T03:00:00+00:00, run_after=2024-03-18T04:00:00+00:00
[2024-03-18T03:14:41.882+0000] {processor.py:183} INFO - Processing /opt/airflow/dags/weather_api__dag.py took 2.648 seconds
[2024-03-18T03:15:12.120+0000] {processor.py:161} INFO - Started process (PID=1201) to work on /opt/airflow/dags/weather_api__dag.py
[2024-03-18T03:15:12.120+0000] {processor.py:830} INFO - Processing file /opt/airflow/dags/weather_api__dag.py for tasks to queue
[2024-03-18T03:15:12.122+0000] {logging_mixin.py:188} INFO - [2024-03-18T03:15:12.122+0000] {dagbag.py:538} INFO - Filling up the DagBag from /opt/airflow/dags/weather_api__dag.py
[2024-03-18T03:15:14.639+0000] {processor.py:840} INFO - DAG(s) 'weather_api_dag' retrieved from /opt/airflow/dags/weather_api__dag.py
[2024-03-18T03:15:14.657+0000] {logging_mixin.py:188} INFO - [2024-03-18T03:15:14.657+0000] {dag.py:3033} INFO - Sync 1 DAGs
[2024-03-18T03:15:14.673+0000] {logging_mixin.py:188} INFO - [2024-03-18T03:15:14.673+0000] {dag.py:3820} INFO - Setting next_dagrun for weather_api_dag to 2024-03-18T03:00:00+00:00, run_after=2024-03-18T04:00:00+00:00
[2024-03-18T03:15:14.690+0000] {processor.py:183} INFO - Processing /opt/airflow/dags/weather_api__dag.py took 2.573 seconds
[2024-03-18T03:15:45.493+0000] {processor.py:161} INFO - Started process (PID=1239) to work on /opt/airflow/dags/weather_api__dag.py
[2024-03-18T03:15:45.494+0000] {processor.py:830} INFO - Processing file /opt/airflow/dags/weather_api__dag.py for tasks to queue
[2024-03-18T03:15:45.495+0000] {logging_mixin.py:188} INFO - [2024-03-18T03:15:45.495+0000] {dagbag.py:538} INFO - Filling up the DagBag from /opt/airflow/dags/weather_api__dag.py
[2024-03-18T03:15:48.040+0000] {processor.py:840} INFO - DAG(s) 'weather_api_dag' retrieved from /opt/airflow/dags/weather_api__dag.py
[2024-03-18T03:15:48.057+0000] {logging_mixin.py:188} INFO - [2024-03-18T03:15:48.057+0000] {dag.py:3033} INFO - Sync 1 DAGs
[2024-03-18T03:15:48.074+0000] {logging_mixin.py:188} INFO - [2024-03-18T03:15:48.074+0000] {dag.py:3820} INFO - Setting next_dagrun for weather_api_dag to 2024-03-18T03:00:00+00:00, run_after=2024-03-18T04:00:00+00:00
[2024-03-18T03:15:48.092+0000] {processor.py:183} INFO - Processing /opt/airflow/dags/weather_api__dag.py took 2.602 seconds
[2024-03-18T03:16:19.048+0000] {processor.py:161} INFO - Started process (PID=1279) to work on /opt/airflow/dags/weather_api__dag.py
[2024-03-18T03:16:19.049+0000] {processor.py:830} INFO - Processing file /opt/airflow/dags/weather_api__dag.py for tasks to queue
[2024-03-18T03:16:19.051+0000] {logging_mixin.py:188} INFO - [2024-03-18T03:16:19.051+0000] {dagbag.py:538} INFO - Filling up the DagBag from /opt/airflow/dags/weather_api__dag.py
[2024-03-18T03:16:22.034+0000] {processor.py:840} INFO - DAG(s) 'weather_api_dag' retrieved from /opt/airflow/dags/weather_api__dag.py
[2024-03-18T03:16:22.062+0000] {logging_mixin.py:188} INFO - [2024-03-18T03:16:22.062+0000] {dag.py:3033} INFO - Sync 1 DAGs
[2024-03-18T03:16:22.079+0000] {logging_mixin.py:188} INFO - [2024-03-18T03:16:22.079+0000] {dag.py:3820} INFO - Setting next_dagrun for weather_api_dag to 2024-03-18T03:00:00+00:00, run_after=2024-03-18T04:00:00+00:00
[2024-03-18T03:16:22.096+0000] {processor.py:183} INFO - Processing /opt/airflow/dags/weather_api__dag.py took 3.051 seconds
[2024-03-18T03:16:52.292+0000] {processor.py:161} INFO - Started process (PID=1310) to work on /opt/airflow/dags/weather_api__dag.py
[2024-03-18T03:16:52.293+0000] {processor.py:830} INFO - Processing file /opt/airflow/dags/weather_api__dag.py for tasks to queue
[2024-03-18T03:16:52.294+0000] {logging_mixin.py:188} INFO - [2024-03-18T03:16:52.294+0000] {dagbag.py:538} INFO - Filling up the DagBag from /opt/airflow/dags/weather_api__dag.py
[2024-03-18T03:16:54.869+0000] {processor.py:840} INFO - DAG(s) 'weather_api_dag' retrieved from /opt/airflow/dags/weather_api__dag.py
[2024-03-18T03:16:54.887+0000] {logging_mixin.py:188} INFO - [2024-03-18T03:16:54.887+0000] {dag.py:3033} INFO - Sync 1 DAGs
[2024-03-18T03:16:54.903+0000] {logging_mixin.py:188} INFO - [2024-03-18T03:16:54.903+0000] {dag.py:3820} INFO - Setting next_dagrun for weather_api_dag to 2024-03-18T03:00:00+00:00, run_after=2024-03-18T04:00:00+00:00
[2024-03-18T03:16:54.920+0000] {processor.py:183} INFO - Processing /opt/airflow/dags/weather_api__dag.py took 2.630 seconds
[2024-03-18T03:17:25.840+0000] {processor.py:161} INFO - Started process (PID=1355) to work on /opt/airflow/dags/weather_api__dag.py
[2024-03-18T03:17:25.841+0000] {processor.py:830} INFO - Processing file /opt/airflow/dags/weather_api__dag.py for tasks to queue
[2024-03-18T03:17:25.843+0000] {logging_mixin.py:188} INFO - [2024-03-18T03:17:25.843+0000] {dagbag.py:538} INFO - Filling up the DagBag from /opt/airflow/dags/weather_api__dag.py
[2024-03-18T03:17:28.395+0000] {processor.py:840} INFO - DAG(s) 'weather_api_dag' retrieved from /opt/airflow/dags/weather_api__dag.py
[2024-03-18T03:17:28.413+0000] {logging_mixin.py:188} INFO - [2024-03-18T03:17:28.413+0000] {dag.py:3033} INFO - Sync 1 DAGs
[2024-03-18T03:17:28.430+0000] {logging_mixin.py:188} INFO - [2024-03-18T03:17:28.430+0000] {dag.py:3820} INFO - Setting next_dagrun for weather_api_dag to 2024-03-18T03:00:00+00:00, run_after=2024-03-18T04:00:00+00:00
[2024-03-18T03:17:28.447+0000] {processor.py:183} INFO - Processing /opt/airflow/dags/weather_api__dag.py took 2.610 seconds
[2024-03-18T03:17:59.336+0000] {processor.py:161} INFO - Started process (PID=1400) to work on /opt/airflow/dags/weather_api__dag.py
[2024-03-18T03:17:59.337+0000] {processor.py:830} INFO - Processing file /opt/airflow/dags/weather_api__dag.py for tasks to queue
[2024-03-18T03:17:59.339+0000] {logging_mixin.py:188} INFO - [2024-03-18T03:17:59.339+0000] {dagbag.py:538} INFO - Filling up the DagBag from /opt/airflow/dags/weather_api__dag.py
[2024-03-18T03:18:01.885+0000] {processor.py:840} INFO - DAG(s) 'weather_api_dag' retrieved from /opt/airflow/dags/weather_api__dag.py
[2024-03-18T03:18:01.903+0000] {logging_mixin.py:188} INFO - [2024-03-18T03:18:01.903+0000] {dag.py:3033} INFO - Sync 1 DAGs
[2024-03-18T03:18:01.922+0000] {logging_mixin.py:188} INFO - [2024-03-18T03:18:01.922+0000] {dag.py:3820} INFO - Setting next_dagrun for weather_api_dag to 2024-03-18T03:00:00+00:00, run_after=2024-03-18T04:00:00+00:00
[2024-03-18T03:18:01.942+0000] {processor.py:183} INFO - Processing /opt/airflow/dags/weather_api__dag.py took 2.609 seconds
[2024-03-18T03:18:32.667+0000] {processor.py:161} INFO - Started process (PID=1434) to work on /opt/airflow/dags/weather_api__dag.py
[2024-03-18T03:18:32.668+0000] {processor.py:830} INFO - Processing file /opt/airflow/dags/weather_api__dag.py for tasks to queue
[2024-03-18T03:18:32.670+0000] {logging_mixin.py:188} INFO - [2024-03-18T03:18:32.669+0000] {dagbag.py:538} INFO - Filling up the DagBag from /opt/airflow/dags/weather_api__dag.py
[2024-03-18T03:18:35.237+0000] {processor.py:840} INFO - DAG(s) 'weather_api_dag' retrieved from /opt/airflow/dags/weather_api__dag.py
[2024-03-18T03:18:35.255+0000] {logging_mixin.py:188} INFO - [2024-03-18T03:18:35.255+0000] {dag.py:3033} INFO - Sync 1 DAGs
[2024-03-18T03:18:35.271+0000] {logging_mixin.py:188} INFO - [2024-03-18T03:18:35.271+0000] {dag.py:3820} INFO - Setting next_dagrun for weather_api_dag to 2024-03-18T03:00:00+00:00, run_after=2024-03-18T04:00:00+00:00
[2024-03-18T03:18:35.288+0000] {processor.py:183} INFO - Processing /opt/airflow/dags/weather_api__dag.py took 2.623 seconds
[2024-03-18T03:19:06.149+0000] {processor.py:161} INFO - Started process (PID=1473) to work on /opt/airflow/dags/weather_api__dag.py
[2024-03-18T03:19:06.151+0000] {processor.py:830} INFO - Processing file /opt/airflow/dags/weather_api__dag.py for tasks to queue
[2024-03-18T03:19:06.153+0000] {logging_mixin.py:188} INFO - [2024-03-18T03:19:06.152+0000] {dagbag.py:538} INFO - Filling up the DagBag from /opt/airflow/dags/weather_api__dag.py
[2024-03-18T03:19:09.415+0000] {processor.py:840} INFO - DAG(s) 'weather_api_dag' retrieved from /opt/airflow/dags/weather_api__dag.py
[2024-03-18T03:19:09.447+0000] {logging_mixin.py:188} INFO - [2024-03-18T03:19:09.447+0000] {dag.py:3033} INFO - Sync 1 DAGs
[2024-03-18T03:19:09.473+0000] {logging_mixin.py:188} INFO - [2024-03-18T03:19:09.473+0000] {dag.py:3820} INFO - Setting next_dagrun for weather_api_dag to 2024-03-18T03:00:00+00:00, run_after=2024-03-18T04:00:00+00:00
[2024-03-18T03:19:09.496+0000] {processor.py:183} INFO - Processing /opt/airflow/dags/weather_api__dag.py took 3.350 seconds
[2024-03-18T03:19:40.513+0000] {processor.py:161} INFO - Started process (PID=1510) to work on /opt/airflow/dags/weather_api__dag.py
[2024-03-18T03:19:40.514+0000] {processor.py:830} INFO - Processing file /opt/airflow/dags/weather_api__dag.py for tasks to queue
[2024-03-18T03:19:40.515+0000] {logging_mixin.py:188} INFO - [2024-03-18T03:19:40.515+0000] {dagbag.py:538} INFO - Filling up the DagBag from /opt/airflow/dags/weather_api__dag.py
[2024-03-18T03:19:43.840+0000] {processor.py:840} INFO - DAG(s) 'weather_api_dag' retrieved from /opt/airflow/dags/weather_api__dag.py
[2024-03-18T03:19:43.868+0000] {logging_mixin.py:188} INFO - [2024-03-18T03:19:43.867+0000] {dag.py:3033} INFO - Sync 1 DAGs
[2024-03-18T03:19:43.895+0000] {logging_mixin.py:188} INFO - [2024-03-18T03:19:43.895+0000] {dag.py:3820} INFO - Setting next_dagrun for weather_api_dag to 2024-03-18T03:00:00+00:00, run_after=2024-03-18T04:00:00+00:00
[2024-03-18T03:19:43.918+0000] {processor.py:183} INFO - Processing /opt/airflow/dags/weather_api__dag.py took 3.408 seconds
[2024-03-18T03:20:14.277+0000] {processor.py:161} INFO - Started process (PID=1544) to work on /opt/airflow/dags/weather_api__dag.py
[2024-03-18T03:20:14.277+0000] {processor.py:830} INFO - Processing file /opt/airflow/dags/weather_api__dag.py for tasks to queue
[2024-03-18T03:20:14.279+0000] {logging_mixin.py:188} INFO - [2024-03-18T03:20:14.279+0000] {dagbag.py:538} INFO - Filling up the DagBag from /opt/airflow/dags/weather_api__dag.py
[2024-03-18T03:20:17.800+0000] {processor.py:840} INFO - DAG(s) 'weather_api_dag' retrieved from /opt/airflow/dags/weather_api__dag.py
[2024-03-18T03:20:17.821+0000] {logging_mixin.py:188} INFO - [2024-03-18T03:20:17.821+0000] {dag.py:3033} INFO - Sync 1 DAGs
[2024-03-18T03:20:17.839+0000] {logging_mixin.py:188} INFO - [2024-03-18T03:20:17.839+0000] {dag.py:3820} INFO - Setting next_dagrun for weather_api_dag to 2024-03-18T03:00:00+00:00, run_after=2024-03-18T04:00:00+00:00
[2024-03-18T03:20:17.857+0000] {processor.py:183} INFO - Processing /opt/airflow/dags/weather_api__dag.py took 3.584 seconds
[2024-03-18T03:20:48.394+0000] {processor.py:161} INFO - Started process (PID=1586) to work on /opt/airflow/dags/weather_api__dag.py
[2024-03-18T03:20:48.394+0000] {processor.py:830} INFO - Processing file /opt/airflow/dags/weather_api__dag.py for tasks to queue
[2024-03-18T03:20:48.396+0000] {logging_mixin.py:188} INFO - [2024-03-18T03:20:48.396+0000] {dagbag.py:538} INFO - Filling up the DagBag from /opt/airflow/dags/weather_api__dag.py
[2024-03-18T03:20:51.280+0000] {processor.py:840} INFO - DAG(s) 'weather_api_dag' retrieved from /opt/airflow/dags/weather_api__dag.py
[2024-03-18T03:20:51.298+0000] {logging_mixin.py:188} INFO - [2024-03-18T03:20:51.298+0000] {dag.py:3033} INFO - Sync 1 DAGs
[2024-03-18T03:20:51.314+0000] {logging_mixin.py:188} INFO - [2024-03-18T03:20:51.314+0000] {dag.py:3820} INFO - Setting next_dagrun for weather_api_dag to 2024-03-18T03:00:00+00:00, run_after=2024-03-18T04:00:00+00:00
[2024-03-18T03:20:51.332+0000] {processor.py:183} INFO - Processing /opt/airflow/dags/weather_api__dag.py took 2.942 seconds
[2024-03-18T03:21:22.074+0000] {processor.py:161} INFO - Started process (PID=1628) to work on /opt/airflow/dags/weather_api__dag.py
[2024-03-18T03:21:22.074+0000] {processor.py:830} INFO - Processing file /opt/airflow/dags/weather_api__dag.py for tasks to queue
[2024-03-18T03:21:22.076+0000] {logging_mixin.py:188} INFO - [2024-03-18T03:21:22.076+0000] {dagbag.py:538} INFO - Filling up the DagBag from /opt/airflow/dags/weather_api__dag.py
[2024-03-18T03:21:24.656+0000] {processor.py:840} INFO - DAG(s) 'weather_api_dag' retrieved from /opt/airflow/dags/weather_api__dag.py
[2024-03-18T03:21:24.674+0000] {logging_mixin.py:188} INFO - [2024-03-18T03:21:24.674+0000] {dag.py:3033} INFO - Sync 1 DAGs
[2024-03-18T03:21:24.692+0000] {logging_mixin.py:188} INFO - [2024-03-18T03:21:24.691+0000] {dag.py:3820} INFO - Setting next_dagrun for weather_api_dag to 2024-03-18T03:00:00+00:00, run_after=2024-03-18T04:00:00+00:00
[2024-03-18T03:21:24.708+0000] {processor.py:183} INFO - Processing /opt/airflow/dags/weather_api__dag.py took 2.638 seconds
[2024-03-18T03:21:54.914+0000] {processor.py:161} INFO - Started process (PID=1662) to work on /opt/airflow/dags/weather_api__dag.py
[2024-03-18T03:21:54.915+0000] {processor.py:830} INFO - Processing file /opt/airflow/dags/weather_api__dag.py for tasks to queue
[2024-03-18T03:21:54.916+0000] {logging_mixin.py:188} INFO - [2024-03-18T03:21:54.916+0000] {dagbag.py:538} INFO - Filling up the DagBag from /opt/airflow/dags/weather_api__dag.py
[2024-03-18T03:21:57.661+0000] {processor.py:840} INFO - DAG(s) 'weather_api_dag' retrieved from /opt/airflow/dags/weather_api__dag.py
[2024-03-18T03:21:57.680+0000] {logging_mixin.py:188} INFO - [2024-03-18T03:21:57.680+0000] {dag.py:3033} INFO - Sync 1 DAGs
[2024-03-18T03:21:57.697+0000] {logging_mixin.py:188} INFO - [2024-03-18T03:21:57.696+0000] {dag.py:3820} INFO - Setting next_dagrun for weather_api_dag to 2024-03-18T03:00:00+00:00, run_after=2024-03-18T04:00:00+00:00
[2024-03-18T03:21:57.716+0000] {processor.py:183} INFO - Processing /opt/airflow/dags/weather_api__dag.py took 2.804 seconds
[2024-03-18T03:22:27.896+0000] {processor.py:161} INFO - Started process (PID=1698) to work on /opt/airflow/dags/weather_api__dag.py
[2024-03-18T03:22:27.897+0000] {processor.py:830} INFO - Processing file /opt/airflow/dags/weather_api__dag.py for tasks to queue
[2024-03-18T03:22:27.899+0000] {logging_mixin.py:188} INFO - [2024-03-18T03:22:27.899+0000] {dagbag.py:538} INFO - Filling up the DagBag from /opt/airflow/dags/weather_api__dag.py
[2024-03-18T03:22:30.809+0000] {processor.py:840} INFO - DAG(s) 'weather_api_dag' retrieved from /opt/airflow/dags/weather_api__dag.py
[2024-03-18T03:22:30.828+0000] {logging_mixin.py:188} INFO - [2024-03-18T03:22:30.828+0000] {dag.py:3033} INFO - Sync 1 DAGs
[2024-03-18T03:22:30.845+0000] {logging_mixin.py:188} INFO - [2024-03-18T03:22:30.845+0000] {dag.py:3820} INFO - Setting next_dagrun for weather_api_dag to 2024-03-18T03:00:00+00:00, run_after=2024-03-18T04:00:00+00:00
[2024-03-18T03:22:30.864+0000] {processor.py:183} INFO - Processing /opt/airflow/dags/weather_api__dag.py took 2.971 seconds
[2024-03-18T03:23:01.451+0000] {processor.py:161} INFO - Started process (PID=1738) to work on /opt/airflow/dags/weather_api__dag.py
[2024-03-18T03:23:01.452+0000] {processor.py:830} INFO - Processing file /opt/airflow/dags/weather_api__dag.py for tasks to queue
[2024-03-18T03:23:01.454+0000] {logging_mixin.py:188} INFO - [2024-03-18T03:23:01.454+0000] {dagbag.py:538} INFO - Filling up the DagBag from /opt/airflow/dags/weather_api__dag.py
[2024-03-18T03:23:04.037+0000] {processor.py:840} INFO - DAG(s) 'weather_api_dag' retrieved from /opt/airflow/dags/weather_api__dag.py
[2024-03-18T03:23:04.054+0000] {logging_mixin.py:188} INFO - [2024-03-18T03:23:04.054+0000] {dag.py:3033} INFO - Sync 1 DAGs
[2024-03-18T03:23:04.071+0000] {logging_mixin.py:188} INFO - [2024-03-18T03:23:04.071+0000] {dag.py:3820} INFO - Setting next_dagrun for weather_api_dag to 2024-03-18T03:00:00+00:00, run_after=2024-03-18T04:00:00+00:00
[2024-03-18T03:23:04.088+0000] {processor.py:183} INFO - Processing /opt/airflow/dags/weather_api__dag.py took 2.640 seconds
[2024-03-18T03:23:34.469+0000] {processor.py:161} INFO - Started process (PID=1776) to work on /opt/airflow/dags/weather_api__dag.py
[2024-03-18T03:23:34.469+0000] {processor.py:830} INFO - Processing file /opt/airflow/dags/weather_api__dag.py for tasks to queue
[2024-03-18T03:23:34.471+0000] {logging_mixin.py:188} INFO - [2024-03-18T03:23:34.471+0000] {dagbag.py:538} INFO - Filling up the DagBag from /opt/airflow/dags/weather_api__dag.py
[2024-03-18T03:23:36.955+0000] {processor.py:840} INFO - DAG(s) 'weather_api_dag' retrieved from /opt/airflow/dags/weather_api__dag.py
[2024-03-18T03:23:36.978+0000] {logging_mixin.py:188} INFO - [2024-03-18T03:23:36.978+0000] {dag.py:3033} INFO - Sync 1 DAGs
[2024-03-18T03:23:37.003+0000] {logging_mixin.py:188} INFO - [2024-03-18T03:23:37.003+0000] {dag.py:3820} INFO - Setting next_dagrun for weather_api_dag to 2024-03-18T03:00:00+00:00, run_after=2024-03-18T04:00:00+00:00
[2024-03-18T03:23:37.024+0000] {processor.py:183} INFO - Processing /opt/airflow/dags/weather_api__dag.py took 2.557 seconds
[2024-03-18T03:24:07.898+0000] {processor.py:161} INFO - Started process (PID=1820) to work on /opt/airflow/dags/weather_api__dag.py
[2024-03-18T03:24:07.899+0000] {processor.py:830} INFO - Processing file /opt/airflow/dags/weather_api__dag.py for tasks to queue
[2024-03-18T03:24:07.900+0000] {logging_mixin.py:188} INFO - [2024-03-18T03:24:07.900+0000] {dagbag.py:538} INFO - Filling up the DagBag from /opt/airflow/dags/weather_api__dag.py
[2024-03-18T03:24:10.478+0000] {processor.py:840} INFO - DAG(s) 'weather_api_dag' retrieved from /opt/airflow/dags/weather_api__dag.py
[2024-03-18T03:24:10.496+0000] {logging_mixin.py:188} INFO - [2024-03-18T03:24:10.496+0000] {dag.py:3033} INFO - Sync 1 DAGs
[2024-03-18T03:24:10.512+0000] {logging_mixin.py:188} INFO - [2024-03-18T03:24:10.512+0000] {dag.py:3820} INFO - Setting next_dagrun for weather_api_dag to 2024-03-18T03:00:00+00:00, run_after=2024-03-18T04:00:00+00:00
[2024-03-18T03:24:10.530+0000] {processor.py:183} INFO - Processing /opt/airflow/dags/weather_api__dag.py took 2.635 seconds
[2024-03-18T03:24:40.840+0000] {processor.py:161} INFO - Started process (PID=1862) to work on /opt/airflow/dags/weather_api__dag.py
[2024-03-18T03:24:40.840+0000] {processor.py:830} INFO - Processing file /opt/airflow/dags/weather_api__dag.py for tasks to queue
[2024-03-18T03:24:40.842+0000] {logging_mixin.py:188} INFO - [2024-03-18T03:24:40.842+0000] {dagbag.py:538} INFO - Filling up the DagBag from /opt/airflow/dags/weather_api__dag.py
[2024-03-18T03:24:43.342+0000] {processor.py:840} INFO - DAG(s) 'weather_api_dag' retrieved from /opt/airflow/dags/weather_api__dag.py
[2024-03-18T03:24:43.361+0000] {logging_mixin.py:188} INFO - [2024-03-18T03:24:43.361+0000] {dag.py:3033} INFO - Sync 1 DAGs
[2024-03-18T03:24:43.379+0000] {logging_mixin.py:188} INFO - [2024-03-18T03:24:43.379+0000] {dag.py:3820} INFO - Setting next_dagrun for weather_api_dag to 2024-03-18T03:00:00+00:00, run_after=2024-03-18T04:00:00+00:00
[2024-03-18T03:24:43.396+0000] {processor.py:183} INFO - Processing /opt/airflow/dags/weather_api__dag.py took 2.560 seconds
[2024-03-18T03:25:13.742+0000] {processor.py:161} INFO - Started process (PID=1893) to work on /opt/airflow/dags/weather_api__dag.py
[2024-03-18T03:25:13.743+0000] {processor.py:830} INFO - Processing file /opt/airflow/dags/weather_api__dag.py for tasks to queue
[2024-03-18T03:25:13.745+0000] {logging_mixin.py:188} INFO - [2024-03-18T03:25:13.745+0000] {dagbag.py:538} INFO - Filling up the DagBag from /opt/airflow/dags/weather_api__dag.py
[2024-03-18T03:25:16.727+0000] {processor.py:840} INFO - DAG(s) 'weather_api_dag' retrieved from /opt/airflow/dags/weather_api__dag.py
[2024-03-18T03:25:16.755+0000] {logging_mixin.py:188} INFO - [2024-03-18T03:25:16.755+0000] {dag.py:3033} INFO - Sync 1 DAGs
[2024-03-18T03:25:16.787+0000] {logging_mixin.py:188} INFO - [2024-03-18T03:25:16.786+0000] {dag.py:3820} INFO - Setting next_dagrun for weather_api_dag to 2024-03-18T03:00:00+00:00, run_after=2024-03-18T04:00:00+00:00
[2024-03-18T03:25:16.814+0000] {processor.py:183} INFO - Processing /opt/airflow/dags/weather_api__dag.py took 3.076 seconds
[2024-03-18T03:25:47.179+0000] {processor.py:161} INFO - Started process (PID=1930) to work on /opt/airflow/dags/weather_api__dag.py
[2024-03-18T03:25:47.180+0000] {processor.py:830} INFO - Processing file /opt/airflow/dags/weather_api__dag.py for tasks to queue
[2024-03-18T03:25:47.181+0000] {logging_mixin.py:188} INFO - [2024-03-18T03:25:47.181+0000] {dagbag.py:538} INFO - Filling up the DagBag from /opt/airflow/dags/weather_api__dag.py
[2024-03-18T03:25:49.627+0000] {processor.py:840} INFO - DAG(s) 'weather_api_dag' retrieved from /opt/airflow/dags/weather_api__dag.py
[2024-03-18T03:25:49.645+0000] {logging_mixin.py:188} INFO - [2024-03-18T03:25:49.645+0000] {dag.py:3033} INFO - Sync 1 DAGs
[2024-03-18T03:25:49.662+0000] {logging_mixin.py:188} INFO - [2024-03-18T03:25:49.662+0000] {dag.py:3820} INFO - Setting next_dagrun for weather_api_dag to 2024-03-18T03:00:00+00:00, run_after=2024-03-18T04:00:00+00:00
[2024-03-18T03:25:49.678+0000] {processor.py:183} INFO - Processing /opt/airflow/dags/weather_api__dag.py took 2.501 seconds
[2024-03-18T03:26:20.044+0000] {processor.py:161} INFO - Started process (PID=1972) to work on /opt/airflow/dags/weather_api__dag.py
[2024-03-18T03:26:20.045+0000] {processor.py:830} INFO - Processing file /opt/airflow/dags/weather_api__dag.py for tasks to queue
[2024-03-18T03:26:20.046+0000] {logging_mixin.py:188} INFO - [2024-03-18T03:26:20.046+0000] {dagbag.py:538} INFO - Filling up the DagBag from /opt/airflow/dags/weather_api__dag.py
[2024-03-18T03:26:22.594+0000] {processor.py:840} INFO - DAG(s) 'weather_api_dag' retrieved from /opt/airflow/dags/weather_api__dag.py
[2024-03-18T03:26:22.621+0000] {logging_mixin.py:188} INFO - [2024-03-18T03:26:22.621+0000] {dag.py:3033} INFO - Sync 1 DAGs
[2024-03-18T03:26:22.647+0000] {logging_mixin.py:188} INFO - [2024-03-18T03:26:22.647+0000] {dag.py:3820} INFO - Setting next_dagrun for weather_api_dag to 2024-03-18T03:00:00+00:00, run_after=2024-03-18T04:00:00+00:00
[2024-03-18T03:26:22.670+0000] {processor.py:183} INFO - Processing /opt/airflow/dags/weather_api__dag.py took 2.628 seconds
[2024-03-18T03:26:53.486+0000] {processor.py:161} INFO - Started process (PID=2006) to work on /opt/airflow/dags/weather_api__dag.py
[2024-03-18T03:26:53.487+0000] {processor.py:830} INFO - Processing file /opt/airflow/dags/weather_api__dag.py for tasks to queue
[2024-03-18T03:26:53.488+0000] {logging_mixin.py:188} INFO - [2024-03-18T03:26:53.488+0000] {dagbag.py:538} INFO - Filling up the DagBag from /opt/airflow/dags/weather_api__dag.py
[2024-03-18T03:26:55.954+0000] {processor.py:840} INFO - DAG(s) 'weather_api_dag' retrieved from /opt/airflow/dags/weather_api__dag.py
[2024-03-18T03:26:55.973+0000] {logging_mixin.py:188} INFO - [2024-03-18T03:26:55.973+0000] {dag.py:3033} INFO - Sync 1 DAGs
[2024-03-18T03:26:55.992+0000] {logging_mixin.py:188} INFO - [2024-03-18T03:26:55.992+0000] {dag.py:3820} INFO - Setting next_dagrun for weather_api_dag to 2024-03-18T03:00:00+00:00, run_after=2024-03-18T04:00:00+00:00
[2024-03-18T03:26:56.011+0000] {processor.py:183} INFO - Processing /opt/airflow/dags/weather_api__dag.py took 2.528 seconds
[2024-03-18T03:27:26.154+0000] {processor.py:161} INFO - Started process (PID=2048) to work on /opt/airflow/dags/weather_api__dag.py
[2024-03-18T03:27:26.154+0000] {processor.py:830} INFO - Processing file /opt/airflow/dags/weather_api__dag.py for tasks to queue
[2024-03-18T03:27:26.156+0000] {logging_mixin.py:188} INFO - [2024-03-18T03:27:26.156+0000] {dagbag.py:538} INFO - Filling up the DagBag from /opt/airflow/dags/weather_api__dag.py
[2024-03-18T03:27:28.638+0000] {processor.py:840} INFO - DAG(s) 'weather_api_dag' retrieved from /opt/airflow/dags/weather_api__dag.py
[2024-03-18T03:27:28.657+0000] {logging_mixin.py:188} INFO - [2024-03-18T03:27:28.657+0000] {dag.py:3033} INFO - Sync 1 DAGs
[2024-03-18T03:27:28.677+0000] {logging_mixin.py:188} INFO - [2024-03-18T03:27:28.677+0000] {dag.py:3820} INFO - Setting next_dagrun for weather_api_dag to 2024-03-18T03:00:00+00:00, run_after=2024-03-18T04:00:00+00:00
[2024-03-18T03:27:28.695+0000] {processor.py:183} INFO - Processing /opt/airflow/dags/weather_api__dag.py took 2.544 seconds
[2024-03-18T03:27:59.063+0000] {processor.py:161} INFO - Started process (PID=2087) to work on /opt/airflow/dags/weather_api__dag.py
[2024-03-18T03:27:59.064+0000] {processor.py:830} INFO - Processing file /opt/airflow/dags/weather_api__dag.py for tasks to queue
[2024-03-18T03:27:59.066+0000] {logging_mixin.py:188} INFO - [2024-03-18T03:27:59.066+0000] {dagbag.py:538} INFO - Filling up the DagBag from /opt/airflow/dags/weather_api__dag.py
[2024-03-18T03:28:02.256+0000] {processor.py:840} INFO - DAG(s) 'weather_api_dag' retrieved from /opt/airflow/dags/weather_api__dag.py
[2024-03-18T03:28:02.276+0000] {logging_mixin.py:188} INFO - [2024-03-18T03:28:02.276+0000] {dag.py:3033} INFO - Sync 1 DAGs
[2024-03-18T03:28:02.297+0000] {logging_mixin.py:188} INFO - [2024-03-18T03:28:02.297+0000] {dag.py:3820} INFO - Setting next_dagrun for weather_api_dag to 2024-03-18T03:00:00+00:00, run_after=2024-03-18T04:00:00+00:00
[2024-03-18T03:28:02.315+0000] {processor.py:183} INFO - Processing /opt/airflow/dags/weather_api__dag.py took 3.256 seconds
[2024-03-18T03:28:32.698+0000] {processor.py:161} INFO - Started process (PID=2116) to work on /opt/airflow/dags/weather_api__dag.py
[2024-03-18T03:28:32.698+0000] {processor.py:830} INFO - Processing file /opt/airflow/dags/weather_api__dag.py for tasks to queue
[2024-03-18T03:28:32.700+0000] {logging_mixin.py:188} INFO - [2024-03-18T03:28:32.700+0000] {dagbag.py:538} INFO - Filling up the DagBag from /opt/airflow/dags/weather_api__dag.py
[2024-03-18T03:28:35.474+0000] {processor.py:840} INFO - DAG(s) 'weather_api_dag' retrieved from /opt/airflow/dags/weather_api__dag.py
[2024-03-18T03:28:35.496+0000] {logging_mixin.py:188} INFO - [2024-03-18T03:28:35.495+0000] {dag.py:3033} INFO - Sync 1 DAGs
[2024-03-18T03:28:35.522+0000] {logging_mixin.py:188} INFO - [2024-03-18T03:28:35.522+0000] {dag.py:3820} INFO - Setting next_dagrun for weather_api_dag to 2024-03-18T03:00:00+00:00, run_after=2024-03-18T04:00:00+00:00
[2024-03-18T03:28:35.569+0000] {processor.py:183} INFO - Processing /opt/airflow/dags/weather_api__dag.py took 2.874 seconds
[2024-03-18T03:29:06.103+0000] {processor.py:161} INFO - Started process (PID=2157) to work on /opt/airflow/dags/weather_api__dag.py
[2024-03-18T03:29:06.103+0000] {processor.py:830} INFO - Processing file /opt/airflow/dags/weather_api__dag.py for tasks to queue
[2024-03-18T03:29:06.105+0000] {logging_mixin.py:188} INFO - [2024-03-18T03:29:06.105+0000] {dagbag.py:538} INFO - Filling up the DagBag from /opt/airflow/dags/weather_api__dag.py
[2024-03-18T03:29:08.660+0000] {processor.py:840} INFO - DAG(s) 'weather_api_dag' retrieved from /opt/airflow/dags/weather_api__dag.py
[2024-03-18T03:29:08.679+0000] {logging_mixin.py:188} INFO - [2024-03-18T03:29:08.679+0000] {dag.py:3033} INFO - Sync 1 DAGs
[2024-03-18T03:29:08.695+0000] {logging_mixin.py:188} INFO - [2024-03-18T03:29:08.695+0000] {dag.py:3820} INFO - Setting next_dagrun for weather_api_dag to 2024-03-18T03:00:00+00:00, run_after=2024-03-18T04:00:00+00:00
[2024-03-18T03:29:08.714+0000] {processor.py:183} INFO - Processing /opt/airflow/dags/weather_api__dag.py took 2.614 seconds
[2024-03-18T03:29:38.801+0000] {processor.py:161} INFO - Started process (PID=2203) to work on /opt/airflow/dags/weather_api__dag.py
[2024-03-18T03:29:38.802+0000] {processor.py:830} INFO - Processing file /opt/airflow/dags/weather_api__dag.py for tasks to queue
[2024-03-18T03:29:38.804+0000] {logging_mixin.py:188} INFO - [2024-03-18T03:29:38.803+0000] {dagbag.py:538} INFO - Filling up the DagBag from /opt/airflow/dags/weather_api__dag.py
[2024-03-18T03:29:41.432+0000] {processor.py:840} INFO - DAG(s) 'weather_api_dag' retrieved from /opt/airflow/dags/weather_api__dag.py
[2024-03-18T03:29:41.450+0000] {logging_mixin.py:188} INFO - [2024-03-18T03:29:41.450+0000] {dag.py:3033} INFO - Sync 1 DAGs
[2024-03-18T03:29:41.466+0000] {logging_mixin.py:188} INFO - [2024-03-18T03:29:41.466+0000] {dag.py:3820} INFO - Setting next_dagrun for weather_api_dag to 2024-03-18T03:00:00+00:00, run_after=2024-03-18T04:00:00+00:00
[2024-03-18T03:29:41.483+0000] {processor.py:183} INFO - Processing /opt/airflow/dags/weather_api__dag.py took 2.684 seconds
