[0m03:55:11.396535 [debug] [MainThread]: Sending event: {'category': 'dbt', 'action': 'invocation', 'label': 'start', 'context': [<snowplow_tracker.self_describing_json.SelfDescribingJson object at 0x7f958fdd1ea0>, <snowplow_tracker.self_describing_json.SelfDescribingJson object at 0x7f958d847c10>, <snowplow_tracker.self_describing_json.SelfDescribingJson object at 0x7f958d846b00>]}


============================== 03:55:11.418837 | 401a1d2b-9e3f-449e-bee7-305c5d33e418 ==============================
[0m03:55:11.418837 [info ] [MainThread]: Running with dbt=1.7.9
[0m03:55:11.419890 [debug] [MainThread]: running dbt with arguments {'printer_width': '80', 'indirect_selection': 'eager', 'log_cache_events': 'False', 'write_json': 'True', 'partial_parse': 'True', 'cache_selected_only': 'False', 'warn_error': 'None', 'debug': 'False', 'version_check': 'True', 'log_path': 'logs', 'profiles_dir': '/home/codespace/.dbt', 'fail_fast': 'False', 'use_colors': 'True', 'use_experimental_parser': 'False', 'no_print': 'None', 'quiet': 'False', 'warn_error_options': 'WarnErrorOptions(include=[], exclude=[])', 'static_parser': 'True', 'log_format': 'default', 'introspect': 'True', 'target_path': 'None', 'invocation_command': 'dbt init', 'send_anonymous_usage_stats': 'True'}
[0m03:55:11.420659 [warn ] [MainThread]: [ConfigFolderDirectory]: Unable to parse dict {'dir': PosixPath('/home/codespace/.dbt')}
[0m03:55:11.421401 [info ] [MainThread]: Creating dbt configuration folder at 
[0m03:55:39.900403 [debug] [MainThread]: Starter project path: /home/codespace/.cache/pypoetry/virtualenvs/weather-1CS2JGND-py3.10/lib/python3.10/site-packages/dbt/include/starter_project
[0m03:55:39.913928 [info ] [MainThread]: 
Your new dbt project "weather" was created!

For more information on how to configure the profiles.yml file,
please consult the dbt documentation here:

  https://docs.getdbt.com/docs/configure-your-profile

One more thing:

Need help? Don't hesitate to reach out to us via GitHub issues or on Slack:

  https://community.getdbt.com/

Happy modeling!

[0m03:55:39.915783 [info ] [MainThread]: Setting up your profile.
[0m04:00:32.039361 [info ] [MainThread]: Profile weather written to /home/codespace/.dbt/profiles.yml using target's profile_template.yml and your supplied values. Run 'dbt debug' to validate the connection.
[0m04:00:32.041776 [debug] [MainThread]: Resource report: {"command_name": "init", "command_success": true, "command_wall_clock_time": 320.64954, "process_user_time": 4.73704, "process_kernel_time": 0.399217, "process_mem_max_rss": "93780", "process_in_blocks": "2264", "process_out_blocks": "22624"}
[0m04:00:32.043422 [debug] [MainThread]: Command `dbt init` succeeded at 04:00:32.042814 after 320.65 seconds
[0m04:00:32.045113 [debug] [MainThread]: Sending event: {'category': 'dbt', 'action': 'invocation', 'label': 'end', 'context': [<snowplow_tracker.self_describing_json.SelfDescribingJson object at 0x7f958fdd1ea0>, <snowplow_tracker.self_describing_json.SelfDescribingJson object at 0x7f9590d72830>, <snowplow_tracker.self_describing_json.SelfDescribingJson object at 0x7f958dcfcf10>]}
[0m04:00:32.046164 [debug] [MainThread]: Flushing usage events
